<Event xmlns="http://schemas.microsoft.com/win/2004/08/events/event"><System><Provider Name="Microsoft-Windows-Security-Auditing" Guid="{54849625-5478-4994-a5ba-3e3b0328c30d}"></Provider>
<EventID Qualifiers="">4689</EventID>
<Version>0</Version>
<Level>0</Level>
<Task>13313</Task>
<Opcode>0</Opcode>
<Keywords>0x8020000000000000</Keywords>
<TimeCreated SystemTime="2022-02-22 21:29:47.158642"></TimeCreated>
<EventRecordID>2653</EventRecordID>
<Correlation ActivityID="" RelatedActivityID=""></Correlation>
<Execution ProcessID="4" ThreadID="44"></Execution>
<Channel>Security</Channel>
<Computer>Victim-PC</Computer>
<Security UserID=""></Security>
</System>
<EventData><Data Name="SubjectUserSid">S-1-5-21-3080150547-3547025272-4171403288-1001</Data>
<Data Name="SubjectUserName">Victim</Data>
<Data Name="SubjectDomainName">Victim-PC</Data>
<Data Name="SubjectLogonId">0x000000000081b0f2</Data>
<Data Name="Status">0x00000000</Data>
<Data Name="ProcessId">0x0000000000001390</Data>
<Data Name="ProcessName">C:\Windows\System32\TSTheme.exe</Data>
</EventData>
</Event>

<Event xmlns="http://schemas.microsoft.com/win/2004/08/events/event"><System><Provider Name="Microsoft-Windows-Security-Auditing" Guid="{54849625-5478-4994-a5ba-3e3b0328c30d}"></Provider>
<EventID Qualifiers="">4688</EventID>
<Version>1</Version>
<Level>0</Level>
<Task>13312</Task>
<Opcode>0</Opcode>
<Keywords>0x8020000000000000</Keywords>
<TimeCreated SystemTime="2022-02-22 21:29:59.174269"></TimeCreated>
<EventRecordID>2654</EventRecordID>
<Correlation ActivityID="" RelatedActivityID=""></Correlation>
<Execution ProcessID="4" ThreadID="64"></Execution>
<Channel>Security</Channel>
<Computer>Victim-PC</Computer>
<Security UserID=""></Security>
</System>
<EventData><Data Name="SubjectUserSid">S-1-5-18</Data>
<Data Name="SubjectUserName">VICTIM-PC$</Data>
<Data Name="SubjectDomainName">WORKGROUP</Data>
<Data Name="SubjectLogonId">0x00000000000003e7</Data>
<Data Name="NewProcessId">0x0000000000000e9c</Data>
<Data Name="NewProcessName">C:\Windows\System32\dllhost.exe</Data>
<Data Name="TokenElevationType">%%1938</Data>
<Data Name="ProcessId">0x0000000000000254</Data>
<Data Name="CommandLine"></Data>
</EventData>
</Event>

<Event xmlns="http://schemas.microsoft.com/win/2004/08/events/event"><System><Provider Name="Microsoft-Windows-Security-Auditing" Guid="{54849625-5478-4994-a5ba-3e3b0328c30d}"></Provider>
<EventID Qualifiers="">4688</EventID>
<Version>1</Version>
<Level>0</Level>
<Task>13312</Task>
<Opcode>0</Opcode>
<Keywords>0x8020000000000000</Keywords>
<TimeCreated SystemTime="2022-02-22 21:29:59.189892"></TimeCreated>
<EventRecordID>2655</EventRecordID>
<Correlation ActivityID="" RelatedActivityID=""></Correlation>
<Execution ProcessID="4" ThreadID="64"></Execution>
<Channel>Security</Channel>
<Computer>Victim-PC</Computer>
<Security UserID=""></Security>
</System>
<EventData><Data Name="SubjectUserSid">S-1-5-21-3080150547-3547025272-4171403288-1001</Data>
<Data Name="SubjectUserName">Victim</Data>
<Data Name="SubjectDomainName">Victim-PC</Data>
<Data Name="SubjectLogonId">0x000000000081b0f2</Data>
<Data Name="NewProcessId">0x00000000000009fc</Data>
<Data Name="NewProcessName">C:\Windows\System32\eventvwr.exe</Data>
<Data Name="TokenElevationType">%%1938</Data>
<Data Name="ProcessId">0x0000000000000fe0</Data>
<Data Name="CommandLine"></Data>
</EventData>
</Event>

<Event xmlns="http://schemas.microsoft.com/win/2004/08/events/event"><System><Provider Name="Microsoft-Windows-Security-Auditing" Guid="{54849625-5478-4994-a5ba-3e3b0328c30d}"></Provider>
<EventID Qualifiers="">4689</EventID>
<Version>0</Version>
<Level>0</Level>
<Task>13313</Task>
<Opcode>0</Opcode>
<Keywords>0x8020000000000000</Keywords>
<TimeCreated SystemTime="2022-02-22 21:29:59.189892"></TimeCreated>
<EventRecordID>2656</EventRecordID>
<Correlation ActivityID="" RelatedActivityID=""></Correlation>
<Execution ProcessID="4" ThreadID="64"></Execution>
<Channel>Security</Channel>
<Computer>Victim-PC</Computer>
<Security UserID=""></Security>
</System>
<EventData><Data Name="SubjectUserSid">S-1-5-21-3080150547-3547025272-4171403288-1001</Data>
<Data Name="SubjectUserName">Victim</Data>
<Data Name="SubjectDomainName">Victim-PC</Data>
<Data Name="SubjectLogonId">0x000000000081b0f2</Data>
<Data Name="Status">0xc000042c</Data>
<Data Name="ProcessId">0x00000000000009fc</Data>
<Data Name="ProcessName">C:\Windows\System32\eventvwr.exe</Data>
</EventData>
</Event>

<Event xmlns="http://schemas.microsoft.com/win/2004/08/events/event"><System><Provider Name="Microsoft-Windows-Security-Auditing" Guid="{54849625-5478-4994-a5ba-3e3b0328c30d}"></Provider>
<EventID Qualifiers="">4688</EventID>
<Version>1</Version>
<Level>0</Level>
<Task>13312</Task>
<Opcode>0</Opcode>
<Keywords>0x8020000000000000</Keywords>
<TimeCreated SystemTime="2022-02-22 21:29:59.189892"></TimeCreated>
<EventRecordID>2657</EventRecordID>
<Correlation ActivityID="" RelatedActivityID=""></Correlation>
<Execution ProcessID="4" ThreadID="64"></Execution>
<Channel>Security</Channel>
<Computer>Victim-PC</Computer>
<Security UserID=""></Security>
</System>
<EventData><Data Name="SubjectUserSid">S-1-5-18</Data>
<Data Name="SubjectUserName">VICTIM-PC$</Data>
<Data Name="SubjectDomainName">WORKGROUP</Data>
<Data Name="SubjectLogonId">0x00000000000003e7</Data>
<Data Name="NewProcessId">0x0000000000001104</Data>
<Data Name="NewProcessName">C:\Windows\System32\consent.exe</Data>
<Data Name="TokenElevationType">%%1936</Data>
<Data Name="ProcessId">0x00000000000003a0</Data>
<Data Name="CommandLine"></Data>
</EventData>
</Event>

<Event xmlns="http://schemas.microsoft.com/win/2004/08/events/event"><System><Provider Name="Microsoft-Windows-Security-Auditing" Guid="{54849625-5478-4994-a5ba-3e3b0328c30d}"></Provider>
<EventID Qualifiers="">4688</EventID>
<Version>1</Version>
<Level>0</Level>
<Task>13312</Task>
<Opcode>0</Opcode>
<Keywords>0x8020000000000000</Keywords>
<TimeCreated SystemTime="2022-02-22 21:29:59.236767"></TimeCreated>
<EventRecordID>2658</EventRecordID>
<Correlation ActivityID="" RelatedActivityID=""></Correlation>
<Execution ProcessID="4" ThreadID="64"></Execution>
<Channel>Security</Channel>
<Computer>Victim-PC</Computer>
<Security UserID=""></Security>
</System>
<EventData><Data Name="SubjectUserSid">S-1-5-18</Data>
<Data Name="SubjectUserName">VICTIM-PC$</Data>
<Data Name="SubjectDomainName">WORKGROUP</Data>
<Data Name="SubjectLogonId">0x00000000000003e7</Data>
<Data Name="NewProcessId">0x0000000000000974</Data>
<Data Name="NewProcessName">C:\Windows\System32\dllhost.exe</Data>
<Data Name="TokenElevationType">%%1936</Data>
<Data Name="ProcessId">0x0000000000000254</Data>
<Data Name="CommandLine"></Data>
</EventData>
</Event>

<Event xmlns="http://schemas.microsoft.com/win/2004/08/events/event"><System><Provider Name="Microsoft-Windows-Security-Auditing" Guid="{54849625-5478-4994-a5ba-3e3b0328c30d}"></Provider>
<EventID Qualifiers="">4689</EventID>
<Version>0</Version>
<Level>0</Level>
<Task>13313</Task>
<Opcode>0</Opcode>
<Keywords>0x8020000000000000</Keywords>
<TimeCreated SystemTime="2022-02-22 21:29:59.236767"></TimeCreated>
<EventRecordID>2659</EventRecordID>
<Correlation ActivityID="" RelatedActivityID=""></Correlation>
<Execution ProcessID="4" ThreadID="64"></Execution>
<Channel>Security</Channel>
<Computer>Victim-PC</Computer>
<Security UserID=""></Security>
</System>
<EventData><Data Name="SubjectUserSid">S-1-5-18</Data>
<Data Name="SubjectUserName">VICTIM-PC$</Data>
<Data Name="SubjectDomainName">WORKGROUP</Data>
<Data Name="SubjectLogonId">0x00000000000003e7</Data>
<Data Name="Status">0x00000000</Data>
<Data Name="ProcessId">0x0000000000001104</Data>
<Data Name="ProcessName">C:\Windows\System32\consent.exe</Data>
</EventData>
</Event>

<Event xmlns="http://schemas.microsoft.com/win/2004/08/events/event"><System><Provider Name="Microsoft-Windows-Security-Auditing" Guid="{54849625-5478-4994-a5ba-3e3b0328c30d}"></Provider>
<EventID Qualifiers="">4688</EventID>
<Version>1</Version>
<Level>0</Level>
<Task>13312</Task>
<Opcode>0</Opcode>
<Keywords>0x8020000000000000</Keywords>
<TimeCreated SystemTime="2022-02-22 21:29:59.252394"></TimeCreated>
<EventRecordID>2660</EventRecordID>
<Correlation ActivityID="" RelatedActivityID=""></Correlation>
<Execution ProcessID="4" ThreadID="64"></Execution>
<Channel>Security</Channel>
<Computer>Victim-PC</Computer>
<Security UserID=""></Security>
</System>
<EventData><Data Name="SubjectUserSid">S-1-5-18</Data>
<Data Name="SubjectUserName">VICTIM-PC$</Data>
<Data Name="SubjectDomainName">WORKGROUP</Data>
<Data Name="SubjectLogonId">0x00000000000003e7</Data>
<Data Name="NewProcessId">0x0000000000000d14</Data>
<Data Name="NewProcessName">C:\Windows\System32\dllhost.exe</Data>
<Data Name="TokenElevationType">%%1936</Data>
<Data Name="ProcessId">0x0000000000000254</Data>
<Data Name="CommandLine"></Data>
</EventData>
</Event>

<Event xmlns="http://schemas.microsoft.com/win/2004/08/events/event"><System><Provider Name="Microsoft-Windows-Security-Auditing" Guid="{54849625-5478-4994-a5ba-3e3b0328c30d}"></Provider>
<EventID Qualifiers="">4688</EventID>
<Version>1</Version>
<Level>0</Level>
<Task>13312</Task>
<Opcode>0</Opcode>
<Keywords>0x8020000000000000</Keywords>
<TimeCreated SystemTime="2022-02-22 21:29:59.252394"></TimeCreated>
<EventRecordID>2661</EventRecordID>
<Correlation ActivityID="" RelatedActivityID=""></Correlation>
<Execution ProcessID="4" ThreadID="64"></Execution>
<Channel>Security</Channel>
<Computer>Victim-PC</Computer>
<Security UserID=""></Security>
</System>
<EventData><Data Name="SubjectUserSid">S-1-5-18</Data>
<Data Name="SubjectUserName">VICTIM-PC$</Data>
<Data Name="SubjectDomainName">WORKGROUP</Data>
<Data Name="SubjectLogonId">0x00000000000003e7</Data>
<Data Name="NewProcessId">0x0000000000000728</Data>
<Data Name="NewProcessName">C:\Windows\System32\eventvwr.exe</Data>
<Data Name="TokenElevationType">%%1937</Data>
<Data Name="ProcessId">0x0000000000000fe0</Data>
<Data Name="CommandLine"></Data>
</EventData>
</Event>

<Event xmlns="http://schemas.microsoft.com/win/2004/08/events/event"><System><Provider Name="Microsoft-Windows-Security-Auditing" Guid="{54849625-5478-4994-a5ba-3e3b0328c30d}"></Provider>
<EventID Qualifiers="">4688</EventID>
<Version>1</Version>
<Level>0</Level>
<Task>13312</Task>
<Opcode>0</Opcode>
<Keywords>0x8020000000000000</Keywords>
<TimeCreated SystemTime="2022-02-22 21:29:59.268017"></TimeCreated>
<EventRecordID>2662</EventRecordID>
<Correlation ActivityID="" RelatedActivityID=""></Correlation>
<Execution ProcessID="4" ThreadID="64"></Execution>
<Channel>Security</Channel>
<Computer>Victim-PC</Computer>
<Security UserID=""></Security>
</System>
<EventData><Data Name="SubjectUserSid">S-1-5-21-3080150547-3547025272-4171403288-1001</Data>
<Data Name="SubjectUserName">Victim</Data>
<Data Name="SubjectDomainName">Victim-PC</Data>
<Data Name="SubjectLogonId">0x000000000081b0e4</Data>
<Data Name="NewProcessId">0x0000000000001270</Data>
<Data Name="NewProcessName">C:\Windows\System32\mmc.exe</Data>
<Data Name="TokenElevationType">%%1937</Data>
<Data Name="ProcessId">0x0000000000000728</Data>
<Data Name="CommandLine"></Data>
</EventData>
</Event>

<Event xmlns="http://schemas.microsoft.com/win/2004/08/events/event"><System><Provider Name="Microsoft-Windows-Security-Auditing" Guid="{54849625-5478-4994-a5ba-3e3b0328c30d}"></Provider>
<EventID Qualifiers="">4689</EventID>
<Version>0</Version>
<Level>0</Level>
<Task>13313</Task>
<Opcode>0</Opcode>
<Keywords>0x8020000000000000</Keywords>
<TimeCreated SystemTime="2022-02-22 21:29:59.299269"></TimeCreated>
<EventRecordID>2663</EventRecordID>
<Correlation ActivityID="" RelatedActivityID=""></Correlation>
<Execution ProcessID="4" ThreadID="64"></Execution>
<Channel>Security</Channel>
<Computer>Victim-PC</Computer>
<Security UserID=""></Security>
</System>
<EventData><Data Name="SubjectUserSid">S-1-5-21-3080150547-3547025272-4171403288-1001</Data>
<Data Name="SubjectUserName">Victim</Data>
<Data Name="SubjectDomainName">Victim-PC</Data>
<Data Name="SubjectLogonId">0x000000000081b0e4</Data>
<Data Name="Status">0x00000000</Data>
<Data Name="ProcessId">0x0000000000000728</Data>
<Data Name="ProcessName">C:\Windows\System32\eventvwr.exe</Data>
</EventData>
</Event>

<Event xmlns="http://schemas.microsoft.com/win/2004/08/events/event"><System><Provider Name="Microsoft-Windows-Security-Auditing" Guid="{54849625-5478-4994-a5ba-3e3b0328c30d}"></Provider>
<EventID Qualifiers="">4689</EventID>
<Version>0</Version>
<Level>0</Level>
<Task>13313</Task>
<Opcode>0</Opcode>
<Keywords>0x8020000000000000</Keywords>
<TimeCreated SystemTime="2022-02-22 21:30:04.205519"></TimeCreated>
<EventRecordID>2664</EventRecordID>
<Correlation ActivityID="" RelatedActivityID=""></Correlation>
<Execution ProcessID="4" ThreadID="64"></Execution>
<Channel>Security</Channel>
<Computer>Victim-PC</Computer>
<Security UserID=""></Security>
</System>
<EventData><Data Name="SubjectUserSid">S-1-5-21-3080150547-3547025272-4171403288-1001</Data>
<Data Name="SubjectUserName">Victim</Data>
<Data Name="SubjectDomainName">Victim-PC</Data>
<Data Name="SubjectLogonId">0x000000000081b0f2</Data>
<Data Name="Status">0x00000000</Data>
<Data Name="ProcessId">0x0000000000000e9c</Data>
<Data Name="ProcessName">C:\Windows\System32\dllhost.exe</Data>
</EventData>
</Event>

<Event xmlns="http://schemas.microsoft.com/win/2004/08/events/event"><System><Provider Name="Microsoft-Windows-Security-Auditing" Guid="{54849625-5478-4994-a5ba-3e3b0328c30d}"></Provider>
<EventID Qualifiers="">4689</EventID>
<Version>0</Version>
<Level>0</Level>
<Task>13313</Task>
<Opcode>0</Opcode>
<Keywords>0x8020000000000000</Keywords>
<TimeCreated SystemTime="2022-02-22 21:30:04.236767"></TimeCreated>
<EventRecordID>2665</EventRecordID>
<Correlation ActivityID="" RelatedActivityID=""></Correlation>
<Execution ProcessID="4" ThreadID="64"></Execution>
<Channel>Security</Channel>
<Computer>Victim-PC</Computer>
<Security UserID=""></Security>
</System>
<EventData><Data Name="SubjectUserSid">S-1-5-18</Data>
<Data Name="SubjectUserName">VICTIM-PC$</Data>
<Data Name="SubjectDomainName">WORKGROUP</Data>
<Data Name="SubjectLogonId">0x00000000000003e7</Data>
<Data Name="Status">0x00000000</Data>
<Data Name="ProcessId">0x0000000000000974</Data>
<Data Name="ProcessName">C:\Windows\System32\dllhost.exe</Data>
</EventData>
</Event>

<Event xmlns="http://schemas.microsoft.com/win/2004/08/events/event"><System><Provider Name="Microsoft-Windows-Security-Auditing" Guid="{54849625-5478-4994-a5ba-3e3b0328c30d}"></Provider>
<EventID Qualifiers="">4689</EventID>
<Version>0</Version>
<Level>0</Level>
<Task>13313</Task>
<Opcode>0</Opcode>
<Keywords>0x8020000000000000</Keywords>
<TimeCreated SystemTime="2022-02-22 21:30:04.268017"></TimeCreated>
<EventRecordID>2666</EventRecordID>
<Correlation ActivityID="" RelatedActivityID=""></Correlation>
<Execution ProcessID="4" ThreadID="64"></Execution>
<Channel>Security</Channel>
<Computer>Victim-PC</Computer>
<Security UserID=""></Security>
</System>
<EventData><Data Name="SubjectUserSid">S-1-5-18</Data>
<Data Name="SubjectUserName">VICTIM-PC$</Data>
<Data Name="SubjectDomainName">WORKGROUP</Data>
<Data Name="SubjectLogonId">0x00000000000003e7</Data>
<Data Name="Status">0x00000000</Data>
<Data Name="ProcessId">0x0000000000000d14</Data>
<Data Name="ProcessName">C:\Windows\System32\dllhost.exe</Data>
</EventData>
</Event>

<Event xmlns="http://schemas.microsoft.com/win/2004/08/events/event"><System><Provider Name="Microsoft-Windows-Security-Auditing" Guid="{54849625-5478-4994-a5ba-3e3b0328c30d}"></Provider>
<EventID Qualifiers="">4688</EventID>
<Version>1</Version>
<Level>0</Level>
<Task>13312</Task>
<Opcode>0</Opcode>
<Keywords>0x8020000000000000</Keywords>
<TimeCreated SystemTime="2022-02-22 21:31:02.627394"></TimeCreated>
<EventRecordID>2667</EventRecordID>
<Correlation ActivityID="" RelatedActivityID=""></Correlation>
<Execution ProcessID="4" ThreadID="64"></Execution>
<Channel>Security</Channel>
<Computer>Victim-PC</Computer>
<Security UserID=""></Security>
</System>
<EventData><Data Name="SubjectUserSid">S-1-5-18</Data>
<Data Name="SubjectUserName">VICTIM-PC$</Data>
<Data Name="SubjectDomainName">WORKGROUP</Data>
<Data Name="SubjectLogonId">0x00000000000003e7</Data>
<Data Name="NewProcessId">0x00000000000003b8</Data>
<Data Name="NewProcessName">C:\Windows\System32\taskhost.exe</Data>
<Data Name="TokenElevationType">%%1936</Data>
<Data Name="ProcessId">0x00000000000001dc</Data>
<Data Name="CommandLine"></Data>
</EventData>
</Event>

<Event xmlns="http://schemas.microsoft.com/win/2004/08/events/event"><System><Provider Name="Microsoft-Windows-Security-Auditing" Guid="{54849625-5478-4994-a5ba-3e3b0328c30d}"></Provider>
<EventID Qualifiers="">4689</EventID>
<Version>0</Version>
<Level>0</Level>
<Task>13313</Task>
<Opcode>0</Opcode>
<Keywords>0x8020000000000000</Keywords>
<TimeCreated SystemTime="2022-02-22 21:31:03.033642"></TimeCreated>
<EventRecordID>2668</EventRecordID>
<Correlation ActivityID="" RelatedActivityID=""></Correlation>
<Execution ProcessID="4" ThreadID="64"></Execution>
<Channel>Security</Channel>
<Computer>Victim-PC</Computer>
<Security UserID=""></Security>
</System>
<EventData><Data Name="SubjectUserSid">S-1-5-18</Data>
<Data Name="SubjectUserName">VICTIM-PC$</Data>
<Data Name="SubjectDomainName">WORKGROUP</Data>
<Data Name="SubjectLogonId">0x00000000000003e7</Data>
<Data Name="Status">0x00000000</Data>
<Data Name="ProcessId">0x00000000000003b8</Data>
<Data Name="ProcessName">C:\Windows\System32\taskhost.exe</Data>
</EventData>
</Event>

<Event xmlns="http://schemas.microsoft.com/win/2004/08/events/event"><System><Provider Name="Microsoft-Windows-Security-Auditing" Guid="{54849625-5478-4994-a5ba-3e3b0328c30d}"></Provider>
<EventID Qualifiers="">4688</EventID>
<Version>1</Version>
<Level>0</Level>
<Task>13312</Task>
<Opcode>0</Opcode>
<Keywords>0x8020000000000000</Keywords>
<TimeCreated SystemTime="2022-02-22 21:33:26.643017"></TimeCreated>
<EventRecordID>2669</EventRecordID>
<Correlation ActivityID="" RelatedActivityID=""></Correlation>
<Execution ProcessID="4" ThreadID="64"></Execution>
<Channel>Security</Channel>
<Computer>Victim-PC</Computer>
<Security UserID=""></Security>
</System>
<EventData><Data Name="SubjectUserSid">S-1-5-19</Data>
<Data Name="SubjectUserName">LOCAL SERVICE</Data>
<Data Name="SubjectDomainName">NT AUTHORITY</Data>
<Data Name="SubjectLogonId">0x00000000000003e5</Data>
<Data Name="NewProcessId">0x0000000000000808</Data>
<Data Name="NewProcessName">C:\Windows\System32\audiodg.exe</Data>
<Data Name="TokenElevationType">%%1936</Data>
<Data Name="ProcessId">0x0000000000000300</Data>
<Data Name="CommandLine"></Data>
</EventData>
</Event>

<Event xmlns="http://schemas.microsoft.com/win/2004/08/events/event"><System><Provider Name="Microsoft-Windows-Security-Auditing" Guid="{54849625-5478-4994-a5ba-3e3b0328c30d}"></Provider>
<EventID Qualifiers="">4688</EventID>
<Version>1</Version>
<Level>0</Level>
<Task>13312</Task>
<Opcode>0</Opcode>
<Keywords>0x8020000000000000</Keywords>
<TimeCreated SystemTime="2022-02-22 21:33:28.901808"></TimeCreated>
<EventRecordID>2670</EventRecordID>
<Correlation ActivityID="" RelatedActivityID=""></Correlation>
<Execution ProcessID="4" ThreadID="64"></Execution>
<Channel>Security</Channel>
<Computer>Victim-PC</Computer>
<Security UserID=""></Security>
</System>
<EventData><Data Name="SubjectUserSid">S-1-5-18</Data>
<Data Name="SubjectUserName">VICTIM-PC$</Data>
<Data Name="SubjectDomainName">WORKGROUP</Data>
<Data Name="SubjectLogonId">0x00000000000003e7</Data>
<Data Name="NewProcessId">0x00000000000004c8</Data>
<Data Name="NewProcessName">C:\Windows\System32\consent.exe</Data>
<Data Name="TokenElevationType">%%1936</Data>
<Data Name="ProcessId">0x00000000000003a0</Data>
<Data Name="CommandLine"></Data>
</EventData>
</Event>

<Event xmlns="http://schemas.microsoft.com/win/2004/08/events/event"><System><Provider Name="Microsoft-Windows-Security-Auditing" Guid="{54849625-5478-4994-a5ba-3e3b0328c30d}"></Provider>
<EventID Qualifiers="">4689</EventID>
<Version>0</Version>
<Level>0</Level>
<Task>13313</Task>
<Opcode>0</Opcode>
<Keywords>0x8020000000000000</Keywords>
<TimeCreated SystemTime="2022-02-22 21:33:28.995556"></TimeCreated>
<EventRecordID>2671</EventRecordID>
<Correlation ActivityID="" RelatedActivityID=""></Correlation>
<Execution ProcessID="4" ThreadID="64"></Execution>
<Channel>Security</Channel>
<Computer>Victim-PC</Computer>
<Security UserID=""></Security>
</System>
<EventData><Data Name="SubjectUserSid">S-1-5-18</Data>
<Data Name="SubjectUserName">VICTIM-PC$</Data>
<Data Name="SubjectDomainName">WORKGROUP</Data>
<Data Name="SubjectLogonId">0x00000000000003e7</Data>
<Data Name="Status">0x00000000</Data>
<Data Name="ProcessId">0x00000000000004c8</Data>
<Data Name="ProcessName">C:\Windows\System32\consent.exe</Data>
</EventData>
</Event>

<Event xmlns="http://schemas.microsoft.com/win/2004/08/events/event"><System><Provider Name="Microsoft-Windows-Security-Auditing" Guid="{54849625-5478-4994-a5ba-3e3b0328c30d}"></Provider>
<EventID Qualifiers="">4688</EventID>
<Version>1</Version>
<Level>0</Level>
<Task>13312</Task>
<Opcode>0</Opcode>
<Keywords>0x8020000000000000</Keywords>
<TimeCreated SystemTime="2022-02-22 21:33:28.995556"></TimeCreated>
<EventRecordID>2672</EventRecordID>
<Correlation ActivityID="" RelatedActivityID=""></Correlation>
<Execution ProcessID="4" ThreadID="64"></Execution>
<Channel>Security</Channel>
<Computer>Victim-PC</Computer>
<Security UserID=""></Security>
</System>
<EventData><Data Name="SubjectUserSid">S-1-5-18</Data>
<Data Name="SubjectUserName">VICTIM-PC$</Data>
<Data Name="SubjectDomainName">WORKGROUP</Data>
<Data Name="SubjectLogonId">0x00000000000003e7</Data>
<Data Name="NewProcessId">0x00000000000000e4</Data>
<Data Name="NewProcessName">C:\Windows\System32\dllhost.exe</Data>
<Data Name="TokenElevationType">%%1936</Data>
<Data Name="ProcessId">0x0000000000000254</Data>
<Data Name="CommandLine"></Data>
</EventData>
</Event>

<Event xmlns="http://schemas.microsoft.com/win/2004/08/events/event"><System><Provider Name="Microsoft-Windows-Security-Auditing" Guid="{54849625-5478-4994-a5ba-3e3b0328c30d}"></Provider>
<EventID Qualifiers="">4688</EventID>
<Version>1</Version>
<Level>0</Level>
<Task>13312</Task>
<Opcode>0</Opcode>
<Keywords>0x8020000000000000</Keywords>
<TimeCreated SystemTime="2022-02-22 21:33:29.011181"></TimeCreated>
<EventRecordID>2673</EventRecordID>
<Correlation ActivityID="" RelatedActivityID=""></Correlation>
<Execution ProcessID="4" ThreadID="64"></Execution>
<Channel>Security</Channel>
<Computer>Victim-PC</Computer>
<Security UserID=""></Security>
</System>
<EventData><Data Name="SubjectUserSid">S-1-5-18</Data>
<Data Name="SubjectUserName">VICTIM-PC$</Data>
<Data Name="SubjectDomainName">WORKGROUP</Data>
<Data Name="SubjectLogonId">0x00000000000003e7</Data>
<Data Name="NewProcessId">0x0000000000000e54</Data>
<Data Name="NewProcessName">C:\Windows\System32\dllhost.exe</Data>
<Data Name="TokenElevationType">%%1937</Data>
<Data Name="ProcessId">0x0000000000000254</Data>
<Data Name="CommandLine"></Data>
</EventData>
</Event>

<Event xmlns="http://schemas.microsoft.com/win/2004/08/events/event"><System><Provider Name="Microsoft-Windows-Security-Auditing" Guid="{54849625-5478-4994-a5ba-3e3b0328c30d}"></Provider>
<EventID Qualifiers="">4689</EventID>
<Version>0</Version>
<Level>0</Level>
<Task>13313</Task>
<Opcode>0</Opcode>
<Keywords>0x8020000000000000</Keywords>
<TimeCreated SystemTime="2022-02-22 21:33:34.011181"></TimeCreated>
<EventRecordID>2674</EventRecordID>
<Correlation ActivityID="" RelatedActivityID=""></Correlation>
<Execution ProcessID="4" ThreadID="64"></Execution>
<Channel>Security</Channel>
<Computer>Victim-PC</Computer>
<Security UserID=""></Security>
</System>
<EventData><Data Name="SubjectUserSid">S-1-5-18</Data>
<Data Name="SubjectUserName">VICTIM-PC$</Data>
<Data Name="SubjectDomainName">WORKGROUP</Data>
<Data Name="SubjectLogonId">0x00000000000003e7</Data>
<Data Name="Status">0x00000000</Data>
<Data Name="ProcessId">0x00000000000000e4</Data>
<Data Name="ProcessName">C:\Windows\System32\dllhost.exe</Data>
</EventData>
</Event>

<Event xmlns="http://schemas.microsoft.com/win/2004/08/events/event"><System><Provider Name="Microsoft-Windows-Security-Auditing" Guid="{54849625-5478-4994-a5ba-3e3b0328c30d}"></Provider>
<EventID Qualifiers="">4689</EventID>
<Version>0</Version>
<Level>0</Level>
<Task>13313</Task>
<Opcode>0</Opcode>
<Keywords>0x8020000000000000</Keywords>
<TimeCreated SystemTime="2022-02-22 21:33:34.042431"></TimeCreated>
<EventRecordID>2675</EventRecordID>
<Correlation ActivityID="" RelatedActivityID=""></Correlation>
<Execution ProcessID="4" ThreadID="64"></Execution>
<Channel>Security</Channel>
<Computer>Victim-PC</Computer>
<Security UserID=""></Security>
</System>
<EventData><Data Name="SubjectUserSid">S-1-5-21-3080150547-3547025272-4171403288-1001</Data>
<Data Name="SubjectUserName">Victim</Data>
<Data Name="SubjectDomainName">Victim-PC</Data>
<Data Name="SubjectLogonId">0x000000000081b0e4</Data>
<Data Name="Status">0x00000000</Data>
<Data Name="ProcessId">0x0000000000000e54</Data>
<Data Name="ProcessName">C:\Windows\System32\dllhost.exe</Data>
</EventData>
</Event>

<Event xmlns="http://schemas.microsoft.com/win/2004/08/events/event"><System><Provider Name="Microsoft-Windows-Security-Auditing" Guid="{54849625-5478-4994-a5ba-3e3b0328c30d}"></Provider>
<EventID Qualifiers="">4688</EventID>
<Version>1</Version>
<Level>0</Level>
<Task>13312</Task>
<Opcode>0</Opcode>
<Keywords>0x8020000000000000</Keywords>
<TimeCreated SystemTime="2022-02-22 21:33:39.995556"></TimeCreated>
<EventRecordID>2676</EventRecordID>
<Correlation ActivityID="" RelatedActivityID=""></Correlation>
<Execution ProcessID="4" ThreadID="64"></Execution>
<Channel>Security</Channel>
<Computer>Victim-PC</Computer>
<Security UserID=""></Security>
</System>
<EventData><Data Name="SubjectUserSid">S-1-5-18</Data>
<Data Name="SubjectUserName">VICTIM-PC$</Data>
<Data Name="SubjectDomainName">WORKGROUP</Data>
<Data Name="SubjectLogonId">0x00000000000003e7</Data>
<Data Name="NewProcessId">0x0000000000000438</Data>
<Data Name="NewProcessName">C:\Windows\System32\consent.exe</Data>
<Data Name="TokenElevationType">%%1936</Data>
<Data Name="ProcessId">0x00000000000003a0</Data>
<Data Name="CommandLine"></Data>
</EventData>
</Event>

<Event xmlns="http://schemas.microsoft.com/win/2004/08/events/event"><System><Provider Name="Microsoft-Windows-Security-Auditing" Guid="{54849625-5478-4994-a5ba-3e3b0328c30d}"></Provider>
<EventID Qualifiers="">4689</EventID>
<Version>0</Version>
<Level>0</Level>
<Task>13313</Task>
<Opcode>0</Opcode>
<Keywords>0x8020000000000000</Keywords>
<TimeCreated SystemTime="2022-02-22 21:33:40.089306"></TimeCreated>
<EventRecordID>2677</EventRecordID>
<Correlation ActivityID="" RelatedActivityID=""></Correlation>
<Execution ProcessID="4" ThreadID="64"></Execution>
<Channel>Security</Channel>
<Computer>Victim-PC</Computer>
<Security UserID=""></Security>
</System>
<EventData><Data Name="SubjectUserSid">S-1-5-18</Data>
<Data Name="SubjectUserName">VICTIM-PC$</Data>
<Data Name="SubjectDomainName">WORKGROUP</Data>
<Data Name="SubjectLogonId">0x00000000000003e7</Data>
<Data Name="Status">0x00000000</Data>
<Data Name="ProcessId">0x0000000000000438</Data>
<Data Name="ProcessName">C:\Windows\System32\consent.exe</Data>
</EventData>
</Event>

<Event xmlns="http://schemas.microsoft.com/win/2004/08/events/event"><System><Provider Name="Microsoft-Windows-Security-Auditing" Guid="{54849625-5478-4994-a5ba-3e3b0328c30d}"></Provider>
<EventID Qualifiers="">4688</EventID>
<Version>1</Version>
<Level>0</Level>
<Task>13312</Task>
<Opcode>0</Opcode>
<Keywords>0x8020000000000000</Keywords>
<TimeCreated SystemTime="2022-02-22 21:33:40.089306"></TimeCreated>
<EventRecordID>2678</EventRecordID>
<Correlation ActivityID="" RelatedActivityID=""></Correlation>
<Execution ProcessID="4" ThreadID="64"></Execution>
<Channel>Security</Channel>
<Computer>Victim-PC</Computer>
<Security UserID=""></Security>
</System>
<EventData><Data Name="SubjectUserSid">S-1-5-18</Data>
<Data Name="SubjectUserName">VICTIM-PC$</Data>
<Data Name="SubjectDomainName">WORKGROUP</Data>
<Data Name="SubjectLogonId">0x00000000000003e7</Data>
<Data Name="NewProcessId">0x0000000000000b28</Data>
<Data Name="NewProcessName">C:\Windows\System32\dllhost.exe</Data>
<Data Name="TokenElevationType">%%1936</Data>
<Data Name="ProcessId">0x0000000000000254</Data>
<Data Name="CommandLine"></Data>
</EventData>
</Event>

<Event xmlns="http://schemas.microsoft.com/win/2004/08/events/event"><System><Provider Name="Microsoft-Windows-Security-Auditing" Guid="{54849625-5478-4994-a5ba-3e3b0328c30d}"></Provider>
<EventID Qualifiers="">4688</EventID>
<Version>1</Version>
<Level>0</Level>
<Task>13312</Task>
<Opcode>0</Opcode>
<Keywords>0x8020000000000000</Keywords>
<TimeCreated SystemTime="2022-02-22 21:33:40.089306"></TimeCreated>
<EventRecordID>2679</EventRecordID>
<Correlation ActivityID="" RelatedActivityID=""></Correlation>
<Execution ProcessID="4" ThreadID="64"></Execution>
<Channel>Security</Channel>
<Computer>Victim-PC</Computer>
<Security UserID=""></Security>
</System>
<EventData><Data Name="SubjectUserSid">S-1-5-18</Data>
<Data Name="SubjectUserName">VICTIM-PC$</Data>
<Data Name="SubjectDomainName">WORKGROUP</Data>
<Data Name="SubjectLogonId">0x00000000000003e7</Data>
<Data Name="NewProcessId">0x0000000000000c0c</Data>
<Data Name="NewProcessName">C:\Windows\System32\dllhost.exe</Data>
<Data Name="TokenElevationType">%%1937</Data>
<Data Name="ProcessId">0x0000000000000254</Data>
<Data Name="CommandLine"></Data>
</EventData>
</Event>

<Event xmlns="http://schemas.microsoft.com/win/2004/08/events/event"><System><Provider Name="Microsoft-Windows-Security-Auditing" Guid="{54849625-5478-4994-a5ba-3e3b0328c30d}"></Provider>
<EventID Qualifiers="">4689</EventID>
<Version>0</Version>
<Level>0</Level>
<Task>13313</Task>
<Opcode>0</Opcode>
<Keywords>0x8020000000000000</Keywords>
<TimeCreated SystemTime="2022-02-22 21:33:41.183058"></TimeCreated>
<EventRecordID>2680</EventRecordID>
<Correlation ActivityID="" RelatedActivityID=""></Correlation>
<Execution ProcessID="4" ThreadID="64"></Execution>
<Channel>Security</Channel>
<Computer>Victim-PC</Computer>
<Security UserID=""></Security>
</System>
<EventData><Data Name="SubjectUserSid">S-1-5-18</Data>
<Data Name="SubjectUserName">VICTIM-PC$</Data>
<Data Name="SubjectDomainName">WORKGROUP</Data>
<Data Name="SubjectLogonId">0x00000000000003e7</Data>
<Data Name="Status">0x00000000</Data>
<Data Name="ProcessId">0x000000000000051c</Data>
<Data Name="ProcessName">C:\Windows\System32\taskeng.exe</Data>
</EventData>
</Event>

<Event xmlns="http://schemas.microsoft.com/win/2004/08/events/event"><System><Provider Name="Microsoft-Windows-Security-Auditing" Guid="{54849625-5478-4994-a5ba-3e3b0328c30d}"></Provider>
<EventID Qualifiers="">4689</EventID>
<Version>0</Version>
<Level>0</Level>
<Task>13313</Task>
<Opcode>0</Opcode>
<Keywords>0x8020000000000000</Keywords>
<TimeCreated SystemTime="2022-02-22 21:33:45.089306"></TimeCreated>
<EventRecordID>2681</EventRecordID>
<Correlation ActivityID="" RelatedActivityID=""></Correlation>
<Execution ProcessID="4" ThreadID="64"></Execution>
<Channel>Security</Channel>
<Computer>Victim-PC</Computer>
<Security UserID=""></Security>
</System>
<EventData><Data Name="SubjectUserSid">S-1-5-18</Data>
<Data Name="SubjectUserName">VICTIM-PC$</Data>
<Data Name="SubjectDomainName">WORKGROUP</Data>
<Data Name="SubjectLogonId">0x00000000000003e7</Data>
<Data Name="Status">0x00000000</Data>
<Data Name="ProcessId">0x0000000000000b28</Data>
<Data Name="ProcessName">C:\Windows\System32\dllhost.exe</Data>
</EventData>
</Event>

<Event xmlns="http://schemas.microsoft.com/win/2004/08/events/event"><System><Provider Name="Microsoft-Windows-Security-Auditing" Guid="{54849625-5478-4994-a5ba-3e3b0328c30d}"></Provider>
<EventID Qualifiers="">4689</EventID>
<Version>0</Version>
<Level>0</Level>
<Task>13313</Task>
<Opcode>0</Opcode>
<Keywords>0x8020000000000000</Keywords>
<TimeCreated SystemTime="2022-02-22 21:33:48.151808"></TimeCreated>
<EventRecordID>2682</EventRecordID>
<Correlation ActivityID="" RelatedActivityID=""></Correlation>
<Execution ProcessID="4" ThreadID="64"></Execution>
<Channel>Security</Channel>
<Computer>Victim-PC</Computer>
<Security UserID=""></Security>
</System>
<EventData><Data Name="SubjectUserSid">S-1-5-21-3080150547-3547025272-4171403288-1001</Data>
<Data Name="SubjectUserName">Victim</Data>
<Data Name="SubjectDomainName">Victim-PC</Data>
<Data Name="SubjectLogonId">0x000000000081b0e4</Data>
<Data Name="Status">0x00000000</Data>
<Data Name="ProcessId">0x0000000000000c0c</Data>
<Data Name="ProcessName">C:\Windows\System32\dllhost.exe</Data>
</EventData>
</Event>

<Event xmlns="http://schemas.microsoft.com/win/2004/08/events/event"><System><Provider Name="Microsoft-Windows-Security-Auditing" Guid="{54849625-5478-4994-a5ba-3e3b0328c30d}"></Provider>
<EventID Qualifiers="">4689</EventID>
<Version>0</Version>
<Level>0</Level>
<Task>13313</Task>
<Opcode>0</Opcode>
<Keywords>0x8020000000000000</Keywords>
<TimeCreated SystemTime="2022-02-22 21:38:26.823681"></TimeCreated>
<EventRecordID>2683</EventRecordID>
<Correlation ActivityID="" RelatedActivityID=""></Correlation>
<Execution ProcessID="4" ThreadID="64"></Execution>
<Channel>Security</Channel>
<Computer>Victim-PC</Computer>
<Security UserID=""></Security>
</System>
<EventData><Data Name="SubjectUserSid">S-1-5-19</Data>
<Data Name="SubjectUserName">LOCAL SERVICE</Data>
<Data Name="SubjectDomainName">NT AUTHORITY</Data>
<Data Name="SubjectLogonId">0x00000000000003e5</Data>
<Data Name="Status">0xc000004b</Data>
<Data Name="ProcessId">0x0000000000000808</Data>
<Data Name="ProcessName">C:\Windows\System32\audiodg.exe</Data>
</EventData>
</Event>

<Event xmlns="http://schemas.microsoft.com/win/2004/08/events/event"><System><Provider Name="Microsoft-Windows-Security-Auditing" Guid="{54849625-5478-4994-a5ba-3e3b0328c30d}"></Provider>
<EventID Qualifiers="">4688</EventID>
<Version>1</Version>
<Level>0</Level>
<Task>13312</Task>
<Opcode>0</Opcode>
<Keywords>0x8020000000000000</Keywords>
<TimeCreated SystemTime="2022-02-22 21:43:21.011181"></TimeCreated>
<EventRecordID>2684</EventRecordID>
<Correlation ActivityID="" RelatedActivityID=""></Correlation>
<Execution ProcessID="4" ThreadID="64"></Execution>
<Channel>Security</Channel>
<Computer>Victim-PC</Computer>
<Security UserID=""></Security>
</System>
<EventData><Data Name="SubjectUserSid">S-1-5-18</Data>
<Data Name="SubjectUserName">VICTIM-PC$</Data>
<Data Name="SubjectDomainName">WORKGROUP</Data>
<Data Name="SubjectLogonId">0x00000000000003e7</Data>
<Data Name="NewProcessId">0x0000000000000b30</Data>
<Data Name="NewProcessName">C:\Windows\System32\slui.exe</Data>
<Data Name="TokenElevationType">%%1938</Data>
<Data Name="ProcessId">0x0000000000000254</Data>
<Data Name="CommandLine"></Data>
</EventData>
</Event>

<Event xmlns="http://schemas.microsoft.com/win/2004/08/events/event"><System><Provider Name="Microsoft-Windows-Security-Auditing" Guid="{54849625-5478-4994-a5ba-3e3b0328c30d}"></Provider>
<EventID Qualifiers="">4689</EventID>
<Version>0</Version>
<Level>0</Level>
<Task>13313</Task>
<Opcode>0</Opcode>
<Keywords>0x8020000000000000</Keywords>
<TimeCreated SystemTime="2022-02-22 21:43:21.073681"></TimeCreated>
<EventRecordID>2685</EventRecordID>
<Correlation ActivityID="" RelatedActivityID=""></Correlation>
<Execution ProcessID="4" ThreadID="64"></Execution>
<Channel>Security</Channel>
<Computer>Victim-PC</Computer>
<Security UserID=""></Security>
</System>
<EventData><Data Name="SubjectUserSid">S-1-5-21-3080150547-3547025272-4171403288-1001</Data>
<Data Name="SubjectUserName">Victim</Data>
<Data Name="SubjectDomainName">Victim-PC</Data>
<Data Name="SubjectLogonId">0x000000000081b0f2</Data>
<Data Name="Status">0x00000000</Data>
<Data Name="ProcessId">0x0000000000000b30</Data>
<Data Name="ProcessName">C:\Windows\System32\slui.exe</Data>
</EventData>
</Event>

<Event xmlns="http://schemas.microsoft.com/win/2004/08/events/event"><System><Provider Name="Microsoft-Windows-Security-Auditing" Guid="{54849625-5478-4994-a5ba-3e3b0328c30d}"></Provider>
<EventID Qualifiers="">4688</EventID>
<Version>1</Version>
<Level>0</Level>
<Task>13312</Task>
<Opcode>0</Opcode>
<Keywords>0x8020000000000000</Keywords>
<TimeCreated SystemTime="2022-02-22 21:58:21.011181"></TimeCreated>
<EventRecordID>2686</EventRecordID>
<Correlation ActivityID="" RelatedActivityID=""></Correlation>
<Execution ProcessID="4" ThreadID="64"></Execution>
<Channel>Security</Channel>
<Computer>Victim-PC</Computer>
<Security UserID=""></Security>
</System>
<EventData><Data Name="SubjectUserSid">S-1-5-18</Data>
<Data Name="SubjectUserName">VICTIM-PC$</Data>
<Data Name="SubjectDomainName">WORKGROUP</Data>
<Data Name="SubjectLogonId">0x00000000000003e7</Data>
<Data Name="NewProcessId">0x0000000000000748</Data>
<Data Name="NewProcessName">C:\Windows\System32\slui.exe</Data>
<Data Name="TokenElevationType">%%1938</Data>
<Data Name="ProcessId">0x0000000000000254</Data>
<Data Name="CommandLine"></Data>
</EventData>
</Event>

<Event xmlns="http://schemas.microsoft.com/win/2004/08/events/event"><System><Provider Name="Microsoft-Windows-Security-Auditing" Guid="{54849625-5478-4994-a5ba-3e3b0328c30d}"></Provider>
<EventID Qualifiers="">4689</EventID>
<Version>0</Version>
<Level>0</Level>
<Task>13313</Task>
<Opcode>0</Opcode>
<Keywords>0x8020000000000000</Keywords>
<TimeCreated SystemTime="2022-02-22 21:58:21.058058"></TimeCreated>
<EventRecordID>2687</EventRecordID>
<Correlation ActivityID="" RelatedActivityID=""></Correlation>
<Execution ProcessID="4" ThreadID="64"></Execution>
<Channel>Security</Channel>
<Computer>Victim-PC</Computer>
<Security UserID=""></Security>
</System>
<EventData><Data Name="SubjectUserSid">S-1-5-21-3080150547-3547025272-4171403288-1001</Data>
<Data Name="SubjectUserName">Victim</Data>
<Data Name="SubjectDomainName">Victim-PC</Data>
<Data Name="SubjectLogonId">0x000000000081b0f2</Data>
<Data Name="Status">0x00000000</Data>
<Data Name="ProcessId">0x0000000000000748</Data>
<Data Name="ProcessName">C:\Windows\System32\slui.exe</Data>
</EventData>
</Event>

</Events>
