<Event xmlns="http://schemas.microsoft.com/win/2004/08/events/event"><System><Provider Name="Microsoft-Windows-Security-Auditing" Guid="{54849625-5478-4994-a5ba-3e3b0328c30d}"></Provider>
<EventID Qualifiers="">4688</EventID>
<Version>1</Version>
<Level>0</Level>
<Task>13312</Task>
<Opcode>0</Opcode>
<Keywords>0x8020000000000000</Keywords>
<TimeCreated SystemTime="2022-02-22 20:30:59.103836"></TimeCreated>
<EventRecordID>2314</EventRecordID>
<Correlation ActivityID="" RelatedActivityID=""></Correlation>
<Execution ProcessID="4" ThreadID="68"></Execution>
<Channel>Security</Channel>
<Computer>Victim-PC</Computer>
<Security UserID=""></Security>
</System>
<EventData><Data Name="SubjectUserSid">S-1-5-21-3080150547-3547025272-4171403288-1001</Data>
<Data Name="SubjectUserName">Victim</Data>
<Data Name="SubjectDomainName">Victim-PC</Data>
<Data Name="SubjectLogonId">0x000000000081b0f2</Data>
<Data Name="NewProcessId">0x0000000000000e6c</Data>
<Data Name="NewProcessName">C:\Program Files\Google\Chrome\Application\chrome.exe</Data>
<Data Name="TokenElevationType">%%1938</Data>
<Data Name="ProcessId">0x0000000000000e48</Data>
<Data Name="CommandLine"></Data>
</EventData>
</Event>

<Event xmlns="http://schemas.microsoft.com/win/2004/08/events/event"><System><Provider Name="Microsoft-Windows-Security-Auditing" Guid="{54849625-5478-4994-a5ba-3e3b0328c30d}"></Provider>
<EventID Qualifiers="">4689</EventID>
<Version>0</Version>
<Level>0</Level>
<Task>13313</Task>
<Opcode>0</Opcode>
<Keywords>0x8020000000000000</Keywords>
<TimeCreated SystemTime="2022-02-22 20:30:59.291336"></TimeCreated>
<EventRecordID>2315</EventRecordID>
<Correlation ActivityID="" RelatedActivityID=""></Correlation>
<Execution ProcessID="4" ThreadID="68"></Execution>
<Channel>Security</Channel>
<Computer>Victim-PC</Computer>
<Security UserID=""></Security>
</System>
<EventData><Data Name="SubjectUserSid">S-1-5-21-3080150547-3547025272-4171403288-1001</Data>
<Data Name="SubjectUserName">Victim</Data>
<Data Name="SubjectDomainName">Victim-PC</Data>
<Data Name="SubjectLogonId">0x000000000081b0f2</Data>
<Data Name="Status">0x00000000</Data>
<Data Name="ProcessId">0x0000000000000994</Data>
<Data Name="ProcessName">C:\Program Files\Google\Chrome\Application\chrome.exe</Data>
</EventData>
</Event>

<Event xmlns="http://schemas.microsoft.com/win/2004/08/events/event"><System><Provider Name="Microsoft-Windows-Security-Auditing" Guid="{54849625-5478-4994-a5ba-3e3b0328c30d}"></Provider>
<EventID Qualifiers="">4689</EventID>
<Version>0</Version>
<Level>0</Level>
<Task>13313</Task>
<Opcode>0</Opcode>
<Keywords>0x8020000000000000</Keywords>
<TimeCreated SystemTime="2022-02-22 20:30:59.292313"></TimeCreated>
<EventRecordID>2316</EventRecordID>
<Correlation ActivityID="" RelatedActivityID=""></Correlation>
<Execution ProcessID="4" ThreadID="68"></Execution>
<Channel>Security</Channel>
<Computer>Victim-PC</Computer>
<Security UserID=""></Security>
</System>
<EventData><Data Name="SubjectUserSid">S-1-5-21-3080150547-3547025272-4171403288-1001</Data>
<Data Name="SubjectUserName">Victim</Data>
<Data Name="SubjectDomainName">Victim-PC</Data>
<Data Name="SubjectLogonId">0x000000000081b0f2</Data>
<Data Name="Status">0x00000000</Data>
<Data Name="ProcessId">0x0000000000000e6c</Data>
<Data Name="ProcessName">C:\Program Files\Google\Chrome\Application\chrome.exe</Data>
</EventData>
</Event>

<Event xmlns="http://schemas.microsoft.com/win/2004/08/events/event"><System><Provider Name="Microsoft-Windows-Security-Auditing" Guid="{54849625-5478-4994-a5ba-3e3b0328c30d}"></Provider>
<EventID Qualifiers="">4688</EventID>
<Version>1</Version>
<Level>0</Level>
<Task>13312</Task>
<Opcode>0</Opcode>
<Keywords>0x8020000000000000</Keywords>
<TimeCreated SystemTime="2022-02-22 20:31:00.013992"></TimeCreated>
<EventRecordID>2317</EventRecordID>
<Correlation ActivityID="" RelatedActivityID=""></Correlation>
<Execution ProcessID="4" ThreadID="68"></Execution>
<Channel>Security</Channel>
<Computer>Victim-PC</Computer>
<Security UserID=""></Security>
</System>
<EventData><Data Name="SubjectUserSid">S-1-5-21-3080150547-3547025272-4171403288-1001</Data>
<Data Name="SubjectUserName">Victim</Data>
<Data Name="SubjectDomainName">Victim-PC</Data>
<Data Name="SubjectLogonId">0x000000000081b0f2</Data>
<Data Name="NewProcessId">0x0000000000001294</Data>
<Data Name="NewProcessName">C:\Program Files\Google\Chrome\Application\chrome.exe</Data>
<Data Name="TokenElevationType">%%1938</Data>
<Data Name="ProcessId">0x0000000000000e48</Data>
<Data Name="CommandLine"></Data>
</EventData>
</Event>

<Event xmlns="http://schemas.microsoft.com/win/2004/08/events/event"><System><Provider Name="Microsoft-Windows-Security-Auditing" Guid="{54849625-5478-4994-a5ba-3e3b0328c30d}"></Provider>
<EventID Qualifiers="">4688</EventID>
<Version>1</Version>
<Level>0</Level>
<Task>13312</Task>
<Opcode>0</Opcode>
<Keywords>0x8020000000000000</Keywords>
<TimeCreated SystemTime="2022-02-22 20:31:00.097000"></TimeCreated>
<EventRecordID>2318</EventRecordID>
<Correlation ActivityID="" RelatedActivityID=""></Correlation>
<Execution ProcessID="4" ThreadID="68"></Execution>
<Channel>Security</Channel>
<Computer>Victim-PC</Computer>
<Security UserID=""></Security>
</System>
<EventData><Data Name="SubjectUserSid">S-1-5-21-3080150547-3547025272-4171403288-1001</Data>
<Data Name="SubjectUserName">Victim</Data>
<Data Name="SubjectDomainName">Victim-PC</Data>
<Data Name="SubjectLogonId">0x000000000081b0f2</Data>
<Data Name="NewProcessId">0x00000000000012c8</Data>
<Data Name="NewProcessName">C:\Program Files\Google\Chrome\Application\chrome.exe</Data>
<Data Name="TokenElevationType">%%1938</Data>
<Data Name="ProcessId">0x0000000000000e48</Data>
<Data Name="CommandLine"></Data>
</EventData>
</Event>

<Event xmlns="http://schemas.microsoft.com/win/2004/08/events/event"><System><Provider Name="Microsoft-Windows-Security-Auditing" Guid="{54849625-5478-4994-a5ba-3e3b0328c30d}"></Provider>
<EventID Qualifiers="">4689</EventID>
<Version>0</Version>
<Level>0</Level>
<Task>13313</Task>
<Opcode>0</Opcode>
<Keywords>0x8020000000000000</Keywords>
<TimeCreated SystemTime="2022-02-22 20:31:00.248367"></TimeCreated>
<EventRecordID>2319</EventRecordID>
<Correlation ActivityID="" RelatedActivityID=""></Correlation>
<Execution ProcessID="4" ThreadID="68"></Execution>
<Channel>Security</Channel>
<Computer>Victim-PC</Computer>
<Security UserID=""></Security>
</System>
<EventData><Data Name="SubjectUserSid">S-1-5-21-3080150547-3547025272-4171403288-1001</Data>
<Data Name="SubjectUserName">Victim</Data>
<Data Name="SubjectDomainName">Victim-PC</Data>
<Data Name="SubjectLogonId">0x000000000081b0f2</Data>
<Data Name="Status">0x00000000</Data>
<Data Name="ProcessId">0x0000000000001294</Data>
<Data Name="ProcessName">C:\Program Files\Google\Chrome\Application\chrome.exe</Data>
</EventData>
</Event>

<Event xmlns="http://schemas.microsoft.com/win/2004/08/events/event"><System><Provider Name="Microsoft-Windows-Security-Auditing" Guid="{54849625-5478-4994-a5ba-3e3b0328c30d}"></Provider>
<EventID Qualifiers="">4689</EventID>
<Version>0</Version>
<Level>0</Level>
<Task>13313</Task>
<Opcode>0</Opcode>
<Keywords>0x8020000000000000</Keywords>
<TimeCreated SystemTime="2022-02-22 20:31:00.255203"></TimeCreated>
<EventRecordID>2320</EventRecordID>
<Correlation ActivityID="" RelatedActivityID=""></Correlation>
<Execution ProcessID="4" ThreadID="68"></Execution>
<Channel>Security</Channel>
<Computer>Victim-PC</Computer>
<Security UserID=""></Security>
</System>
<EventData><Data Name="SubjectUserSid">S-1-5-21-3080150547-3547025272-4171403288-1001</Data>
<Data Name="SubjectUserName">Victim</Data>
<Data Name="SubjectDomainName">Victim-PC</Data>
<Data Name="SubjectLogonId">0x000000000081b0f2</Data>
<Data Name="Status">0x00000000</Data>
<Data Name="ProcessId">0x00000000000012c8</Data>
<Data Name="ProcessName">C:\Program Files\Google\Chrome\Application\chrome.exe</Data>
</EventData>
</Event>

<Event xmlns="http://schemas.microsoft.com/win/2004/08/events/event"><System><Provider Name="Microsoft-Windows-Security-Auditing" Guid="{54849625-5478-4994-a5ba-3e3b0328c30d}"></Provider>
<EventID Qualifiers="">4688</EventID>
<Version>1</Version>
<Level>0</Level>
<Task>13312</Task>
<Opcode>0</Opcode>
<Keywords>0x8020000000000000</Keywords>
<TimeCreated SystemTime="2022-02-22 20:31:00.941727"></TimeCreated>
<EventRecordID>2321</EventRecordID>
<Correlation ActivityID="" RelatedActivityID=""></Correlation>
<Execution ProcessID="4" ThreadID="68"></Execution>
<Channel>Security</Channel>
<Computer>Victim-PC</Computer>
<Security UserID=""></Security>
</System>
<EventData><Data Name="SubjectUserSid">S-1-5-21-3080150547-3547025272-4171403288-1001</Data>
<Data Name="SubjectUserName">Victim</Data>
<Data Name="SubjectDomainName">Victim-PC</Data>
<Data Name="SubjectLogonId">0x000000000081b0f2</Data>
<Data Name="NewProcessId">0x0000000000000c98</Data>
<Data Name="NewProcessName">C:\Program Files\Google\Chrome\Application\chrome.exe</Data>
<Data Name="TokenElevationType">%%1938</Data>
<Data Name="ProcessId">0x0000000000000e48</Data>
<Data Name="CommandLine"></Data>
</EventData>
</Event>

<Event xmlns="http://schemas.microsoft.com/win/2004/08/events/event"><System><Provider Name="Microsoft-Windows-Security-Auditing" Guid="{54849625-5478-4994-a5ba-3e3b0328c30d}"></Provider>
<EventID Qualifiers="">4688</EventID>
<Version>1</Version>
<Level>0</Level>
<Task>13312</Task>
<Opcode>0</Opcode>
<Keywords>0x8020000000000000</Keywords>
<TimeCreated SystemTime="2022-02-22 20:31:01.002275"></TimeCreated>
<EventRecordID>2322</EventRecordID>
<Correlation ActivityID="" RelatedActivityID=""></Correlation>
<Execution ProcessID="4" ThreadID="68"></Execution>
<Channel>Security</Channel>
<Computer>Victim-PC</Computer>
<Security UserID=""></Security>
</System>
<EventData><Data Name="SubjectUserSid">S-1-5-21-3080150547-3547025272-4171403288-1001</Data>
<Data Name="SubjectUserName">Victim</Data>
<Data Name="SubjectDomainName">Victim-PC</Data>
<Data Name="SubjectLogonId">0x000000000081b0f2</Data>
<Data Name="NewProcessId">0x0000000000000940</Data>
<Data Name="NewProcessName">C:\Program Files\Google\Chrome\Application\chrome.exe</Data>
<Data Name="TokenElevationType">%%1938</Data>
<Data Name="ProcessId">0x0000000000000e48</Data>
<Data Name="CommandLine"></Data>
</EventData>
</Event>

<Event xmlns="http://schemas.microsoft.com/win/2004/08/events/event"><System><Provider Name="Microsoft-Windows-Security-Auditing" Guid="{54849625-5478-4994-a5ba-3e3b0328c30d}"></Provider>
<EventID Qualifiers="">4689</EventID>
<Version>0</Version>
<Level>0</Level>
<Task>13313</Task>
<Opcode>0</Opcode>
<Keywords>0x8020000000000000</Keywords>
<TimeCreated SystemTime="2022-02-22 20:31:01.119461"></TimeCreated>
<EventRecordID>2323</EventRecordID>
<Correlation ActivityID="" RelatedActivityID=""></Correlation>
<Execution ProcessID="4" ThreadID="68"></Execution>
<Channel>Security</Channel>
<Computer>Victim-PC</Computer>
<Security UserID=""></Security>
</System>
<EventData><Data Name="SubjectUserSid">S-1-5-21-3080150547-3547025272-4171403288-1001</Data>
<Data Name="SubjectUserName">Victim</Data>
<Data Name="SubjectDomainName">Victim-PC</Data>
<Data Name="SubjectLogonId">0x000000000081b0f2</Data>
<Data Name="Status">0x00000000</Data>
<Data Name="ProcessId">0x0000000000000c98</Data>
<Data Name="ProcessName">C:\Program Files\Google\Chrome\Application\chrome.exe</Data>
</EventData>
</Event>

<Event xmlns="http://schemas.microsoft.com/win/2004/08/events/event"><System><Provider Name="Microsoft-Windows-Security-Auditing" Guid="{54849625-5478-4994-a5ba-3e3b0328c30d}"></Provider>
<EventID Qualifiers="">4689</EventID>
<Version>0</Version>
<Level>0</Level>
<Task>13313</Task>
<Opcode>0</Opcode>
<Keywords>0x8020000000000000</Keywords>
<TimeCreated SystemTime="2022-02-22 20:31:01.136063"></TimeCreated>
<EventRecordID>2324</EventRecordID>
<Correlation ActivityID="" RelatedActivityID=""></Correlation>
<Execution ProcessID="4" ThreadID="68"></Execution>
<Channel>Security</Channel>
<Computer>Victim-PC</Computer>
<Security UserID=""></Security>
</System>
<EventData><Data Name="SubjectUserSid">S-1-5-21-3080150547-3547025272-4171403288-1001</Data>
<Data Name="SubjectUserName">Victim</Data>
<Data Name="SubjectDomainName">Victim-PC</Data>
<Data Name="SubjectLogonId">0x000000000081b0f2</Data>
<Data Name="Status">0x00000000</Data>
<Data Name="ProcessId">0x0000000000000940</Data>
<Data Name="ProcessName">C:\Program Files\Google\Chrome\Application\chrome.exe</Data>
</EventData>
</Event>

<Event xmlns="http://schemas.microsoft.com/win/2004/08/events/event"><System><Provider Name="Microsoft-Windows-Security-Auditing" Guid="{54849625-5478-4994-a5ba-3e3b0328c30d}"></Provider>
<EventID Qualifiers="">4688</EventID>
<Version>1</Version>
<Level>0</Level>
<Task>13312</Task>
<Opcode>0</Opcode>
<Keywords>0x8020000000000000</Keywords>
<TimeCreated SystemTime="2022-02-22 20:31:03.158524"></TimeCreated>
<EventRecordID>2325</EventRecordID>
<Correlation ActivityID="" RelatedActivityID=""></Correlation>
<Execution ProcessID="4" ThreadID="68"></Execution>
<Channel>Security</Channel>
<Computer>Victim-PC</Computer>
<Security UserID=""></Security>
</System>
<EventData><Data Name="SubjectUserSid">S-1-5-21-3080150547-3547025272-4171403288-1001</Data>
<Data Name="SubjectUserName">Victim</Data>
<Data Name="SubjectDomainName">Victim-PC</Data>
<Data Name="SubjectLogonId">0x000000000081b0f2</Data>
<Data Name="NewProcessId">0x00000000000005a0</Data>
<Data Name="NewProcessName">C:\Program Files\Google\Chrome\Application\chrome.exe</Data>
<Data Name="TokenElevationType">%%1938</Data>
<Data Name="ProcessId">0x0000000000000e48</Data>
<Data Name="CommandLine"></Data>
</EventData>
</Event>

<Event xmlns="http://schemas.microsoft.com/win/2004/08/events/event"><System><Provider Name="Microsoft-Windows-Security-Auditing" Guid="{54849625-5478-4994-a5ba-3e3b0328c30d}"></Provider>
<EventID Qualifiers="">4688</EventID>
<Version>1</Version>
<Level>0</Level>
<Task>13312</Task>
<Opcode>0</Opcode>
<Keywords>0x8020000000000000</Keywords>
<TimeCreated SystemTime="2022-02-22 20:31:03.177078"></TimeCreated>
<EventRecordID>2326</EventRecordID>
<Correlation ActivityID="" RelatedActivityID=""></Correlation>
<Execution ProcessID="4" ThreadID="68"></Execution>
<Channel>Security</Channel>
<Computer>Victim-PC</Computer>
<Security UserID=""></Security>
</System>
<EventData><Data Name="SubjectUserSid">S-1-5-21-3080150547-3547025272-4171403288-1001</Data>
<Data Name="SubjectUserName">Victim</Data>
<Data Name="SubjectDomainName">Victim-PC</Data>
<Data Name="SubjectLogonId">0x000000000081b0f2</Data>
<Data Name="NewProcessId">0x000000000000102c</Data>
<Data Name="NewProcessName">C:\Program Files\Google\Chrome\Application\chrome.exe</Data>
<Data Name="TokenElevationType">%%1938</Data>
<Data Name="ProcessId">0x0000000000000e48</Data>
<Data Name="CommandLine"></Data>
</EventData>
</Event>

<Event xmlns="http://schemas.microsoft.com/win/2004/08/events/event"><System><Provider Name="Microsoft-Windows-Security-Auditing" Guid="{54849625-5478-4994-a5ba-3e3b0328c30d}"></Provider>
<EventID Qualifiers="">4689</EventID>
<Version>0</Version>
<Level>0</Level>
<Task>13313</Task>
<Opcode>0</Opcode>
<Keywords>0x8020000000000000</Keywords>
<TimeCreated SystemTime="2022-02-22 20:31:03.347977"></TimeCreated>
<EventRecordID>2327</EventRecordID>
<Correlation ActivityID="" RelatedActivityID=""></Correlation>
<Execution ProcessID="4" ThreadID="68"></Execution>
<Channel>Security</Channel>
<Computer>Victim-PC</Computer>
<Security UserID=""></Security>
</System>
<EventData><Data Name="SubjectUserSid">S-1-5-21-3080150547-3547025272-4171403288-1001</Data>
<Data Name="SubjectUserName">Victim</Data>
<Data Name="SubjectDomainName">Victim-PC</Data>
<Data Name="SubjectLogonId">0x000000000081b0f2</Data>
<Data Name="Status">0x00000000</Data>
<Data Name="ProcessId">0x000000000000102c</Data>
<Data Name="ProcessName">C:\Program Files\Google\Chrome\Application\chrome.exe</Data>
</EventData>
</Event>

<Event xmlns="http://schemas.microsoft.com/win/2004/08/events/event"><System><Provider Name="Microsoft-Windows-Security-Auditing" Guid="{54849625-5478-4994-a5ba-3e3b0328c30d}"></Provider>
<EventID Qualifiers="">4689</EventID>
<Version>0</Version>
<Level>0</Level>
<Task>13313</Task>
<Opcode>0</Opcode>
<Keywords>0x8020000000000000</Keywords>
<TimeCreated SystemTime="2022-02-22 20:31:03.348953"></TimeCreated>
<EventRecordID>2328</EventRecordID>
<Correlation ActivityID="" RelatedActivityID=""></Correlation>
<Execution ProcessID="4" ThreadID="68"></Execution>
<Channel>Security</Channel>
<Computer>Victim-PC</Computer>
<Security UserID=""></Security>
</System>
<EventData><Data Name="SubjectUserSid">S-1-5-21-3080150547-3547025272-4171403288-1001</Data>
<Data Name="SubjectUserName">Victim</Data>
<Data Name="SubjectDomainName">Victim-PC</Data>
<Data Name="SubjectLogonId">0x000000000081b0f2</Data>
<Data Name="Status">0x00000000</Data>
<Data Name="ProcessId">0x00000000000005a0</Data>
<Data Name="ProcessName">C:\Program Files\Google\Chrome\Application\chrome.exe</Data>
</EventData>
</Event>

<Event xmlns="http://schemas.microsoft.com/win/2004/08/events/event"><System><Provider Name="Microsoft-Windows-Security-Auditing" Guid="{54849625-5478-4994-a5ba-3e3b0328c30d}"></Provider>
<EventID Qualifiers="">4689</EventID>
<Version>0</Version>
<Level>0</Level>
<Task>13313</Task>
<Opcode>0</Opcode>
<Keywords>0x8020000000000000</Keywords>
<TimeCreated SystemTime="2022-02-22 20:31:14.206375"></TimeCreated>
<EventRecordID>2329</EventRecordID>
<Correlation ActivityID="" RelatedActivityID=""></Correlation>
<Execution ProcessID="4" ThreadID="68"></Execution>
<Channel>Security</Channel>
<Computer>Victim-PC</Computer>
<Security UserID=""></Security>
</System>
<EventData><Data Name="SubjectUserSid">S-1-5-21-3080150547-3547025272-4171403288-1001</Data>
<Data Name="SubjectUserName">Victim</Data>
<Data Name="SubjectDomainName">Victim-PC</Data>
<Data Name="SubjectLogonId">0x000000000081b0f2</Data>
<Data Name="Status">0x00000000</Data>
<Data Name="ProcessId">0x000000000000139c</Data>
<Data Name="ProcessName">C:\Program Files\Google\Chrome\Application\chrome.exe</Data>
</EventData>
</Event>

<Event xmlns="http://schemas.microsoft.com/win/2004/08/events/event"><System><Provider Name="Microsoft-Windows-Security-Auditing" Guid="{54849625-5478-4994-a5ba-3e3b0328c30d}"></Provider>
<EventID Qualifiers="">4689</EventID>
<Version>0</Version>
<Level>0</Level>
<Task>13313</Task>
<Opcode>0</Opcode>
<Keywords>0x8020000000000000</Keywords>
<TimeCreated SystemTime="2022-02-22 20:31:14.246414"></TimeCreated>
<EventRecordID>2330</EventRecordID>
<Correlation ActivityID="" RelatedActivityID=""></Correlation>
<Execution ProcessID="4" ThreadID="68"></Execution>
<Channel>Security</Channel>
<Computer>Victim-PC</Computer>
<Security UserID=""></Security>
</System>
<EventData><Data Name="SubjectUserSid">S-1-5-21-3080150547-3547025272-4171403288-1001</Data>
<Data Name="SubjectUserName">Victim</Data>
<Data Name="SubjectDomainName">Victim-PC</Data>
<Data Name="SubjectLogonId">0x000000000081b0f2</Data>
<Data Name="Status">0x00000000</Data>
<Data Name="ProcessId">0x000000000000093c</Data>
<Data Name="ProcessName">C:\Program Files\Google\Chrome\Application\chrome.exe</Data>
</EventData>
</Event>

<Event xmlns="http://schemas.microsoft.com/win/2004/08/events/event"><System><Provider Name="Microsoft-Windows-Security-Auditing" Guid="{54849625-5478-4994-a5ba-3e3b0328c30d}"></Provider>
<EventID Qualifiers="">4689</EventID>
<Version>0</Version>
<Level>0</Level>
<Task>13313</Task>
<Opcode>0</Opcode>
<Keywords>0x8020000000000000</Keywords>
<TimeCreated SystemTime="2022-02-22 20:31:25.494461"></TimeCreated>
<EventRecordID>2331</EventRecordID>
<Correlation ActivityID="" RelatedActivityID=""></Correlation>
<Execution ProcessID="4" ThreadID="68"></Execution>
<Channel>Security</Channel>
<Computer>Victim-PC</Computer>
<Security UserID=""></Security>
</System>
<EventData><Data Name="SubjectUserSid">S-1-5-21-3080150547-3547025272-4171403288-1001</Data>
<Data Name="SubjectUserName">Victim</Data>
<Data Name="SubjectDomainName">Victim-PC</Data>
<Data Name="SubjectLogonId">0x000000000081b0f2</Data>
<Data Name="Status">0x00000000</Data>
<Data Name="ProcessId">0x0000000000000bc0</Data>
<Data Name="ProcessName">C:\Program Files\Google\Chrome\Application\chrome.exe</Data>
</EventData>
</Event>

<Event xmlns="http://schemas.microsoft.com/win/2004/08/events/event"><System><Provider Name="Microsoft-Windows-Security-Auditing" Guid="{54849625-5478-4994-a5ba-3e3b0328c30d}"></Provider>
<EventID Qualifiers="">4689</EventID>
<Version>0</Version>
<Level>0</Level>
<Task>13313</Task>
<Opcode>0</Opcode>
<Keywords>0x8020000000000000</Keywords>
<TimeCreated SystemTime="2022-02-22 20:31:25.494461"></TimeCreated>
<EventRecordID>2332</EventRecordID>
<Correlation ActivityID="" RelatedActivityID=""></Correlation>
<Execution ProcessID="4" ThreadID="68"></Execution>
<Channel>Security</Channel>
<Computer>Victim-PC</Computer>
<Security UserID=""></Security>
</System>
<EventData><Data Name="SubjectUserSid">S-1-5-21-3080150547-3547025272-4171403288-1001</Data>
<Data Name="SubjectUserName">Victim</Data>
<Data Name="SubjectDomainName">Victim-PC</Data>
<Data Name="SubjectLogonId">0x000000000081b0f2</Data>
<Data Name="Status">0x00000000</Data>
<Data Name="ProcessId">0x0000000000000f20</Data>
<Data Name="ProcessName">C:\Program Files\Google\Chrome\Application\chrome.exe</Data>
</EventData>
</Event>

<Event xmlns="http://schemas.microsoft.com/win/2004/08/events/event"><System><Provider Name="Microsoft-Windows-Security-Auditing" Guid="{54849625-5478-4994-a5ba-3e3b0328c30d}"></Provider>
<EventID Qualifiers="">4689</EventID>
<Version>0</Version>
<Level>0</Level>
<Task>13313</Task>
<Opcode>0</Opcode>
<Keywords>0x8020000000000000</Keywords>
<TimeCreated SystemTime="2022-02-22 20:31:25.572586"></TimeCreated>
<EventRecordID>2333</EventRecordID>
<Correlation ActivityID="" RelatedActivityID=""></Correlation>
<Execution ProcessID="4" ThreadID="68"></Execution>
<Channel>Security</Channel>
<Computer>Victim-PC</Computer>
<Security UserID=""></Security>
</System>
<EventData><Data Name="SubjectUserSid">S-1-5-21-3080150547-3547025272-4171403288-1001</Data>
<Data Name="SubjectUserName">Victim</Data>
<Data Name="SubjectDomainName">Victim-PC</Data>
<Data Name="SubjectLogonId">0x000000000081b0f2</Data>
<Data Name="Status">0x00000000</Data>
<Data Name="ProcessId">0x000000000000085c</Data>
<Data Name="ProcessName">C:\Program Files\Google\Chrome\Application\chrome.exe</Data>
</EventData>
</Event>

<Event xmlns="http://schemas.microsoft.com/win/2004/08/events/event"><System><Provider Name="Microsoft-Windows-Security-Auditing" Guid="{54849625-5478-4994-a5ba-3e3b0328c30d}"></Provider>
<EventID Qualifiers="">4689</EventID>
<Version>0</Version>
<Level>0</Level>
<Task>13313</Task>
<Opcode>0</Opcode>
<Keywords>0x8020000000000000</Keywords>
<TimeCreated SystemTime="2022-02-22 20:31:25.588211"></TimeCreated>
<EventRecordID>2334</EventRecordID>
<Correlation ActivityID="" RelatedActivityID=""></Correlation>
<Execution ProcessID="4" ThreadID="68"></Execution>
<Channel>Security</Channel>
<Computer>Victim-PC</Computer>
<Security UserID=""></Security>
</System>
<EventData><Data Name="SubjectUserSid">S-1-5-21-3080150547-3547025272-4171403288-1001</Data>
<Data Name="SubjectUserName">Victim</Data>
<Data Name="SubjectDomainName">Victim-PC</Data>
<Data Name="SubjectLogonId">0x000000000081b0f2</Data>
<Data Name="Status">0x00000000</Data>
<Data Name="ProcessId">0x00000000000009e0</Data>
<Data Name="ProcessName">C:\Program Files\Google\Chrome\Application\chrome.exe</Data>
</EventData>
</Event>

<Event xmlns="http://schemas.microsoft.com/win/2004/08/events/event"><System><Provider Name="Microsoft-Windows-Security-Auditing" Guid="{54849625-5478-4994-a5ba-3e3b0328c30d}"></Provider>
<EventID Qualifiers="">4689</EventID>
<Version>0</Version>
<Level>0</Level>
<Task>13313</Task>
<Opcode>0</Opcode>
<Keywords>0x8020000000000000</Keywords>
<TimeCreated SystemTime="2022-02-22 20:31:25.588211"></TimeCreated>
<EventRecordID>2335</EventRecordID>
<Correlation ActivityID="" RelatedActivityID=""></Correlation>
<Execution ProcessID="4" ThreadID="68"></Execution>
<Channel>Security</Channel>
<Computer>Victim-PC</Computer>
<Security UserID=""></Security>
</System>
<EventData><Data Name="SubjectUserSid">S-1-5-21-3080150547-3547025272-4171403288-1001</Data>
<Data Name="SubjectUserName">Victim</Data>
<Data Name="SubjectDomainName">Victim-PC</Data>
<Data Name="SubjectLogonId">0x000000000081b0f2</Data>
<Data Name="Status">0x00000000</Data>
<Data Name="ProcessId">0x00000000000012e4</Data>
<Data Name="ProcessName">C:\Program Files\Google\Chrome\Application\chrome.exe</Data>
</EventData>
</Event>

<Event xmlns="http://schemas.microsoft.com/win/2004/08/events/event"><System><Provider Name="Microsoft-Windows-Security-Auditing" Guid="{54849625-5478-4994-a5ba-3e3b0328c30d}"></Provider>
<EventID Qualifiers="">4689</EventID>
<Version>0</Version>
<Level>0</Level>
<Task>13313</Task>
<Opcode>0</Opcode>
<Keywords>0x8020000000000000</Keywords>
<TimeCreated SystemTime="2022-02-22 20:31:25.588211"></TimeCreated>
<EventRecordID>2336</EventRecordID>
<Correlation ActivityID="" RelatedActivityID=""></Correlation>
<Execution ProcessID="4" ThreadID="68"></Execution>
<Channel>Security</Channel>
<Computer>Victim-PC</Computer>
<Security UserID=""></Security>
</System>
<EventData><Data Name="SubjectUserSid">S-1-5-21-3080150547-3547025272-4171403288-1001</Data>
<Data Name="SubjectUserName">Victim</Data>
<Data Name="SubjectDomainName">Victim-PC</Data>
<Data Name="SubjectLogonId">0x000000000081b0f2</Data>
<Data Name="Status">0x00000000</Data>
<Data Name="ProcessId">0x0000000000001024</Data>
<Data Name="ProcessName">C:\Program Files\Google\Chrome\Application\chrome.exe</Data>
</EventData>
</Event>

<Event xmlns="http://schemas.microsoft.com/win/2004/08/events/event"><System><Provider Name="Microsoft-Windows-Security-Auditing" Guid="{54849625-5478-4994-a5ba-3e3b0328c30d}"></Provider>
<EventID Qualifiers="">4689</EventID>
<Version>0</Version>
<Level>0</Level>
<Task>13313</Task>
<Opcode>0</Opcode>
<Keywords>0x8020000000000000</Keywords>
<TimeCreated SystemTime="2022-02-22 20:31:25.588211"></TimeCreated>
<EventRecordID>2337</EventRecordID>
<Correlation ActivityID="" RelatedActivityID=""></Correlation>
<Execution ProcessID="4" ThreadID="68"></Execution>
<Channel>Security</Channel>
<Computer>Victim-PC</Computer>
<Security UserID=""></Security>
</System>
<EventData><Data Name="SubjectUserSid">S-1-5-21-3080150547-3547025272-4171403288-1001</Data>
<Data Name="SubjectUserName">Victim</Data>
<Data Name="SubjectDomainName">Victim-PC</Data>
<Data Name="SubjectLogonId">0x000000000081b0f2</Data>
<Data Name="Status">0x00000000</Data>
<Data Name="ProcessId">0x0000000000000e48</Data>
<Data Name="ProcessName">C:\Program Files\Google\Chrome\Application\chrome.exe</Data>
</EventData>
</Event>

<Event xmlns="http://schemas.microsoft.com/win/2004/08/events/event"><System><Provider Name="Microsoft-Windows-Security-Auditing" Guid="{54849625-5478-4994-a5ba-3e3b0328c30d}"></Provider>
<EventID Qualifiers="">4689</EventID>
<Version>0</Version>
<Level>0</Level>
<Task>13313</Task>
<Opcode>0</Opcode>
<Keywords>0x8020000000000000</Keywords>
<TimeCreated SystemTime="2022-02-22 20:31:25.603836"></TimeCreated>
<EventRecordID>2338</EventRecordID>
<Correlation ActivityID="" RelatedActivityID=""></Correlation>
<Execution ProcessID="4" ThreadID="68"></Execution>
<Channel>Security</Channel>
<Computer>Victim-PC</Computer>
<Security UserID=""></Security>
</System>
<EventData><Data Name="SubjectUserSid">S-1-5-21-3080150547-3547025272-4171403288-1001</Data>
<Data Name="SubjectUserName">Victim</Data>
<Data Name="SubjectDomainName">Victim-PC</Data>
<Data Name="SubjectLogonId">0x000000000081b0f2</Data>
<Data Name="Status">0x00000000</Data>
<Data Name="ProcessId">0x00000000000013f4</Data>
<Data Name="ProcessName">C:\Program Files\Google\Chrome\Application\chrome.exe</Data>
</EventData>
</Event>

<Event xmlns="http://schemas.microsoft.com/win/2004/08/events/event"><System><Provider Name="Microsoft-Windows-Security-Auditing" Guid="{54849625-5478-4994-a5ba-3e3b0328c30d}"></Provider>
<EventID Qualifiers="">4689</EventID>
<Version>0</Version>
<Level>0</Level>
<Task>13313</Task>
<Opcode>0</Opcode>
<Keywords>0x8020000000000000</Keywords>
<TimeCreated SystemTime="2022-02-22 20:31:28.088211"></TimeCreated>
<EventRecordID>2339</EventRecordID>
<Correlation ActivityID="" RelatedActivityID=""></Correlation>
<Execution ProcessID="4" ThreadID="68"></Execution>
<Channel>Security</Channel>
<Computer>Victim-PC</Computer>
<Security UserID=""></Security>
</System>
<EventData><Data Name="SubjectUserSid">S-1-5-21-3080150547-3547025272-4171403288-1001</Data>
<Data Name="SubjectUserName">Victim</Data>
<Data Name="SubjectDomainName">Victim-PC</Data>
<Data Name="SubjectLogonId">0x000000000081b0e4</Data>
<Data Name="Status">0x00000000</Data>
<Data Name="ProcessId">0x0000000000000e38</Data>
<Data Name="ProcessName">C:\Windows\System32\mmc.exe</Data>
</EventData>
</Event>

<Event xmlns="http://schemas.microsoft.com/win/2004/08/events/event"><System><Provider Name="Microsoft-Windows-Security-Auditing" Guid="{54849625-5478-4994-a5ba-3e3b0328c30d}"></Provider>
<EventID Qualifiers="">4688</EventID>
<Version>1</Version>
<Level>0</Level>
<Task>13312</Task>
<Opcode>0</Opcode>
<Keywords>0x8020000000000000</Keywords>
<TimeCreated SystemTime="2022-02-22 20:31:37.916336"></TimeCreated>
<EventRecordID>2340</EventRecordID>
<Correlation ActivityID="" RelatedActivityID=""></Correlation>
<Execution ProcessID="4" ThreadID="68"></Execution>
<Channel>Security</Channel>
<Computer>Victim-PC</Computer>
<Security UserID=""></Security>
</System>
<EventData><Data Name="SubjectUserSid">S-1-5-19</Data>
<Data Name="SubjectUserName">LOCAL SERVICE</Data>
<Data Name="SubjectDomainName">NT AUTHORITY</Data>
<Data Name="SubjectLogonId">0x00000000000003e5</Data>
<Data Name="NewProcessId">0x0000000000000ffc</Data>
<Data Name="NewProcessName">C:\Windows\System32\audiodg.exe</Data>
<Data Name="TokenElevationType">%%1936</Data>
<Data Name="ProcessId">0x0000000000000300</Data>
<Data Name="CommandLine"></Data>
</EventData>
</Event>

<Event xmlns="http://schemas.microsoft.com/win/2004/08/events/event"><System><Provider Name="Microsoft-Windows-Security-Auditing" Guid="{54849625-5478-4994-a5ba-3e3b0328c30d}"></Provider>
<EventID Qualifiers="">4616</EventID>
<Version>1</Version>
<Level>0</Level>
<Task>12288</Task>
<Opcode>0</Opcode>
<Keywords>0x8020000000000000</Keywords>
<TimeCreated SystemTime="2022-02-22 20:37:14.737000"></TimeCreated>
<EventRecordID>2341</EventRecordID>
<Correlation ActivityID="" RelatedActivityID=""></Correlation>
<Execution ProcessID="4" ThreadID="68"></Execution>
<Channel>Security</Channel>
<Computer>Victim-PC</Computer>
<Security UserID=""></Security>
</System>
<EventData><Data Name="SubjectUserSid">S-1-5-18</Data>
<Data Name="SubjectUserName">VICTIM-PC$</Data>
<Data Name="SubjectDomainName">WORKGROUP</Data>
<Data Name="SubjectLogonId">0x00000000000003e7</Data>
<Data Name="PreviousTime">2022-02-22 20:31:46.004227</Data>
<Data Name="NewTime">2022-02-22 20:37:14.737000</Data>
<Data Name="ProcessId">0x0000000000000294</Data>
<Data Name="ProcessName">C:\Windows\System32\VBoxService.exe</Data>
</EventData>
</Event>

<Event xmlns="http://schemas.microsoft.com/win/2004/08/events/event"><System><Provider Name="Microsoft-Windows-Security-Auditing" Guid="{54849625-5478-4994-a5ba-3e3b0328c30d}"></Provider>
<EventID Qualifiers="">4688</EventID>
<Version>1</Version>
<Level>0</Level>
<Task>13312</Task>
<Opcode>0</Opcode>
<Keywords>0x8020000000000000</Keywords>
<TimeCreated SystemTime="2022-02-22 20:37:15.268250"></TimeCreated>
<EventRecordID>2342</EventRecordID>
<Correlation ActivityID="" RelatedActivityID=""></Correlation>
<Execution ProcessID="4" ThreadID="44"></Execution>
<Channel>Security</Channel>
<Computer>Victim-PC</Computer>
<Security UserID=""></Security>
</System>
<EventData><Data Name="SubjectUserSid">S-1-5-18</Data>
<Data Name="SubjectUserName">VICTIM-PC$</Data>
<Data Name="SubjectDomainName">WORKGROUP</Data>
<Data Name="SubjectLogonId">0x00000000000003e7</Data>
<Data Name="NewProcessId">0x0000000000000c90</Data>
<Data Name="NewProcessName">C:\Windows\System32\mobsync.exe</Data>
<Data Name="TokenElevationType">%%1938</Data>
<Data Name="ProcessId">0x0000000000000254</Data>
<Data Name="CommandLine"></Data>
</EventData>
</Event>

<Event xmlns="http://schemas.microsoft.com/win/2004/08/events/event"><System><Provider Name="Microsoft-Windows-Security-Auditing" Guid="{54849625-5478-4994-a5ba-3e3b0328c30d}"></Provider>
<EventID Qualifiers="">4688</EventID>
<Version>1</Version>
<Level>0</Level>
<Task>13312</Task>
<Opcode>0</Opcode>
<Keywords>0x8020000000000000</Keywords>
<TimeCreated SystemTime="2022-02-22 20:37:15.533875"></TimeCreated>
<EventRecordID>2343</EventRecordID>
<Correlation ActivityID="" RelatedActivityID=""></Correlation>
<Execution ProcessID="4" ThreadID="68"></Execution>
<Channel>Security</Channel>
<Computer>Victim-PC</Computer>
<Security UserID=""></Security>
</System>
<EventData><Data Name="SubjectUserSid">S-1-5-18</Data>
<Data Name="SubjectUserName">VICTIM-PC$</Data>
<Data Name="SubjectDomainName">WORKGROUP</Data>
<Data Name="SubjectLogonId">0x00000000000003e7</Data>
<Data Name="NewProcessId">0x0000000000000b38</Data>
<Data Name="NewProcessName">C:\Windows\System32\slui.exe</Data>
<Data Name="TokenElevationType">%%1938</Data>
<Data Name="ProcessId">0x0000000000000254</Data>
<Data Name="CommandLine"></Data>
</EventData>
</Event>

<Event xmlns="http://schemas.microsoft.com/win/2004/08/events/event"><System><Provider Name="Microsoft-Windows-Security-Auditing" Guid="{54849625-5478-4994-a5ba-3e3b0328c30d}"></Provider>
<EventID Qualifiers="">4689</EventID>
<Version>0</Version>
<Level>0</Level>
<Task>13313</Task>
<Opcode>0</Opcode>
<Keywords>0x8020000000000000</Keywords>
<TimeCreated SystemTime="2022-02-22 20:37:15.580750"></TimeCreated>
<EventRecordID>2344</EventRecordID>
<Correlation ActivityID="" RelatedActivityID=""></Correlation>
<Execution ProcessID="4" ThreadID="68"></Execution>
<Channel>Security</Channel>
<Computer>Victim-PC</Computer>
<Security UserID=""></Security>
</System>
<EventData><Data Name="SubjectUserSid">S-1-5-21-3080150547-3547025272-4171403288-1001</Data>
<Data Name="SubjectUserName">Victim</Data>
<Data Name="SubjectDomainName">Victim-PC</Data>
<Data Name="SubjectLogonId">0x000000000081b0f2</Data>
<Data Name="Status">0x00000000</Data>
<Data Name="ProcessId">0x0000000000000b38</Data>
<Data Name="ProcessName">C:\Windows\System32\slui.exe</Data>
</EventData>
</Event>

<Event xmlns="http://schemas.microsoft.com/win/2004/08/events/event"><System><Provider Name="Microsoft-Windows-Security-Auditing" Guid="{54849625-5478-4994-a5ba-3e3b0328c30d}"></Provider>
<EventID Qualifiers="">4688</EventID>
<Version>1</Version>
<Level>0</Level>
<Task>13312</Task>
<Opcode>0</Opcode>
<Keywords>0x8020000000000000</Keywords>
<TimeCreated SystemTime="2022-02-22 20:37:18.893250"></TimeCreated>
<EventRecordID>2345</EventRecordID>
<Correlation ActivityID="" RelatedActivityID=""></Correlation>
<Execution ProcessID="4" ThreadID="68"></Execution>
<Channel>Security</Channel>
<Computer>Victim-PC</Computer>
<Security UserID=""></Security>
</System>
<EventData><Data Name="SubjectUserSid">S-1-5-18</Data>
<Data Name="SubjectUserName">VICTIM-PC$</Data>
<Data Name="SubjectDomainName">WORKGROUP</Data>
<Data Name="SubjectLogonId">0x00000000000003e7</Data>
<Data Name="NewProcessId">0x0000000000000e08</Data>
<Data Name="NewProcessName">C:\Windows\System32\slui.exe</Data>
<Data Name="TokenElevationType">%%1938</Data>
<Data Name="ProcessId">0x0000000000000254</Data>
<Data Name="CommandLine"></Data>
</EventData>
</Event>

<Event xmlns="http://schemas.microsoft.com/win/2004/08/events/event"><System><Provider Name="Microsoft-Windows-Security-Auditing" Guid="{54849625-5478-4994-a5ba-3e3b0328c30d}"></Provider>
<EventID Qualifiers="">4689</EventID>
<Version>0</Version>
<Level>0</Level>
<Task>13313</Task>
<Opcode>0</Opcode>
<Keywords>0x8020000000000000</Keywords>
<TimeCreated SystemTime="2022-02-22 20:37:18.940125"></TimeCreated>
<EventRecordID>2346</EventRecordID>
<Correlation ActivityID="" RelatedActivityID=""></Correlation>
<Execution ProcessID="4" ThreadID="68"></Execution>
<Channel>Security</Channel>
<Computer>Victim-PC</Computer>
<Security UserID=""></Security>
</System>
<EventData><Data Name="SubjectUserSid">S-1-5-21-3080150547-3547025272-4171403288-1001</Data>
<Data Name="SubjectUserName">Victim</Data>
<Data Name="SubjectDomainName">Victim-PC</Data>
<Data Name="SubjectLogonId">0x000000000081b0f2</Data>
<Data Name="Status">0x00000000</Data>
<Data Name="ProcessId">0x0000000000000e08</Data>
<Data Name="ProcessName">C:\Windows\System32\slui.exe</Data>
</EventData>
</Event>

<Event xmlns="http://schemas.microsoft.com/win/2004/08/events/event"><System><Provider Name="Microsoft-Windows-Security-Auditing" Guid="{54849625-5478-4994-a5ba-3e3b0328c30d}"></Provider>
<EventID Qualifiers="">4688</EventID>
<Version>1</Version>
<Level>0</Level>
<Task>13312</Task>
<Opcode>0</Opcode>
<Keywords>0x8020000000000000</Keywords>
<TimeCreated SystemTime="2022-02-22 20:37:19.408875"></TimeCreated>
<EventRecordID>2347</EventRecordID>
<Correlation ActivityID="" RelatedActivityID=""></Correlation>
<Execution ProcessID="4" ThreadID="44"></Execution>
<Channel>Security</Channel>
<Computer>Victim-PC</Computer>
<Security UserID=""></Security>
</System>
<EventData><Data Name="SubjectUserSid">S-1-5-21-3080150547-3547025272-4171403288-1001</Data>
<Data Name="SubjectUserName">Victim</Data>
<Data Name="SubjectDomainName">Victim-PC</Data>
<Data Name="SubjectLogonId">0x000000000081b0f2</Data>
<Data Name="NewProcessId">0x0000000000000d58</Data>
<Data Name="NewProcessName">C:\Program Files\Windows Media Player\wmpnscfg.exe</Data>
<Data Name="TokenElevationType">%%1938</Data>
<Data Name="ProcessId">0x0000000000000fe0</Data>
<Data Name="CommandLine"></Data>
</EventData>
</Event>

<Event xmlns="http://schemas.microsoft.com/win/2004/08/events/event"><System><Provider Name="Microsoft-Windows-Security-Auditing" Guid="{54849625-5478-4994-a5ba-3e3b0328c30d}"></Provider>
<EventID Qualifiers="">4689</EventID>
<Version>0</Version>
<Level>0</Level>
<Task>13313</Task>
<Opcode>0</Opcode>
<Keywords>0x8020000000000000</Keywords>
<TimeCreated SystemTime="2022-02-22 20:37:19.455750"></TimeCreated>
<EventRecordID>2348</EventRecordID>
<Correlation ActivityID="" RelatedActivityID=""></Correlation>
<Execution ProcessID="4" ThreadID="44"></Execution>
<Channel>Security</Channel>
<Computer>Victim-PC</Computer>
<Security UserID=""></Security>
</System>
<EventData><Data Name="SubjectUserSid">S-1-5-21-3080150547-3547025272-4171403288-1001</Data>
<Data Name="SubjectUserName">Victim</Data>
<Data Name="SubjectDomainName">Victim-PC</Data>
<Data Name="SubjectLogonId">0x000000000081b0f2</Data>
<Data Name="Status">0x00000000</Data>
<Data Name="ProcessId">0x0000000000000d58</Data>
<Data Name="ProcessName">C:\Program Files\Windows Media Player\wmpnscfg.exe</Data>
</EventData>
</Event>

<Event xmlns="http://schemas.microsoft.com/win/2004/08/events/event"><System><Provider Name="Microsoft-Windows-Security-Auditing" Guid="{54849625-5478-4994-a5ba-3e3b0328c30d}"></Provider>
<EventID Qualifiers="">4688</EventID>
<Version>1</Version>
<Level>0</Level>
<Task>13312</Task>
<Opcode>0</Opcode>
<Keywords>0x8020000000000000</Keywords>
<TimeCreated SystemTime="2022-02-22 20:37:19.487000"></TimeCreated>
<EventRecordID>2349</EventRecordID>
<Correlation ActivityID="" RelatedActivityID=""></Correlation>
<Execution ProcessID="4" ThreadID="44"></Execution>
<Channel>Security</Channel>
<Computer>Victim-PC</Computer>
<Security UserID=""></Security>
</System>
<EventData><Data Name="SubjectUserSid">S-1-5-18</Data>
<Data Name="SubjectUserName">VICTIM-PC$</Data>
<Data Name="SubjectDomainName">WORKGROUP</Data>
<Data Name="SubjectLogonId">0x00000000000003e7</Data>
<Data Name="NewProcessId">0x00000000000013cc</Data>
<Data Name="NewProcessName">C:\Windows\System32\slui.exe</Data>
<Data Name="TokenElevationType">%%1938</Data>
<Data Name="ProcessId">0x0000000000000254</Data>
<Data Name="CommandLine"></Data>
</EventData>
</Event>

<Event xmlns="http://schemas.microsoft.com/win/2004/08/events/event"><System><Provider Name="Microsoft-Windows-Security-Auditing" Guid="{54849625-5478-4994-a5ba-3e3b0328c30d}"></Provider>
<EventID Qualifiers="">4688</EventID>
<Version>1</Version>
<Level>0</Level>
<Task>13312</Task>
<Opcode>0</Opcode>
<Keywords>0x8020000000000000</Keywords>
<TimeCreated SystemTime="2022-02-22 20:37:19.487000"></TimeCreated>
<EventRecordID>2350</EventRecordID>
<Correlation ActivityID="" RelatedActivityID=""></Correlation>
<Execution ProcessID="4" ThreadID="44"></Execution>
<Channel>Security</Channel>
<Computer>Victim-PC</Computer>
<Security UserID=""></Security>
</System>
<EventData><Data Name="SubjectUserSid">S-1-5-21-3080150547-3547025272-4171403288-1001</Data>
<Data Name="SubjectUserName">Victim</Data>
<Data Name="SubjectDomainName">Victim-PC</Data>
<Data Name="SubjectLogonId">0x000000000081b0f2</Data>
<Data Name="NewProcessId">0x0000000000000d80</Data>
<Data Name="NewProcessName">C:\Program Files\Windows Media Player\wmpnscfg.exe</Data>
<Data Name="TokenElevationType">%%1938</Data>
<Data Name="ProcessId">0x0000000000000fe0</Data>
<Data Name="CommandLine"></Data>
</EventData>
</Event>

<Event xmlns="http://schemas.microsoft.com/win/2004/08/events/event"><System><Provider Name="Microsoft-Windows-Security-Auditing" Guid="{54849625-5478-4994-a5ba-3e3b0328c30d}"></Provider>
<EventID Qualifiers="">4689</EventID>
<Version>0</Version>
<Level>0</Level>
<Task>13313</Task>
<Opcode>0</Opcode>
<Keywords>0x8020000000000000</Keywords>
<TimeCreated SystemTime="2022-02-22 20:37:19.549500"></TimeCreated>
<EventRecordID>2351</EventRecordID>
<Correlation ActivityID="" RelatedActivityID=""></Correlation>
<Execution ProcessID="4" ThreadID="44"></Execution>
<Channel>Security</Channel>
<Computer>Victim-PC</Computer>
<Security UserID=""></Security>
</System>
<EventData><Data Name="SubjectUserSid">S-1-5-21-3080150547-3547025272-4171403288-1001</Data>
<Data Name="SubjectUserName">Victim</Data>
<Data Name="SubjectDomainName">Victim-PC</Data>
<Data Name="SubjectLogonId">0x000000000081b0f2</Data>
<Data Name="Status">0x00000000</Data>
<Data Name="ProcessId">0x00000000000013cc</Data>
<Data Name="ProcessName">C:\Windows\System32\slui.exe</Data>
</EventData>
</Event>

<Event xmlns="http://schemas.microsoft.com/win/2004/08/events/event"><System><Provider Name="Microsoft-Windows-Security-Auditing" Guid="{54849625-5478-4994-a5ba-3e3b0328c30d}"></Provider>
<EventID Qualifiers="">4689</EventID>
<Version>0</Version>
<Level>0</Level>
<Task>13313</Task>
<Opcode>0</Opcode>
<Keywords>0x8020000000000000</Keywords>
<TimeCreated SystemTime="2022-02-22 20:37:19.549500"></TimeCreated>
<EventRecordID>2352</EventRecordID>
<Correlation ActivityID="" RelatedActivityID=""></Correlation>
<Execution ProcessID="4" ThreadID="44"></Execution>
<Channel>Security</Channel>
<Computer>Victim-PC</Computer>
<Security UserID=""></Security>
</System>
<EventData><Data Name="SubjectUserSid">S-1-5-21-3080150547-3547025272-4171403288-1001</Data>
<Data Name="SubjectUserName">Victim</Data>
<Data Name="SubjectDomainName">Victim-PC</Data>
<Data Name="SubjectLogonId">0x000000000081b0f2</Data>
<Data Name="Status">0x00000000</Data>
<Data Name="ProcessId">0x0000000000000d80</Data>
<Data Name="ProcessName">C:\Program Files\Windows Media Player\wmpnscfg.exe</Data>
</EventData>
</Event>

<Event xmlns="http://schemas.microsoft.com/win/2004/08/events/event"><System><Provider Name="Microsoft-Windows-Security-Auditing" Guid="{54849625-5478-4994-a5ba-3e3b0328c30d}"></Provider>
<EventID Qualifiers="">4689</EventID>
<Version>0</Version>
<Level>0</Level>
<Task>13313</Task>
<Opcode>0</Opcode>
<Keywords>0x8020000000000000</Keywords>
<TimeCreated SystemTime="2022-02-22 20:37:31.315125"></TimeCreated>
<EventRecordID>2353</EventRecordID>
<Correlation ActivityID="" RelatedActivityID=""></Correlation>
<Execution ProcessID="4" ThreadID="44"></Execution>
<Channel>Security</Channel>
<Computer>Victim-PC</Computer>
<Security UserID=""></Security>
</System>
<EventData><Data Name="SubjectUserSid">S-1-5-21-3080150547-3547025272-4171403288-1001</Data>
<Data Name="SubjectUserName">Victim</Data>
<Data Name="SubjectDomainName">Victim-PC</Data>
<Data Name="SubjectLogonId">0x000000000081b0f2</Data>
<Data Name="Status">0x00000000</Data>
<Data Name="ProcessId">0x0000000000000c90</Data>
<Data Name="ProcessName">C:\Windows\System32\mobsync.exe</Data>
</EventData>
</Event>

<Event xmlns="http://schemas.microsoft.com/win/2004/08/events/event"><System><Provider Name="Microsoft-Windows-Security-Auditing" Guid="{54849625-5478-4994-a5ba-3e3b0328c30d}"></Provider>
<EventID Qualifiers="">4776</EventID>
<Version>0</Version>
<Level>0</Level>
<Task>14336</Task>
<Opcode>0</Opcode>
<Keywords>0x8010000000000000</Keywords>
<TimeCreated SystemTime="2022-02-22 20:38:15.752625"></TimeCreated>
<EventRecordID>2354</EventRecordID>
<Correlation ActivityID="" RelatedActivityID=""></Correlation>
<Execution ProcessID="484" ThreadID="3804"></Execution>
<Channel>Security</Channel>
<Computer>Victim-PC</Computer>
<Security UserID=""></Security>
</System>
<EventData><Data Name="PackageName">MICROSOFT_AUTHENTICATION_PACKAGE_V1_0</Data>
<Data Name="TargetUserName">victim</Data>
<Data Name="Workstation">LinuxServerWebServer</Data>
<Data Name="Status">0xc000006a</Data>
</EventData>
</Event>

<Event xmlns="http://schemas.microsoft.com/win/2004/08/events/event"><System><Provider Name="Microsoft-Windows-Security-Auditing" Guid="{54849625-5478-4994-a5ba-3e3b0328c30d}"></Provider>
<EventID Qualifiers="">4625</EventID>
<Version>0</Version>
<Level>0</Level>
<Task>12544</Task>
<Opcode>0</Opcode>
<Keywords>0x8010000000000000</Keywords>
<TimeCreated SystemTime="2022-02-22 20:38:15.752625"></TimeCreated>
<EventRecordID>2355</EventRecordID>
<Correlation ActivityID="" RelatedActivityID=""></Correlation>
<Execution ProcessID="484" ThreadID="3804"></Execution>
<Channel>Security</Channel>
<Computer>Victim-PC</Computer>
<Security UserID=""></Security>
</System>
<EventData><Data Name="SubjectUserSid">S-1-0-0</Data>
<Data Name="SubjectUserName">-</Data>
<Data Name="SubjectDomainName">-</Data>
<Data Name="SubjectLogonId">0x0000000000000000</Data>
<Data Name="TargetUserSid">S-1-0-0</Data>
<Data Name="TargetUserName">victim</Data>
<Data Name="TargetDomainName"></Data>
<Data Name="Status">0xc000006d</Data>
<Data Name="FailureReason">%%2313</Data>
<Data Name="SubStatus">0xc000006a</Data>
<Data Name="LogonType">3</Data>
<Data Name="LogonProcessName">NtLmSsp </Data>
<Data Name="AuthenticationPackageName">NTLM</Data>
<Data Name="WorkstationName">LinuxServerWebServer</Data>
<Data Name="TransmittedServices">-</Data>
<Data Name="LmPackageName">-</Data>
<Data Name="KeyLength">0</Data>
<Data Name="ProcessId">0x0000000000000000</Data>
<Data Name="ProcessName">-</Data>
<Data Name="IpAddress">-</Data>
<Data Name="IpPort">-</Data>
</EventData>
</Event>

<Event xmlns="http://schemas.microsoft.com/win/2004/08/events/event"><System><Provider Name="Microsoft-Windows-Security-Auditing" Guid="{54849625-5478-4994-a5ba-3e3b0328c30d}"></Provider>
<EventID Qualifiers="">4776</EventID>
<Version>0</Version>
<Level>0</Level>
<Task>14336</Task>
<Opcode>0</Opcode>
<Keywords>0x8010000000000000</Keywords>
<TimeCreated SystemTime="2022-02-22 20:38:17.502625"></TimeCreated>
<EventRecordID>2356</EventRecordID>
<Correlation ActivityID="" RelatedActivityID=""></Correlation>
<Execution ProcessID="484" ThreadID="3804"></Execution>
<Channel>Security</Channel>
<Computer>Victim-PC</Computer>
<Security UserID=""></Security>
</System>
<EventData><Data Name="PackageName">MICROSOFT_AUTHENTICATION_PACKAGE_V1_0</Data>
<Data Name="TargetUserName">victim</Data>
<Data Name="Workstation">LinuxServerWebServer</Data>
<Data Name="Status">0xc000006a</Data>
</EventData>
</Event>

<Event xmlns="http://schemas.microsoft.com/win/2004/08/events/event"><System><Provider Name="Microsoft-Windows-Security-Auditing" Guid="{54849625-5478-4994-a5ba-3e3b0328c30d}"></Provider>
<EventID Qualifiers="">4625</EventID>
<Version>0</Version>
<Level>0</Level>
<Task>12544</Task>
<Opcode>0</Opcode>
<Keywords>0x8010000000000000</Keywords>
<TimeCreated SystemTime="2022-02-22 20:38:17.502625"></TimeCreated>
<EventRecordID>2357</EventRecordID>
<Correlation ActivityID="" RelatedActivityID=""></Correlation>
<Execution ProcessID="484" ThreadID="3804"></Execution>
<Channel>Security</Channel>
<Computer>Victim-PC</Computer>
<Security UserID=""></Security>
</System>
<EventData><Data Name="SubjectUserSid">S-1-0-0</Data>
<Data Name="SubjectUserName">-</Data>
<Data Name="SubjectDomainName">-</Data>
<Data Name="SubjectLogonId">0x0000000000000000</Data>
<Data Name="TargetUserSid">S-1-0-0</Data>
<Data Name="TargetUserName">victim</Data>
<Data Name="TargetDomainName"></Data>
<Data Name="Status">0xc000006d</Data>
<Data Name="FailureReason">%%2313</Data>
<Data Name="SubStatus">0xc000006a</Data>
<Data Name="LogonType">3</Data>
<Data Name="LogonProcessName">NtLmSsp </Data>
<Data Name="AuthenticationPackageName">NTLM</Data>
<Data Name="WorkstationName">LinuxServerWebServer</Data>
<Data Name="TransmittedServices">-</Data>
<Data Name="LmPackageName">-</Data>
<Data Name="KeyLength">0</Data>
<Data Name="ProcessId">0x0000000000000000</Data>
<Data Name="ProcessName">-</Data>
<Data Name="IpAddress">-</Data>
<Data Name="IpPort">-</Data>
</EventData>
</Event>

