<Event xmlns="http://schemas.microsoft.com/win/2004/08/events/event"><System><Provider Name="Microsoft-Windows-Security-Auditing" Guid="{54849625-5478-4994-a5ba-3e3b0328c30d}"></Provider>
<EventID Qualifiers="">4688</EventID>
<Version>1</Version>
<Level>0</Level>
<Task>13312</Task>
<Opcode>0</Opcode>
<Keywords>0x8020000000000000</Keywords>
<TimeCreated SystemTime="2022-02-22 20:58:48.705519"></TimeCreated>
<EventRecordID>2609</EventRecordID>
<Correlation ActivityID="" RelatedActivityID=""></Correlation>
<Execution ProcessID="4" ThreadID="60"></Execution>
<Channel>Security</Channel>
<Computer>Victim-PC</Computer>
<Security UserID=""></Security>
</System>
<EventData><Data Name="SubjectUserSid">S-1-5-21-3080150547-3547025272-4171403288-1001</Data>
<Data Name="SubjectUserName">Victim</Data>
<Data Name="SubjectDomainName">Victim-PC</Data>
<Data Name="SubjectLogonId">0x000000000081b0f2</Data>
<Data Name="NewProcessId">0x0000000000000bc8</Data>
<Data Name="NewProcessName">C:\Users\Victim\Desktop\YouWillCryRansomware3000.exe</Data>
<Data Name="TokenElevationType">%%1938</Data>
<Data Name="ProcessId">0x0000000000000fe0</Data>
<Data Name="CommandLine"></Data>
</EventData>
</Event>

<Event xmlns="http://schemas.microsoft.com/win/2004/08/events/event"><System><Provider Name="Microsoft-Windows-Security-Auditing" Guid="{54849625-5478-4994-a5ba-3e3b0328c30d}"></Provider>
<EventID Qualifiers="">4688</EventID>
<Version>1</Version>
<Level>0</Level>
<Task>13312</Task>
<Opcode>0</Opcode>
<Keywords>0x8020000000000000</Keywords>
<TimeCreated SystemTime="2022-02-22 20:58:48.799269"></TimeCreated>
<EventRecordID>2610</EventRecordID>
<Correlation ActivityID="" RelatedActivityID=""></Correlation>
<Execution ProcessID="4" ThreadID="60"></Execution>
<Channel>Security</Channel>
<Computer>Victim-PC</Computer>
<Security UserID=""></Security>
</System>
<EventData><Data Name="SubjectUserSid">S-1-5-18</Data>
<Data Name="SubjectUserName">VICTIM-PC$</Data>
<Data Name="SubjectDomainName">WORKGROUP</Data>
<Data Name="SubjectLogonId">0x00000000000003e7</Data>
<Data Name="NewProcessId">0x0000000000000bbc</Data>
<Data Name="NewProcessName">C:\Windows\System32\SearchProtocolHost.exe</Data>
<Data Name="TokenElevationType">%%1936</Data>
<Data Name="ProcessId">0x00000000000008a8</Data>
<Data Name="CommandLine"></Data>
</EventData>
</Event>

<Event xmlns="http://schemas.microsoft.com/win/2004/08/events/event"><System><Provider Name="Microsoft-Windows-Security-Auditing" Guid="{54849625-5478-4994-a5ba-3e3b0328c30d}"></Provider>
<EventID Qualifiers="">4688</EventID>
<Version>1</Version>
<Level>0</Level>
<Task>13312</Task>
<Opcode>0</Opcode>
<Keywords>0x8020000000000000</Keywords>
<TimeCreated SystemTime="2022-02-22 20:58:48.924269"></TimeCreated>
<EventRecordID>2611</EventRecordID>
<Correlation ActivityID="" RelatedActivityID=""></Correlation>
<Execution ProcessID="4" ThreadID="60"></Execution>
<Channel>Security</Channel>
<Computer>Victim-PC</Computer>
<Security UserID=""></Security>
</System>
<EventData><Data Name="SubjectUserSid">S-1-5-18</Data>
<Data Name="SubjectUserName">VICTIM-PC$</Data>
<Data Name="SubjectDomainName">WORKGROUP</Data>
<Data Name="SubjectLogonId">0x00000000000003e7</Data>
<Data Name="NewProcessId">0x0000000000000264</Data>
<Data Name="NewProcessName">C:\Windows\System32\SearchFilterHost.exe</Data>
<Data Name="TokenElevationType">%%1936</Data>
<Data Name="ProcessId">0x00000000000008a8</Data>
<Data Name="CommandLine"></Data>
</EventData>
</Event>

<Event xmlns="http://schemas.microsoft.com/win/2004/08/events/event"><System><Provider Name="Microsoft-Windows-Security-Auditing" Guid="{54849625-5478-4994-a5ba-3e3b0328c30d}"></Provider>
<EventID Qualifiers="">4688</EventID>
<Version>1</Version>
<Level>0</Level>
<Task>13312</Task>
<Opcode>0</Opcode>
<Keywords>0x8020000000000000</Keywords>
<TimeCreated SystemTime="2022-02-22 20:59:15.158642"></TimeCreated>
<EventRecordID>2612</EventRecordID>
<Correlation ActivityID="" RelatedActivityID=""></Correlation>
<Execution ProcessID="4" ThreadID="60"></Execution>
<Channel>Security</Channel>
<Computer>Victim-PC</Computer>
<Security UserID=""></Security>
</System>
<EventData><Data Name="SubjectUserSid">S-1-5-18</Data>
<Data Name="SubjectUserName">VICTIM-PC$</Data>
<Data Name="SubjectDomainName">WORKGROUP</Data>
<Data Name="SubjectLogonId">0x00000000000003e7</Data>
<Data Name="NewProcessId">0x0000000000000988</Data>
<Data Name="NewProcessName">C:\Windows\System32\dllhost.exe</Data>
<Data Name="TokenElevationType">%%1938</Data>
<Data Name="ProcessId">0x0000000000000254</Data>
<Data Name="CommandLine"></Data>
</EventData>
</Event>

<Event xmlns="http://schemas.microsoft.com/win/2004/08/events/event"><System><Provider Name="Microsoft-Windows-Security-Auditing" Guid="{54849625-5478-4994-a5ba-3e3b0328c30d}"></Provider>
<EventID Qualifiers="">4689</EventID>
<Version>0</Version>
<Level>0</Level>
<Task>13313</Task>
<Opcode>0</Opcode>
<Keywords>0x8020000000000000</Keywords>
<TimeCreated SystemTime="2022-02-22 20:59:18.627394"></TimeCreated>
<EventRecordID>2613</EventRecordID>
<Correlation ActivityID="" RelatedActivityID=""></Correlation>
<Execution ProcessID="4" ThreadID="60"></Execution>
<Channel>Security</Channel>
<Computer>Victim-PC</Computer>
<Security UserID=""></Security>
</System>
<EventData><Data Name="SubjectUserSid">S-1-5-21-3080150547-3547025272-4171403288-1001</Data>
<Data Name="SubjectUserName">Victim</Data>
<Data Name="SubjectDomainName">Victim-PC</Data>
<Data Name="SubjectLogonId">0x000000000081b0f2</Data>
<Data Name="Status">0x00000000</Data>
<Data Name="ProcessId">0x0000000000000bc8</Data>
<Data Name="ProcessName">C:\Python27\pythonw.exe</Data>
</EventData>
</Event>

<Event xmlns="http://schemas.microsoft.com/win/2004/08/events/event"><System><Provider Name="Microsoft-Windows-Security-Auditing" Guid="{54849625-5478-4994-a5ba-3e3b0328c30d}"></Provider>
<EventID Qualifiers="">4689</EventID>
<Version>0</Version>
<Level>0</Level>
<Task>13313</Task>
<Opcode>0</Opcode>
<Keywords>0x8020000000000000</Keywords>
<TimeCreated SystemTime="2022-02-22 20:59:21.658642"></TimeCreated>
<EventRecordID>2614</EventRecordID>
<Correlation ActivityID="" RelatedActivityID=""></Correlation>
<Execution ProcessID="4" ThreadID="60"></Execution>
<Channel>Security</Channel>
<Computer>Victim-PC</Computer>
<Security UserID=""></Security>
</System>
<EventData><Data Name="SubjectUserSid">S-1-5-21-3080150547-3547025272-4171403288-1001</Data>
<Data Name="SubjectUserName">Victim</Data>
<Data Name="SubjectDomainName">Victim-PC</Data>
<Data Name="SubjectLogonId">0x000000000081b0f2</Data>
<Data Name="Status">0x00000000</Data>
<Data Name="ProcessId">0x0000000000000988</Data>
<Data Name="ProcessName">C:\Windows\System32\dllhost.exe</Data>
</EventData>
</Event>

<Event xmlns="http://schemas.microsoft.com/win/2004/08/events/event"><System><Provider Name="Microsoft-Windows-Security-Auditing" Guid="{54849625-5478-4994-a5ba-3e3b0328c30d}"></Provider>
<EventID Qualifiers="">4689</EventID>
<Version>0</Version>
<Level>0</Level>
<Task>13313</Task>
<Opcode>0</Opcode>
<Keywords>0x8020000000000000</Keywords>
<TimeCreated SystemTime="2022-02-22 21:00:26.580519"></TimeCreated>
<EventRecordID>2615</EventRecordID>
<Correlation ActivityID="" RelatedActivityID=""></Correlation>
<Execution ProcessID="4" ThreadID="60"></Execution>
<Channel>Security</Channel>
<Computer>Victim-PC</Computer>
<Security UserID=""></Security>
</System>
<EventData><Data Name="SubjectUserSid">S-1-5-18</Data>
<Data Name="SubjectUserName">VICTIM-PC$</Data>
<Data Name="SubjectDomainName">WORKGROUP</Data>
<Data Name="SubjectLogonId">0x00000000000003e7</Data>
<Data Name="Status">0x00000000</Data>
<Data Name="ProcessId">0x0000000000000bbc</Data>
<Data Name="ProcessName">C:\Windows\System32\SearchProtocolHost.exe</Data>
</EventData>
</Event>

<Event xmlns="http://schemas.microsoft.com/win/2004/08/events/event"><System><Provider Name="Microsoft-Windows-Security-Auditing" Guid="{54849625-5478-4994-a5ba-3e3b0328c30d}"></Provider>
<EventID Qualifiers="">4689</EventID>
<Version>0</Version>
<Level>0</Level>
<Task>13313</Task>
<Opcode>0</Opcode>
<Keywords>0x8020000000000000</Keywords>
<TimeCreated SystemTime="2022-02-22 21:00:26.580519"></TimeCreated>
<EventRecordID>2616</EventRecordID>
<Correlation ActivityID="" RelatedActivityID=""></Correlation>
<Execution ProcessID="4" ThreadID="60"></Execution>
<Channel>Security</Channel>
<Computer>Victim-PC</Computer>
<Security UserID=""></Security>
</System>
<EventData><Data Name="SubjectUserSid">S-1-5-18</Data>
<Data Name="SubjectUserName">VICTIM-PC$</Data>
<Data Name="SubjectDomainName">WORKGROUP</Data>
<Data Name="SubjectLogonId">0x00000000000003e7</Data>
<Data Name="Status">0x00000000</Data>
<Data Name="ProcessId">0x0000000000000264</Data>
<Data Name="ProcessName">C:\Windows\System32\SearchFilterHost.exe</Data>
</EventData>
</Event>

<Event xmlns="http://schemas.microsoft.com/win/2004/08/events/event"><System><Provider Name="Microsoft-Windows-Security-Auditing" Guid="{54849625-5478-4994-a5ba-3e3b0328c30d}"></Provider>
<EventID Qualifiers="">4688</EventID>
<Version>1</Version>
<Level>0</Level>
<Task>13312</Task>
<Opcode>0</Opcode>
<Keywords>0x8020000000000000</Keywords>
<TimeCreated SystemTime="2022-02-22 21:01:26.033642"></TimeCreated>
<EventRecordID>2617</EventRecordID>
<Correlation ActivityID="" RelatedActivityID=""></Correlation>
<Execution ProcessID="4" ThreadID="60"></Execution>
<Channel>Security</Channel>
<Computer>Victim-PC</Computer>
<Security UserID=""></Security>
</System>
<EventData><Data Name="SubjectUserSid">S-1-5-21-3080150547-3547025272-4171403288-1001</Data>
<Data Name="SubjectUserName">Victim</Data>
<Data Name="SubjectDomainName">Victim-PC</Data>
<Data Name="SubjectLogonId">0x000000000081b0f2</Data>
<Data Name="NewProcessId">0x0000000000000de4</Data>
<Data Name="NewProcessName">C:\Python27\python.exe</Data>
<Data Name="TokenElevationType">%%1938</Data>
<Data Name="ProcessId">0x0000000000000fe0</Data>
<Data Name="CommandLine"></Data>
</EventData>
</Event>

<Event xmlns="http://schemas.microsoft.com/win/2004/08/events/event"><System><Provider Name="Microsoft-Windows-Security-Auditing" Guid="{54849625-5478-4994-a5ba-3e3b0328c30d}"></Provider>
<EventID Qualifiers="">4688</EventID>
<Version>1</Version>
<Level>0</Level>
<Task>13312</Task>
<Opcode>0</Opcode>
<Keywords>0x8020000000000000</Keywords>
<TimeCreated SystemTime="2022-02-22 21:01:26.064892"></TimeCreated>
<EventRecordID>2618</EventRecordID>
<Correlation ActivityID="" RelatedActivityID=""></Correlation>
<Execution ProcessID="4" ThreadID="60"></Execution>
<Channel>Security</Channel>
<Computer>Victim-PC</Computer>
<Security UserID=""></Security>
</System>
<EventData><Data Name="SubjectUserSid">S-1-5-18</Data>
<Data Name="SubjectUserName">VICTIM-PC$</Data>
<Data Name="SubjectDomainName">WORKGROUP</Data>
<Data Name="SubjectLogonId">0x00000000000003e7</Data>
<Data Name="NewProcessId">0x0000000000000650</Data>
<Data Name="NewProcessName">C:\Windows\System32\conhost.exe</Data>
<Data Name="TokenElevationType">%%1938</Data>
<Data Name="ProcessId">0x0000000000000c50</Data>
<Data Name="CommandLine"></Data>
</EventData>
</Event>

<Event xmlns="http://schemas.microsoft.com/win/2004/08/events/event"><System><Provider Name="Microsoft-Windows-Security-Auditing" Guid="{54849625-5478-4994-a5ba-3e3b0328c30d}"></Provider>
<EventID Qualifiers="">4689</EventID>
<Version>0</Version>
<Level>0</Level>
<Task>13313</Task>
<Opcode>0</Opcode>
<Keywords>0x8020000000000000</Keywords>
<TimeCreated SystemTime="2022-02-22 21:01:26.955519"></TimeCreated>
<EventRecordID>2619</EventRecordID>
<Correlation ActivityID="" RelatedActivityID=""></Correlation>
<Execution ProcessID="4" ThreadID="60"></Execution>
<Channel>Security</Channel>
<Computer>Victim-PC</Computer>
<Security UserID=""></Security>
</System>
<EventData><Data Name="SubjectUserSid">S-1-5-21-3080150547-3547025272-4171403288-1001</Data>
<Data Name="SubjectUserName">Victim</Data>
<Data Name="SubjectDomainName">Victim-PC</Data>
<Data Name="SubjectLogonId">0x000000000081b0f2</Data>
<Data Name="Status">0x00000000</Data>
<Data Name="ProcessId">0x0000000000000de4</Data>
<Data Name="ProcessName">C:\Python27\python.exe</Data>
</EventData>
</Event>

<Event xmlns="http://schemas.microsoft.com/win/2004/08/events/event"><System><Provider Name="Microsoft-Windows-Security-Auditing" Guid="{54849625-5478-4994-a5ba-3e3b0328c30d}"></Provider>
<EventID Qualifiers="">4689</EventID>
<Version>0</Version>
<Level>0</Level>
<Task>13313</Task>
<Opcode>0</Opcode>
<Keywords>0x8020000000000000</Keywords>
<TimeCreated SystemTime="2022-02-22 21:01:26.955519"></TimeCreated>
<EventRecordID>2620</EventRecordID>
<Correlation ActivityID="" RelatedActivityID=""></Correlation>
<Execution ProcessID="4" ThreadID="60"></Execution>
<Channel>Security</Channel>
<Computer>Victim-PC</Computer>
<Security UserID=""></Security>
</System>
<EventData><Data Name="SubjectUserSid">S-1-5-21-3080150547-3547025272-4171403288-1001</Data>
<Data Name="SubjectUserName">Victim</Data>
<Data Name="SubjectDomainName">Victim-PC</Data>
<Data Name="SubjectLogonId">0x000000000081b0f2</Data>
<Data Name="Status">0x00000000</Data>
<Data Name="ProcessId">0x0000000000000650</Data>
<Data Name="ProcessName">C:\Windows\System32\conhost.exe</Data>
</EventData>
</Event>

<Event xmlns="http://schemas.microsoft.com/win/2004/08/events/event"><System><Provider Name="Microsoft-Windows-Security-Auditing" Guid="{54849625-5478-4994-a5ba-3e3b0328c30d}"></Provider>
<EventID Qualifiers="">4688</EventID>
<Version>1</Version>
<Level>0</Level>
<Task>13312</Task>
<Opcode>0</Opcode>
<Keywords>0x8020000000000000</Keywords>
<TimeCreated SystemTime="2022-02-22 21:13:21.018017"></TimeCreated>
<EventRecordID>2621</EventRecordID>
<Correlation ActivityID="" RelatedActivityID=""></Correlation>
<Execution ProcessID="4" ThreadID="60"></Execution>
<Channel>Security</Channel>
<Computer>Victim-PC</Computer>
<Security UserID=""></Security>
</System>
<EventData><Data Name="SubjectUserSid">S-1-5-18</Data>
<Data Name="SubjectUserName">VICTIM-PC$</Data>
<Data Name="SubjectDomainName">WORKGROUP</Data>
<Data Name="SubjectLogonId">0x00000000000003e7</Data>
<Data Name="NewProcessId">0x000000000000043c</Data>
<Data Name="NewProcessName">C:\Windows\System32\slui.exe</Data>
<Data Name="TokenElevationType">%%1938</Data>
<Data Name="ProcessId">0x0000000000000254</Data>
<Data Name="CommandLine"></Data>
</EventData>
</Event>

<Event xmlns="http://schemas.microsoft.com/win/2004/08/events/event"><System><Provider Name="Microsoft-Windows-Security-Auditing" Guid="{54849625-5478-4994-a5ba-3e3b0328c30d}"></Provider>
<EventID Qualifiers="">4689</EventID>
<Version>0</Version>
<Level>0</Level>
<Task>13313</Task>
<Opcode>0</Opcode>
<Keywords>0x8020000000000000</Keywords>
<TimeCreated SystemTime="2022-02-22 21:13:21.064892"></TimeCreated>
<EventRecordID>2622</EventRecordID>
<Correlation ActivityID="" RelatedActivityID=""></Correlation>
<Execution ProcessID="4" ThreadID="60"></Execution>
<Channel>Security</Channel>
<Computer>Victim-PC</Computer>
<Security UserID=""></Security>
</System>
<EventData><Data Name="SubjectUserSid">S-1-5-21-3080150547-3547025272-4171403288-1001</Data>
<Data Name="SubjectUserName">Victim</Data>
<Data Name="SubjectDomainName">Victim-PC</Data>
<Data Name="SubjectLogonId">0x000000000081b0f2</Data>
<Data Name="Status">0x00000000</Data>
<Data Name="ProcessId">0x000000000000043c</Data>
<Data Name="ProcessName">C:\Windows\System32\slui.exe</Data>
</EventData>
</Event>

<Event xmlns="http://schemas.microsoft.com/win/2004/08/events/event"><System><Provider Name="Microsoft-Windows-Security-Auditing" Guid="{54849625-5478-4994-a5ba-3e3b0328c30d}"></Provider>
<EventID Qualifiers="">4688</EventID>
<Version>1</Version>
<Level>0</Level>
<Task>13312</Task>
<Opcode>0</Opcode>
<Keywords>0x8020000000000000</Keywords>
<TimeCreated SystemTime="2022-02-22 21:14:31.439892"></TimeCreated>
<EventRecordID>2623</EventRecordID>
<Correlation ActivityID="" RelatedActivityID=""></Correlation>
<Execution ProcessID="4" ThreadID="60"></Execution>
<Channel>Security</Channel>
<Computer>Victim-PC</Computer>
<Security UserID=""></Security>
</System>
<EventData><Data Name="SubjectUserSid">S-1-5-18</Data>
<Data Name="SubjectUserName">VICTIM-PC$</Data>
<Data Name="SubjectDomainName">WORKGROUP</Data>
<Data Name="SubjectLogonId">0x00000000000003e7</Data>
<Data Name="NewProcessId">0x00000000000006fc</Data>
<Data Name="NewProcessName">C:\Windows\System32\taskhost.exe</Data>
<Data Name="TokenElevationType">%%1936</Data>
<Data Name="ProcessId">0x00000000000001dc</Data>
<Data Name="CommandLine"></Data>
</EventData>
</Event>

<Event xmlns="http://schemas.microsoft.com/win/2004/08/events/event"><System><Provider Name="Microsoft-Windows-Security-Auditing" Guid="{54849625-5478-4994-a5ba-3e3b0328c30d}"></Provider>
<EventID Qualifiers="">4688</EventID>
<Version>1</Version>
<Level>0</Level>
<Task>13312</Task>
<Opcode>0</Opcode>
<Keywords>0x8020000000000000</Keywords>
<TimeCreated SystemTime="2022-02-22 21:16:21.174269"></TimeCreated>
<EventRecordID>2624</EventRecordID>
<Correlation ActivityID="" RelatedActivityID=""></Correlation>
<Execution ProcessID="4" ThreadID="60"></Execution>
<Channel>Security</Channel>
<Computer>Victim-PC</Computer>
<Security UserID=""></Security>
</System>
<EventData><Data Name="SubjectUserSid">S-1-5-18</Data>
<Data Name="SubjectUserName">VICTIM-PC$</Data>
<Data Name="SubjectDomainName">WORKGROUP</Data>
<Data Name="SubjectLogonId">0x00000000000003e7</Data>
<Data Name="NewProcessId">0x0000000000000df0</Data>
<Data Name="NewProcessName">C:\Windows\System32\taskeng.exe</Data>
<Data Name="TokenElevationType">%%1936</Data>
<Data Name="ProcessId">0x00000000000003a0</Data>
<Data Name="CommandLine"></Data>
</EventData>
</Event>

<Event xmlns="http://schemas.microsoft.com/win/2004/08/events/event"><System><Provider Name="Microsoft-Windows-Security-Auditing" Guid="{54849625-5478-4994-a5ba-3e3b0328c30d}"></Provider>
<EventID Qualifiers="">4688</EventID>
<Version>1</Version>
<Level>0</Level>
<Task>13312</Task>
<Opcode>0</Opcode>
<Keywords>0x8020000000000000</Keywords>
<TimeCreated SystemTime="2022-02-22 21:16:21.283642"></TimeCreated>
<EventRecordID>2625</EventRecordID>
<Correlation ActivityID="" RelatedActivityID=""></Correlation>
<Execution ProcessID="4" ThreadID="60"></Execution>
<Channel>Security</Channel>
<Computer>Victim-PC</Computer>
<Security UserID=""></Security>
</System>
<EventData><Data Name="SubjectUserSid">S-1-5-18</Data>
<Data Name="SubjectUserName">VICTIM-PC$</Data>
<Data Name="SubjectDomainName">WORKGROUP</Data>
<Data Name="SubjectLogonId">0x00000000000003e7</Data>
<Data Name="NewProcessId">0x00000000000004d8</Data>
<Data Name="NewProcessName">C:\Windows\SysWOW64\Macromed\Flash\FlashPlayerUpdateService.exe</Data>
<Data Name="TokenElevationType">%%1936</Data>
<Data Name="ProcessId">0x0000000000000df0</Data>
<Data Name="CommandLine"></Data>
</EventData>
</Event>

<Event xmlns="http://schemas.microsoft.com/win/2004/08/events/event"><System><Provider Name="Microsoft-Windows-Security-Auditing" Guid="{54849625-5478-4994-a5ba-3e3b0328c30d}"></Provider>
<EventID Qualifiers="">4688</EventID>
<Version>1</Version>
<Level>0</Level>
<Task>13312</Task>
<Opcode>0</Opcode>
<Keywords>0x8020000000000000</Keywords>
<TimeCreated SystemTime="2022-02-22 21:16:21.283642"></TimeCreated>
<EventRecordID>2626</EventRecordID>
<Correlation ActivityID="" RelatedActivityID=""></Correlation>
<Execution ProcessID="4" ThreadID="60"></Execution>
<Channel>Security</Channel>
<Computer>Victim-PC</Computer>
<Security UserID=""></Security>
</System>
<EventData><Data Name="SubjectUserSid">S-1-5-18</Data>
<Data Name="SubjectUserName">VICTIM-PC$</Data>
<Data Name="SubjectDomainName">WORKGROUP</Data>
<Data Name="SubjectLogonId">0x00000000000003e7</Data>
<Data Name="NewProcessId">0x0000000000000f28</Data>
<Data Name="NewProcessName">C:\Windows\System32\conhost.exe</Data>
<Data Name="TokenElevationType">%%1936</Data>
<Data Name="ProcessId">0x0000000000000158</Data>
<Data Name="CommandLine"></Data>
</EventData>
</Event>

<Event xmlns="http://schemas.microsoft.com/win/2004/08/events/event"><System><Provider Name="Microsoft-Windows-Security-Auditing" Guid="{54849625-5478-4994-a5ba-3e3b0328c30d}"></Provider>
<EventID Qualifiers="">4688</EventID>
<Version>1</Version>
<Level>0</Level>
<Task>13312</Task>
<Opcode>0</Opcode>
<Keywords>0x8020000000000000</Keywords>
<TimeCreated SystemTime="2022-02-22 21:16:21.299269"></TimeCreated>
<EventRecordID>2627</EventRecordID>
<Correlation ActivityID="" RelatedActivityID=""></Correlation>
<Execution ProcessID="4" ThreadID="60"></Execution>
<Channel>Security</Channel>
<Computer>Victim-PC</Computer>
<Security UserID=""></Security>
</System>
<EventData><Data Name="SubjectUserSid">S-1-5-18</Data>
<Data Name="SubjectUserName">VICTIM-PC$</Data>
<Data Name="SubjectDomainName">WORKGROUP</Data>
<Data Name="SubjectLogonId">0x00000000000003e7</Data>
<Data Name="NewProcessId">0x00000000000010d4</Data>
<Data Name="NewProcessName">C:\Windows\SysWOW64\Macromed\Flash\FlashPlayerUpdateService.exe</Data>
<Data Name="TokenElevationType">%%1936</Data>
<Data Name="ProcessId">0x00000000000001dc</Data>
<Data Name="CommandLine"></Data>
</EventData>
</Event>

<Event xmlns="http://schemas.microsoft.com/win/2004/08/events/event"><System><Provider Name="Microsoft-Windows-Security-Auditing" Guid="{54849625-5478-4994-a5ba-3e3b0328c30d}"></Provider>
<EventID Qualifiers="">4689</EventID>
<Version>0</Version>
<Level>0</Level>
<Task>13313</Task>
<Opcode>0</Opcode>
<Keywords>0x8020000000000000</Keywords>
<TimeCreated SystemTime="2022-02-22 21:16:21.299269"></TimeCreated>
<EventRecordID>2628</EventRecordID>
<Correlation ActivityID="" RelatedActivityID=""></Correlation>
<Execution ProcessID="4" ThreadID="60"></Execution>
<Channel>Security</Channel>
<Computer>Victim-PC</Computer>
<Security UserID=""></Security>
</System>
<EventData><Data Name="SubjectUserSid">S-1-5-18</Data>
<Data Name="SubjectUserName">VICTIM-PC$</Data>
<Data Name="SubjectDomainName">WORKGROUP</Data>
<Data Name="SubjectLogonId">0x00000000000003e7</Data>
<Data Name="Status">0x00000000</Data>
<Data Name="ProcessId">0x00000000000010d4</Data>
<Data Name="ProcessName">C:\Windows\SysWOW64\Macromed\Flash\FlashPlayerUpdateService.exe</Data>
</EventData>
</Event>

<Event xmlns="http://schemas.microsoft.com/win/2004/08/events/event"><System><Provider Name="Microsoft-Windows-Security-Auditing" Guid="{54849625-5478-4994-a5ba-3e3b0328c30d}"></Provider>
<EventID Qualifiers="">4689</EventID>
<Version>0</Version>
<Level>0</Level>
<Task>13313</Task>
<Opcode>0</Opcode>
<Keywords>0x8020000000000000</Keywords>
<TimeCreated SystemTime="2022-02-22 21:16:21.299269"></TimeCreated>
<EventRecordID>2629</EventRecordID>
<Correlation ActivityID="" RelatedActivityID=""></Correlation>
<Execution ProcessID="4" ThreadID="60"></Execution>
<Channel>Security</Channel>
<Computer>Victim-PC</Computer>
<Security UserID=""></Security>
</System>
<EventData><Data Name="SubjectUserSid">S-1-5-18</Data>
<Data Name="SubjectUserName">VICTIM-PC$</Data>
<Data Name="SubjectDomainName">WORKGROUP</Data>
<Data Name="SubjectLogonId">0x00000000000003e7</Data>
<Data Name="Status">0x00000000</Data>
<Data Name="ProcessId">0x00000000000004d8</Data>
<Data Name="ProcessName">C:\Windows\SysWOW64\Macromed\Flash\FlashPlayerUpdateService.exe</Data>
</EventData>
</Event>

<Event xmlns="http://schemas.microsoft.com/win/2004/08/events/event"><System><Provider Name="Microsoft-Windows-Security-Auditing" Guid="{54849625-5478-4994-a5ba-3e3b0328c30d}"></Provider>
<EventID Qualifiers="">4689</EventID>
<Version>0</Version>
<Level>0</Level>
<Task>13313</Task>
<Opcode>0</Opcode>
<Keywords>0x8020000000000000</Keywords>
<TimeCreated SystemTime="2022-02-22 21:16:21.299269"></TimeCreated>
<EventRecordID>2630</EventRecordID>
<Correlation ActivityID="" RelatedActivityID=""></Correlation>
<Execution ProcessID="4" ThreadID="60"></Execution>
<Channel>Security</Channel>
<Computer>Victim-PC</Computer>
<Security UserID=""></Security>
</System>
<EventData><Data Name="SubjectUserSid">S-1-5-18</Data>
<Data Name="SubjectUserName">VICTIM-PC$</Data>
<Data Name="SubjectDomainName">WORKGROUP</Data>
<Data Name="SubjectLogonId">0x00000000000003e7</Data>
<Data Name="Status">0x00000000</Data>
<Data Name="ProcessId">0x0000000000000f28</Data>
<Data Name="ProcessName">C:\Windows\System32\conhost.exe</Data>
</EventData>
</Event>

<Event xmlns="http://schemas.microsoft.com/win/2004/08/events/event"><System><Provider Name="Microsoft-Windows-Security-Auditing" Guid="{54849625-5478-4994-a5ba-3e3b0328c30d}"></Provider>
<EventID Qualifiers="">4689</EventID>
<Version>0</Version>
<Level>0</Level>
<Task>13313</Task>
<Opcode>0</Opcode>
<Keywords>0x8020000000000000</Keywords>
<TimeCreated SystemTime="2022-02-22 21:16:31.721142"></TimeCreated>
<EventRecordID>2631</EventRecordID>
<Correlation ActivityID="" RelatedActivityID=""></Correlation>
<Execution ProcessID="4" ThreadID="60"></Execution>
<Channel>Security</Channel>
<Computer>Victim-PC</Computer>
<Security UserID=""></Security>
</System>
<EventData><Data Name="SubjectUserSid">S-1-5-19</Data>
<Data Name="SubjectUserName">LOCAL SERVICE</Data>
<Data Name="SubjectDomainName">NT AUTHORITY</Data>
<Data Name="SubjectLogonId">0x00000000000003e5</Data>
<Data Name="Status">0x00000000</Data>
<Data Name="ProcessId">0x00000000000006fc</Data>
<Data Name="ProcessName">C:\Windows\System32\taskhost.exe</Data>
</EventData>
</Event>

<Event xmlns="http://schemas.microsoft.com/win/2004/08/events/event"><System><Provider Name="Microsoft-Windows-Security-Auditing" Guid="{54849625-5478-4994-a5ba-3e3b0328c30d}"></Provider>
<EventID Qualifiers="">4689</EventID>
<Version>0</Version>
<Level>0</Level>
<Task>13313</Task>
<Opcode>0</Opcode>
<Keywords>0x8020000000000000</Keywords>
<TimeCreated SystemTime="2022-02-22 21:21:21.346144"></TimeCreated>
<EventRecordID>2632</EventRecordID>
<Correlation ActivityID="" RelatedActivityID=""></Correlation>
<Execution ProcessID="4" ThreadID="60"></Execution>
<Channel>Security</Channel>
<Computer>Victim-PC</Computer>
<Security UserID=""></Security>
</System>
<EventData><Data Name="SubjectUserSid">S-1-5-18</Data>
<Data Name="SubjectUserName">VICTIM-PC$</Data>
<Data Name="SubjectDomainName">WORKGROUP</Data>
<Data Name="SubjectLogonId">0x00000000000003e7</Data>
<Data Name="Status">0x00000000</Data>
<Data Name="ProcessId">0x0000000000000df0</Data>
<Data Name="ProcessName">C:\Windows\System32\taskeng.exe</Data>
</EventData>
</Event>

<Event xmlns="http://schemas.microsoft.com/win/2004/08/events/event"><System><Provider Name="Microsoft-Windows-Security-Auditing" Guid="{54849625-5478-4994-a5ba-3e3b0328c30d}"></Provider>
<EventID Qualifiers="">4688</EventID>
<Version>1</Version>
<Level>0</Level>
<Task>13312</Task>
<Opcode>0</Opcode>
<Keywords>0x8020000000000000</Keywords>
<TimeCreated SystemTime="2022-02-22 21:28:21.018017"></TimeCreated>
<EventRecordID>2633</EventRecordID>
<Correlation ActivityID="" RelatedActivityID=""></Correlation>
<Execution ProcessID="4" ThreadID="44"></Execution>
<Channel>Security</Channel>
<Computer>Victim-PC</Computer>
<Security UserID=""></Security>
</System>
<EventData><Data Name="SubjectUserSid">S-1-5-18</Data>
<Data Name="SubjectUserName">VICTIM-PC$</Data>
<Data Name="SubjectDomainName">WORKGROUP</Data>
<Data Name="SubjectLogonId">0x00000000000003e7</Data>
<Data Name="NewProcessId">0x0000000000000764</Data>
<Data Name="NewProcessName">C:\Windows\System32\slui.exe</Data>
<Data Name="TokenElevationType">%%1938</Data>
<Data Name="ProcessId">0x0000000000000254</Data>
<Data Name="CommandLine"></Data>
</EventData>
</Event>

<Event xmlns="http://schemas.microsoft.com/win/2004/08/events/event"><System><Provider Name="Microsoft-Windows-Security-Auditing" Guid="{54849625-5478-4994-a5ba-3e3b0328c30d}"></Provider>
<EventID Qualifiers="">4688</EventID>
<Version>1</Version>
<Level>0</Level>
<Task>13312</Task>
<Opcode>0</Opcode>
<Keywords>0x8020000000000000</Keywords>
<TimeCreated SystemTime="2022-02-22 21:28:41.002394"></TimeCreated>
<EventRecordID>2634</EventRecordID>
<Correlation ActivityID="" RelatedActivityID=""></Correlation>
<Execution ProcessID="4" ThreadID="44"></Execution>
<Channel>Security</Channel>
<Computer>Victim-PC</Computer>
<Security UserID=""></Security>
</System>
<EventData><Data Name="SubjectUserSid">S-1-5-18</Data>
<Data Name="SubjectUserName">VICTIM-PC$</Data>
<Data Name="SubjectDomainName">WORKGROUP</Data>
<Data Name="SubjectLogonId">0x00000000000003e7</Data>
<Data Name="NewProcessId">0x000000000000051c</Data>
<Data Name="NewProcessName">C:\Windows\System32\taskeng.exe</Data>
<Data Name="TokenElevationType">%%1936</Data>
<Data Name="ProcessId">0x00000000000003a0</Data>
<Data Name="CommandLine"></Data>
</EventData>
</Event>

<Event xmlns="http://schemas.microsoft.com/win/2004/08/events/event"><System><Provider Name="Microsoft-Windows-Security-Auditing" Guid="{54849625-5478-4994-a5ba-3e3b0328c30d}"></Provider>
<EventID Qualifiers="">4688</EventID>
<Version>1</Version>
<Level>0</Level>
<Task>13312</Task>
<Opcode>0</Opcode>
<Keywords>0x8020000000000000</Keywords>
<TimeCreated SystemTime="2022-02-22 21:28:41.111767"></TimeCreated>
<EventRecordID>2635</EventRecordID>
<Correlation ActivityID="" RelatedActivityID=""></Correlation>
<Execution ProcessID="4" ThreadID="44"></Execution>
<Channel>Security</Channel>
<Computer>Victim-PC</Computer>
<Security UserID=""></Security>
</System>
<EventData><Data Name="SubjectUserSid">S-1-5-18</Data>
<Data Name="SubjectUserName">VICTIM-PC$</Data>
<Data Name="SubjectDomainName">WORKGROUP</Data>
<Data Name="SubjectLogonId">0x00000000000003e7</Data>
<Data Name="NewProcessId">0x0000000000000860</Data>
<Data Name="NewProcessName">C:\Program Files (x86)\Google\Update\GoogleUpdate.exe</Data>
<Data Name="TokenElevationType">%%1936</Data>
<Data Name="ProcessId">0x000000000000051c</Data>
<Data Name="CommandLine"></Data>
</EventData>
</Event>

<Event xmlns="http://schemas.microsoft.com/win/2004/08/events/event"><System><Provider Name="Microsoft-Windows-Security-Auditing" Guid="{54849625-5478-4994-a5ba-3e3b0328c30d}"></Provider>
<EventID Qualifiers="">4689</EventID>
<Version>0</Version>
<Level>0</Level>
<Task>13313</Task>
<Opcode>0</Opcode>
<Keywords>0x8020000000000000</Keywords>
<TimeCreated SystemTime="2022-02-22 21:28:41.127394"></TimeCreated>
<EventRecordID>2636</EventRecordID>
<Correlation ActivityID="" RelatedActivityID=""></Correlation>
<Execution ProcessID="4" ThreadID="44"></Execution>
<Channel>Security</Channel>
<Computer>Victim-PC</Computer>
<Security UserID=""></Security>
</System>
<EventData><Data Name="SubjectUserSid">S-1-5-18</Data>
<Data Name="SubjectUserName">VICTIM-PC$</Data>
<Data Name="SubjectDomainName">WORKGROUP</Data>
<Data Name="SubjectLogonId">0x00000000000003e7</Data>
<Data Name="Status">0x00000000</Data>
<Data Name="ProcessId">0x0000000000000860</Data>
<Data Name="ProcessName">C:\Program Files (x86)\Google\Update\GoogleUpdate.exe</Data>
</EventData>
</Event>

<Event xmlns="http://schemas.microsoft.com/win/2004/08/events/event"><System><Provider Name="Microsoft-Windows-Security-Auditing" Guid="{54849625-5478-4994-a5ba-3e3b0328c30d}"></Provider>
<EventID Qualifiers="">4776</EventID>
<Version>0</Version>
<Level>0</Level>
<Task>14336</Task>
<Opcode>0</Opcode>
<Keywords>0x8020000000000000</Keywords>
<TimeCreated SystemTime="2022-02-22 21:29:40.908642"></TimeCreated>
<EventRecordID>2637</EventRecordID>
<Correlation ActivityID="" RelatedActivityID=""></Correlation>
<Execution ProcessID="484" ThreadID="3804"></Execution>
<Channel>Security</Channel>
<Computer>Victim-PC</Computer>
<Security UserID=""></Security>
</System>
<EventData><Data Name="PackageName">MICROSOFT_AUTHENTICATION_PACKAGE_V1_0</Data>
<Data Name="TargetUserName">Victim</Data>
<Data Name="Workstation">VICTIM-PC</Data>
<Data Name="Status">0x00000000</Data>
</EventData>
</Event>

<Event xmlns="http://schemas.microsoft.com/win/2004/08/events/event"><System><Provider Name="Microsoft-Windows-Security-Auditing" Guid="{54849625-5478-4994-a5ba-3e3b0328c30d}"></Provider>
<EventID Qualifiers="">4648</EventID>
<Version>0</Version>
<Level>0</Level>
<Task>12544</Task>
<Opcode>0</Opcode>
<Keywords>0x8020000000000000</Keywords>
<TimeCreated SystemTime="2022-02-22 21:29:40.908642"></TimeCreated>
<EventRecordID>2638</EventRecordID>
<Correlation ActivityID="" RelatedActivityID=""></Correlation>
<Execution ProcessID="484" ThreadID="3804"></Execution>
<Channel>Security</Channel>
<Computer>Victim-PC</Computer>
<Security UserID=""></Security>
</System>
<EventData><Data Name="SubjectUserSid">S-1-5-18</Data>
<Data Name="SubjectUserName">VICTIM-PC$</Data>
<Data Name="SubjectDomainName">WORKGROUP</Data>
<Data Name="SubjectLogonId">0x00000000000003e7</Data>
<Data Name="LogonGuid">{00000000-0000-0000-0000-000000000000}</Data>
<Data Name="TargetUserName">Victim</Data>
<Data Name="TargetDomainName">Victim-PC</Data>
<Data Name="TargetLogonGuid">{00000000-0000-0000-0000-000000000000}</Data>
<Data Name="TargetServerName">localhost</Data>
<Data Name="TargetInfo">localhost</Data>
<Data Name="ProcessId">0x000000000000015c</Data>
<Data Name="ProcessName">C:\Windows\System32\winlogon.exe</Data>
<Data Name="IpAddress">127.0.0.1</Data>
<Data Name="IpPort">0</Data>
</EventData>
</Event>

<Event xmlns="http://schemas.microsoft.com/win/2004/08/events/event"><System><Provider Name="Microsoft-Windows-Security-Auditing" Guid="{54849625-5478-4994-a5ba-3e3b0328c30d}"></Provider>
<EventID Qualifiers="">4624</EventID>
<Version>0</Version>
<Level>0</Level>
<Task>12544</Task>
<Opcode>0</Opcode>
<Keywords>0x8020000000000000</Keywords>
<TimeCreated SystemTime="2022-02-22 21:29:40.908642"></TimeCreated>
<EventRecordID>2639</EventRecordID>
<Correlation ActivityID="" RelatedActivityID=""></Correlation>
<Execution ProcessID="484" ThreadID="3804"></Execution>
<Channel>Security</Channel>
<Computer>Victim-PC</Computer>
<Security UserID=""></Security>
</System>
<EventData><Data Name="SubjectUserSid">S-1-5-18</Data>
<Data Name="SubjectUserName">VICTIM-PC$</Data>
<Data Name="SubjectDomainName">WORKGROUP</Data>
<Data Name="SubjectLogonId">0x00000000000003e7</Data>
<Data Name="TargetUserSid">S-1-5-21-3080150547-3547025272-4171403288-1001</Data>
<Data Name="TargetUserName">Victim</Data>
<Data Name="TargetDomainName">Victim-PC</Data>
<Data Name="TargetLogonId">0x0000000000bc6df9</Data>
<Data Name="LogonType">2</Data>
<Data Name="LogonProcessName">User32 </Data>
<Data Name="AuthenticationPackageName">Negotiate</Data>
<Data Name="WorkstationName">VICTIM-PC</Data>
<Data Name="LogonGuid">{00000000-0000-0000-0000-000000000000}</Data>
<Data Name="TransmittedServices">-</Data>
<Data Name="LmPackageName">-</Data>
<Data Name="KeyLength">0</Data>
<Data Name="ProcessId">0x000000000000015c</Data>
<Data Name="ProcessName">C:\Windows\System32\winlogon.exe</Data>
<Data Name="IpAddress">127.0.0.1</Data>
<Data Name="IpPort">0</Data>
</EventData>
</Event>

<Event xmlns="http://schemas.microsoft.com/win/2004/08/events/event"><System><Provider Name="Microsoft-Windows-Security-Auditing" Guid="{54849625-5478-4994-a5ba-3e3b0328c30d}"></Provider>
<EventID Qualifiers="">4624</EventID>
<Version>0</Version>
<Level>0</Level>
<Task>12544</Task>
<Opcode>0</Opcode>
<Keywords>0x8020000000000000</Keywords>
<TimeCreated SystemTime="2022-02-22 21:29:40.908642"></TimeCreated>
<EventRecordID>2640</EventRecordID>
<Correlation ActivityID="" RelatedActivityID=""></Correlation>
<Execution ProcessID="484" ThreadID="3804"></Execution>
<Channel>Security</Channel>
<Computer>Victim-PC</Computer>
<Security UserID=""></Security>
</System>
<EventData><Data Name="SubjectUserSid">S-1-5-18</Data>
<Data Name="SubjectUserName">VICTIM-PC$</Data>
<Data Name="SubjectDomainName">WORKGROUP</Data>
<Data Name="SubjectLogonId">0x00000000000003e7</Data>
<Data Name="TargetUserSid">S-1-5-21-3080150547-3547025272-4171403288-1001</Data>
<Data Name="TargetUserName">Victim</Data>
<Data Name="TargetDomainName">Victim-PC</Data>
<Data Name="TargetLogonId">0x0000000000bc6e11</Data>
<Data Name="LogonType">2</Data>
<Data Name="LogonProcessName">User32 </Data>
<Data Name="AuthenticationPackageName">Negotiate</Data>
<Data Name="WorkstationName">VICTIM-PC</Data>
<Data Name="LogonGuid">{00000000-0000-0000-0000-000000000000}</Data>
<Data Name="TransmittedServices">-</Data>
<Data Name="LmPackageName">-</Data>
<Data Name="KeyLength">0</Data>
<Data Name="ProcessId">0x000000000000015c</Data>
<Data Name="ProcessName">C:\Windows\System32\winlogon.exe</Data>
<Data Name="IpAddress">127.0.0.1</Data>
<Data Name="IpPort">0</Data>
</EventData>
</Event>

<Event xmlns="http://schemas.microsoft.com/win/2004/08/events/event"><System><Provider Name="Microsoft-Windows-Security-Auditing" Guid="{54849625-5478-4994-a5ba-3e3b0328c30d}"></Provider>
<EventID Qualifiers="">4672</EventID>
<Version>0</Version>
<Level>0</Level>
<Task>12548</Task>
<Opcode>0</Opcode>
<Keywords>0x8020000000000000</Keywords>
<TimeCreated SystemTime="2022-02-22 21:29:40.908642"></TimeCreated>
<EventRecordID>2641</EventRecordID>
<Correlation ActivityID="" RelatedActivityID=""></Correlation>
<Execution ProcessID="484" ThreadID="3804"></Execution>
<Channel>Security</Channel>
<Computer>Victim-PC</Computer>
<Security UserID=""></Security>
</System>
<EventData><Data Name="SubjectUserSid">S-1-5-21-3080150547-3547025272-4171403288-1001</Data>
<Data Name="SubjectUserName">Victim</Data>
<Data Name="SubjectDomainName">Victim-PC</Data>
<Data Name="SubjectLogonId">0x0000000000bc6df9</Data>
<Data Name="PrivilegeList">SeSecurityPrivilege
			SeTakeOwnershipPrivilege
			SeLoadDriverPrivilege
			SeBackupPrivilege
			SeRestorePrivilege
			SeDebugPrivilege
			SeSystemEnvironmentPrivilege
			SeImpersonatePrivilege</Data>
</EventData>
</Event>

<Event xmlns="http://schemas.microsoft.com/win/2004/08/events/event"><System><Provider Name="Microsoft-Windows-Security-Auditing" Guid="{54849625-5478-4994-a5ba-3e3b0328c30d}"></Provider>
<EventID Qualifiers="">4779</EventID>
<Version>0</Version>
<Level>0</Level>
<Task>12551</Task>
<Opcode>0</Opcode>
<Keywords>0x8020000000000000</Keywords>
<TimeCreated SystemTime="2022-02-22 21:29:40.955519"></TimeCreated>
<EventRecordID>2642</EventRecordID>
<Correlation ActivityID="" RelatedActivityID=""></Correlation>
<Execution ProcessID="484" ThreadID="884"></Execution>
<Channel>Security</Channel>
<Computer>Victim-PC</Computer>
<Security UserID=""></Security>
</System>
<EventData><Data Name="AccountName">Victim</Data>
<Data Name="AccountDomain">Victim-PC</Data>
<Data Name="LogonID">0x000000000081b0f2</Data>
<Data Name="SessionName">RDP-Tcp#0</Data>
<Data Name="ClientName">LinuxServerWebS</Data>
<Data Name="ClientAddress">192.168.0.101</Data>
</EventData>
</Event>

<Event xmlns="http://schemas.microsoft.com/win/2004/08/events/event"><System><Provider Name="Microsoft-Windows-Security-Auditing" Guid="{54849625-5478-4994-a5ba-3e3b0328c30d}"></Provider>
<EventID Qualifiers="">4634</EventID>
<Version>0</Version>
<Level>0</Level>
<Task>12545</Task>
<Opcode>0</Opcode>
<Keywords>0x8020000000000000</Keywords>
<TimeCreated SystemTime="2022-02-22 21:29:41.064892"></TimeCreated>
<EventRecordID>2643</EventRecordID>
<Correlation ActivityID="" RelatedActivityID=""></Correlation>
<Execution ProcessID="484" ThreadID="884"></Execution>
<Channel>Security</Channel>
<Computer>Victim-PC</Computer>
<Security UserID=""></Security>
</System>
<EventData><Data Name="TargetUserSid">S-1-5-21-3080150547-3547025272-4171403288-1001</Data>
<Data Name="TargetUserName">Victim</Data>
<Data Name="TargetDomainName">Victim-PC</Data>
<Data Name="TargetLogonId">0x0000000000b7c0dd</Data>
<Data Name="LogonType">3</Data>
</EventData>
</Event>

<Event xmlns="http://schemas.microsoft.com/win/2004/08/events/event"><System><Provider Name="Microsoft-Windows-Security-Auditing" Guid="{54849625-5478-4994-a5ba-3e3b0328c30d}"></Provider>
<EventID Qualifiers="">4688</EventID>
<Version>1</Version>
<Level>0</Level>
<Task>13312</Task>
<Opcode>0</Opcode>
<Keywords>0x8020000000000000</Keywords>
<TimeCreated SystemTime="2022-02-22 21:29:41.064892"></TimeCreated>
<EventRecordID>2644</EventRecordID>
<Correlation ActivityID="" RelatedActivityID=""></Correlation>
<Execution ProcessID="4" ThreadID="44"></Execution>
<Channel>Security</Channel>
<Computer>Victim-PC</Computer>
<Security UserID=""></Security>
</System>
<EventData><Data Name="SubjectUserSid">S-1-5-18</Data>
<Data Name="SubjectUserName">VICTIM-PC$</Data>
<Data Name="SubjectDomainName">WORKGROUP</Data>
<Data Name="SubjectLogonId">0x00000000000003e7</Data>
<Data Name="NewProcessId">0x0000000000001390</Data>
<Data Name="NewProcessName">C:\Windows\System32\TSTheme.exe</Data>
<Data Name="TokenElevationType">%%1938</Data>
<Data Name="ProcessId">0x0000000000000254</Data>
<Data Name="CommandLine"></Data>
</EventData>
</Event>

<Event xmlns="http://schemas.microsoft.com/win/2004/08/events/event"><System><Provider Name="Microsoft-Windows-Security-Auditing" Guid="{54849625-5478-4994-a5ba-3e3b0328c30d}"></Provider>
<EventID Qualifiers="">4778</EventID>
<Version>0</Version>
<Level>0</Level>
<Task>12551</Task>
<Opcode>0</Opcode>
<Keywords>0x8020000000000000</Keywords>
<TimeCreated SystemTime="2022-02-22 21:29:41.502394"></TimeCreated>
<EventRecordID>2645</EventRecordID>
<Correlation ActivityID="" RelatedActivityID=""></Correlation>
<Execution ProcessID="484" ThreadID="3804"></Execution>
<Channel>Security</Channel>
<Computer>Victim-PC</Computer>
<Security UserID=""></Security>
</System>
<EventData><Data Name="AccountName">Victim</Data>
<Data Name="AccountDomain">Victim-PC</Data>
<Data Name="LogonID">0x000000000081b0f2</Data>
<Data Name="SessionName">Console</Data>
<Data Name="ClientName">Unknown</Data>
<Data Name="ClientAddress">LOCAL</Data>
</EventData>
</Event>

<Event xmlns="http://schemas.microsoft.com/win/2004/08/events/event"><System><Provider Name="Microsoft-Windows-Security-Auditing" Guid="{54849625-5478-4994-a5ba-3e3b0328c30d}"></Provider>
<EventID Qualifiers="">4689</EventID>
<Version>0</Version>
<Level>0</Level>
<Task>13313</Task>
<Opcode>0</Opcode>
<Keywords>0x8020000000000000</Keywords>
<TimeCreated SystemTime="2022-02-22 21:29:41.533642"></TimeCreated>
<EventRecordID>2646</EventRecordID>
<Correlation ActivityID="" RelatedActivityID=""></Correlation>
<Execution ProcessID="4" ThreadID="44"></Execution>
<Channel>Security</Channel>
<Computer>Victim-PC</Computer>
<Security UserID=""></Security>
</System>
<EventData><Data Name="SubjectUserSid">S-1-5-21-3080150547-3547025272-4171403288-1001</Data>
<Data Name="SubjectUserName">Victim</Data>
<Data Name="SubjectDomainName">Victim-PC</Data>
<Data Name="SubjectLogonId">0x000000000081b0f2</Data>
<Data Name="Status">0x00000000</Data>
<Data Name="ProcessId">0x0000000000000764</Data>
<Data Name="ProcessName">C:\Windows\System32\slui.exe</Data>
</EventData>
</Event>

<Event xmlns="http://schemas.microsoft.com/win/2004/08/events/event"><System><Provider Name="Microsoft-Windows-Security-Auditing" Guid="{54849625-5478-4994-a5ba-3e3b0328c30d}"></Provider>
<EventID Qualifiers="">4634</EventID>
<Version>0</Version>
<Level>0</Level>
<Task>12545</Task>
<Opcode>0</Opcode>
<Keywords>0x8020000000000000</Keywords>
<TimeCreated SystemTime="2022-02-22 21:29:42.893017"></TimeCreated>
<EventRecordID>2647</EventRecordID>
<Correlation ActivityID="" RelatedActivityID=""></Correlation>
<Execution ProcessID="484" ThreadID="3804"></Execution>
<Channel>Security</Channel>
<Computer>Victim-PC</Computer>
<Security UserID=""></Security>
</System>
<EventData><Data Name="TargetUserSid">S-1-5-21-3080150547-3547025272-4171403288-1001</Data>
<Data Name="TargetUserName">Victim</Data>
<Data Name="TargetDomainName">Victim-PC</Data>
<Data Name="TargetLogonId">0x0000000000bc6e11</Data>
<Data Name="LogonType">2</Data>
</EventData>
</Event>

<Event xmlns="http://schemas.microsoft.com/win/2004/08/events/event"><System><Provider Name="Microsoft-Windows-Security-Auditing" Guid="{54849625-5478-4994-a5ba-3e3b0328c30d}"></Provider>
<EventID Qualifiers="">4634</EventID>
<Version>0</Version>
<Level>0</Level>
<Task>12545</Task>
<Opcode>0</Opcode>
<Keywords>0x8020000000000000</Keywords>
<TimeCreated SystemTime="2022-02-22 21:29:42.893017"></TimeCreated>
<EventRecordID>2648</EventRecordID>
<Correlation ActivityID="" RelatedActivityID=""></Correlation>
<Execution ProcessID="484" ThreadID="3804"></Execution>
<Channel>Security</Channel>
<Computer>Victim-PC</Computer>
<Security UserID=""></Security>
</System>
<EventData><Data Name="TargetUserSid">S-1-5-21-3080150547-3547025272-4171403288-1001</Data>
<Data Name="TargetUserName">Victim</Data>
<Data Name="TargetDomainName">Victim-PC</Data>
<Data Name="TargetLogonId">0x0000000000bc6df9</Data>
<Data Name="LogonType">2</Data>
</EventData>
</Event>

<Event xmlns="http://schemas.microsoft.com/win/2004/08/events/event"><System><Provider Name="Microsoft-Windows-Security-Auditing" Guid="{54849625-5478-4994-a5ba-3e3b0328c30d}"></Provider>
<EventID Qualifiers="">4689</EventID>
<Version>0</Version>
<Level>0</Level>
<Task>13313</Task>
<Opcode>0</Opcode>
<Keywords>0x8020000000000000</Keywords>
<TimeCreated SystemTime="2022-02-22 21:29:42.955519"></TimeCreated>
<EventRecordID>2649</EventRecordID>
<Correlation ActivityID="" RelatedActivityID=""></Correlation>
<Execution ProcessID="4" ThreadID="44"></Execution>
<Channel>Security</Channel>
<Computer>Victim-PC</Computer>
<Security UserID=""></Security>
</System>
<EventData><Data Name="SubjectUserSid">S-1-5-21-3080150547-3547025272-4171403288-1001</Data>
<Data Name="SubjectUserName">Victim</Data>
<Data Name="SubjectDomainName">Victim-PC</Data>
<Data Name="SubjectLogonId">0x000000000081b0f2</Data>
<Data Name="Status">0x00000000</Data>
<Data Name="ProcessId">0x0000000000000d50</Data>
<Data Name="ProcessName">C:\Windows\System32\rdpclip.exe</Data>
</EventData>
</Event>

<Event xmlns="http://schemas.microsoft.com/win/2004/08/events/event"><System><Provider Name="Microsoft-Windows-Security-Auditing" Guid="{54849625-5478-4994-a5ba-3e3b0328c30d}"></Provider>
<EventID Qualifiers="">4689</EventID>
<Version>0</Version>
<Level>0</Level>
<Task>13313</Task>
<Opcode>0</Opcode>
<Keywords>0x8020000000000000</Keywords>
<TimeCreated SystemTime="2022-02-22 21:29:42.986767"></TimeCreated>
<EventRecordID>2650</EventRecordID>
<Correlation ActivityID="" RelatedActivityID=""></Correlation>
<Execution ProcessID="4" ThreadID="60"></Execution>
<Channel>Security</Channel>
<Computer>Victim-PC</Computer>
<Security UserID=""></Security>
</System>
<EventData><Data Name="SubjectUserSid">S-1-5-18</Data>
<Data Name="SubjectUserName">VICTIM-PC$</Data>
<Data Name="SubjectDomainName">WORKGROUP</Data>
<Data Name="SubjectLogonId">0x00000000000003e7</Data>
<Data Name="Status">0x00000000</Data>
<Data Name="ProcessId">0x0000000000000664</Data>
<Data Name="ProcessName">C:\Windows\System32\LogonUI.exe</Data>
</EventData>
</Event>

<Event xmlns="http://schemas.microsoft.com/win/2004/08/events/event"><System><Provider Name="Microsoft-Windows-Security-Auditing" Guid="{54849625-5478-4994-a5ba-3e3b0328c30d}"></Provider>
<EventID Qualifiers="">4689</EventID>
<Version>0</Version>
<Level>0</Level>
<Task>13313</Task>
<Opcode>0</Opcode>
<Keywords>0x8020000000000000</Keywords>
<TimeCreated SystemTime="2022-02-22 21:29:42.986767"></TimeCreated>
<EventRecordID>2651</EventRecordID>
<Correlation ActivityID="" RelatedActivityID=""></Correlation>
<Execution ProcessID="4" ThreadID="60"></Execution>
<Channel>Security</Channel>
<Computer>Victim-PC</Computer>
<Security UserID=""></Security>
</System>
<EventData><Data Name="SubjectUserSid">S-1-5-18</Data>
<Data Name="SubjectUserName">VICTIM-PC$</Data>
<Data Name="SubjectDomainName">WORKGROUP</Data>
<Data Name="SubjectLogonId">0x00000000000003e7</Data>
<Data Name="Status">0x00000000</Data>
<Data Name="ProcessId">0x000000000000015c</Data>
<Data Name="ProcessName">C:\Windows\System32\winlogon.exe</Data>
</EventData>
</Event>

<Event xmlns="http://schemas.microsoft.com/win/2004/08/events/event"><System><Provider Name="Microsoft-Windows-Security-Auditing" Guid="{54849625-5478-4994-a5ba-3e3b0328c30d}"></Provider>
<EventID Qualifiers="">4689</EventID>
<Version>0</Version>
<Level>0</Level>
<Task>13313</Task>
<Opcode>0</Opcode>
<Keywords>0x8020000000000000</Keywords>
<TimeCreated SystemTime="2022-02-22 21:29:43.002394"></TimeCreated>
<EventRecordID>2652</EventRecordID>
<Correlation ActivityID="" RelatedActivityID=""></Correlation>
<Execution ProcessID="4" ThreadID="44"></Execution>
<Channel>Security</Channel>
<Computer>Victim-PC</Computer>
<Security UserID=""></Security>
</System>
<EventData><Data Name="SubjectUserSid">S-1-5-18</Data>
<Data Name="SubjectUserName">VICTIM-PC$</Data>
<Data Name="SubjectDomainName">WORKGROUP</Data>
<Data Name="SubjectLogonId">0x00000000000003e7</Data>
<Data Name="Status">0x00000000</Data>
<Data Name="ProcessId">0x0000000000000f0c</Data>
<Data Name="ProcessName">C:\Windows\System32\csrss.exe</Data>
</EventData>
</Event>

