<Event xmlns="http://schemas.microsoft.com/win/2004/08/events/event"><System><Provider Name="Microsoft-Windows-Security-Auditing" Guid="{54849625-5478-4994-a5ba-3e3b0328c30d}"></Provider>
<EventID Qualifiers="">4688</EventID>
<Version>1</Version>
<Level>0</Level>
<Task>13312</Task>
<Opcode>0</Opcode>
<Keywords>0x8020000000000000</Keywords>
<TimeCreated SystemTime="2022-02-22 20:24:29.730083"></TimeCreated>
<EventRecordID>2271</EventRecordID>
<Correlation ActivityID="" RelatedActivityID=""></Correlation>
<Execution ProcessID="4" ThreadID="56"></Execution>
<Channel>Security</Channel>
<Computer>Victim-PC</Computer>
<Security UserID=""></Security>
</System>
<EventData><Data Name="SubjectUserSid">S-1-5-21-3080150547-3547025272-4171403288-1001</Data>
<Data Name="SubjectUserName">Victim</Data>
<Data Name="SubjectDomainName">Victim-PC</Data>
<Data Name="SubjectLogonId">0x000000000081b0f2</Data>
<Data Name="NewProcessId">0x00000000000012cc</Data>
<Data Name="NewProcessName">C:\Program Files\Google\Chrome\Application\chrome.exe</Data>
<Data Name="TokenElevationType">%%1938</Data>
<Data Name="ProcessId">0x0000000000000e48</Data>
<Data Name="CommandLine"></Data>
</EventData>
</Event>

<Event xmlns="http://schemas.microsoft.com/win/2004/08/events/event"><System><Provider Name="Microsoft-Windows-Security-Auditing" Guid="{54849625-5478-4994-a5ba-3e3b0328c30d}"></Provider>
<EventID Qualifiers="">4689</EventID>
<Version>0</Version>
<Level>0</Level>
<Task>13313</Task>
<Opcode>0</Opcode>
<Keywords>0x8020000000000000</Keywords>
<TimeCreated SystemTime="2022-02-22 20:24:29.779613"></TimeCreated>
<EventRecordID>2272</EventRecordID>
<Correlation ActivityID="" RelatedActivityID=""></Correlation>
<Execution ProcessID="4" ThreadID="56"></Execution>
<Channel>Security</Channel>
<Computer>Victim-PC</Computer>
<Security UserID=""></Security>
</System>
<EventData><Data Name="SubjectUserSid">S-1-5-21-3080150547-3547025272-4171403288-1001</Data>
<Data Name="SubjectUserName">Victim</Data>
<Data Name="SubjectDomainName">Victim-PC</Data>
<Data Name="SubjectLogonId">0x000000000081b0f2</Data>
<Data Name="Status">0x00000000</Data>
<Data Name="ProcessId">0x0000000000000d04</Data>
<Data Name="ProcessName">C:\Program Files\Google\Chrome\Application\chrome.exe</Data>
</EventData>
</Event>

<Event xmlns="http://schemas.microsoft.com/win/2004/08/events/event"><System><Provider Name="Microsoft-Windows-Security-Auditing" Guid="{54849625-5478-4994-a5ba-3e3b0328c30d}"></Provider>
<EventID Qualifiers="">4689</EventID>
<Version>0</Version>
<Level>0</Level>
<Task>13313</Task>
<Opcode>0</Opcode>
<Keywords>0x8020000000000000</Keywords>
<TimeCreated SystemTime="2022-02-22 20:24:29.779613"></TimeCreated>
<EventRecordID>2273</EventRecordID>
<Correlation ActivityID="" RelatedActivityID=""></Correlation>
<Execution ProcessID="4" ThreadID="56"></Execution>
<Channel>Security</Channel>
<Computer>Victim-PC</Computer>
<Security UserID=""></Security>
</System>
<EventData><Data Name="SubjectUserSid">S-1-5-21-3080150547-3547025272-4171403288-1001</Data>
<Data Name="SubjectUserName">Victim</Data>
<Data Name="SubjectDomainName">Victim-PC</Data>
<Data Name="SubjectLogonId">0x000000000081b0f2</Data>
<Data Name="Status">0x00000000</Data>
<Data Name="ProcessId">0x00000000000012cc</Data>
<Data Name="ProcessName">C:\Program Files\Google\Chrome\Application\chrome.exe</Data>
</EventData>
</Event>

<Event xmlns="http://schemas.microsoft.com/win/2004/08/events/event"><System><Provider Name="Microsoft-Windows-Security-Auditing" Guid="{54849625-5478-4994-a5ba-3e3b0328c30d}"></Provider>
<EventID Qualifiers="">4688</EventID>
<Version>1</Version>
<Level>0</Level>
<Task>13312</Task>
<Opcode>0</Opcode>
<Keywords>0x8020000000000000</Keywords>
<TimeCreated SystemTime="2022-02-22 20:24:50.030334"></TimeCreated>
<EventRecordID>2274</EventRecordID>
<Correlation ActivityID="" RelatedActivityID=""></Correlation>
<Execution ProcessID="4" ThreadID="56"></Execution>
<Channel>Security</Channel>
<Computer>Victim-PC</Computer>
<Security UserID=""></Security>
</System>
<EventData><Data Name="SubjectUserSid">S-1-5-21-3080150547-3547025272-4171403288-1001</Data>
<Data Name="SubjectUserName">Victim</Data>
<Data Name="SubjectDomainName">Victim-PC</Data>
<Data Name="SubjectLogonId">0x000000000081b0f2</Data>
<Data Name="NewProcessId">0x000000000000116c</Data>
<Data Name="NewProcessName">C:\Program Files\Google\Chrome\Application\chrome.exe</Data>
<Data Name="TokenElevationType">%%1938</Data>
<Data Name="ProcessId">0x0000000000000e48</Data>
<Data Name="CommandLine"></Data>
</EventData>
</Event>

<Event xmlns="http://schemas.microsoft.com/win/2004/08/events/event"><System><Provider Name="Microsoft-Windows-Security-Auditing" Guid="{54849625-5478-4994-a5ba-3e3b0328c30d}"></Provider>
<EventID Qualifiers="">4688</EventID>
<Version>1</Version>
<Level>0</Level>
<Task>13312</Task>
<Opcode>0</Opcode>
<Keywords>0x8020000000000000</Keywords>
<TimeCreated SystemTime="2022-02-22 20:24:53.747187"></TimeCreated>
<EventRecordID>2275</EventRecordID>
<Correlation ActivityID="" RelatedActivityID=""></Correlation>
<Execution ProcessID="4" ThreadID="56"></Execution>
<Channel>Security</Channel>
<Computer>Victim-PC</Computer>
<Security UserID=""></Security>
</System>
<EventData><Data Name="SubjectUserSid">S-1-5-21-3080150547-3547025272-4171403288-1001</Data>
<Data Name="SubjectUserName">Victim</Data>
<Data Name="SubjectDomainName">Victim-PC</Data>
<Data Name="SubjectLogonId">0x000000000081b0f2</Data>
<Data Name="NewProcessId">0x0000000000001384</Data>
<Data Name="NewProcessName">C:\Program Files\Google\Chrome\Application\chrome.exe</Data>
<Data Name="TokenElevationType">%%1938</Data>
<Data Name="ProcessId">0x0000000000000e48</Data>
<Data Name="CommandLine"></Data>
</EventData>
</Event>

<Event xmlns="http://schemas.microsoft.com/win/2004/08/events/event"><System><Provider Name="Microsoft-Windows-Security-Auditing" Guid="{54849625-5478-4994-a5ba-3e3b0328c30d}"></Provider>
<EventID Qualifiers="">4689</EventID>
<Version>0</Version>
<Level>0</Level>
<Task>13313</Task>
<Opcode>0</Opcode>
<Keywords>0x8020000000000000</Keywords>
<TimeCreated SystemTime="2022-02-22 20:24:53.860018"></TimeCreated>
<EventRecordID>2276</EventRecordID>
<Correlation ActivityID="" RelatedActivityID=""></Correlation>
<Execution ProcessID="4" ThreadID="56"></Execution>
<Channel>Security</Channel>
<Computer>Victim-PC</Computer>
<Security UserID=""></Security>
</System>
<EventData><Data Name="SubjectUserSid">S-1-5-21-3080150547-3547025272-4171403288-1001</Data>
<Data Name="SubjectUserName">Victim</Data>
<Data Name="SubjectDomainName">Victim-PC</Data>
<Data Name="SubjectLogonId">0x000000000081b0f2</Data>
<Data Name="Status">0x00000000</Data>
<Data Name="ProcessId">0x0000000000001384</Data>
<Data Name="ProcessName">C:\Program Files\Google\Chrome\Application\chrome.exe</Data>
</EventData>
</Event>

<Event xmlns="http://schemas.microsoft.com/win/2004/08/events/event"><System><Provider Name="Microsoft-Windows-Security-Auditing" Guid="{54849625-5478-4994-a5ba-3e3b0328c30d}"></Provider>
<EventID Qualifiers="">4688</EventID>
<Version>1</Version>
<Level>0</Level>
<Task>13312</Task>
<Opcode>0</Opcode>
<Keywords>0x8020000000000000</Keywords>
<TimeCreated SystemTime="2022-02-22 20:24:54.393270"></TimeCreated>
<EventRecordID>2277</EventRecordID>
<Correlation ActivityID="" RelatedActivityID=""></Correlation>
<Execution ProcessID="4" ThreadID="56"></Execution>
<Channel>Security</Channel>
<Computer>Victim-PC</Computer>
<Security UserID=""></Security>
</System>
<EventData><Data Name="SubjectUserSid">S-1-5-21-3080150547-3547025272-4171403288-1001</Data>
<Data Name="SubjectUserName">Victim</Data>
<Data Name="SubjectDomainName">Victim-PC</Data>
<Data Name="SubjectLogonId">0x000000000081b0f2</Data>
<Data Name="NewProcessId">0x0000000000000508</Data>
<Data Name="NewProcessName">C:\Users\Victim\AppData\Local\Google\Chrome\User Data\SwReporter\96.276.200\software_reporter_tool.exe</Data>
<Data Name="TokenElevationType">%%1938</Data>
<Data Name="ProcessId">0x0000000000000e48</Data>
<Data Name="CommandLine"></Data>
</EventData>
</Event>

<Event xmlns="http://schemas.microsoft.com/win/2004/08/events/event"><System><Provider Name="Microsoft-Windows-Security-Auditing" Guid="{54849625-5478-4994-a5ba-3e3b0328c30d}"></Provider>
<EventID Qualifiers="">4688</EventID>
<Version>1</Version>
<Level>0</Level>
<Task>13312</Task>
<Opcode>0</Opcode>
<Keywords>0x8020000000000000</Keywords>
<TimeCreated SystemTime="2022-02-22 20:24:54.420017"></TimeCreated>
<EventRecordID>2278</EventRecordID>
<Correlation ActivityID="" RelatedActivityID=""></Correlation>
<Execution ProcessID="4" ThreadID="56"></Execution>
<Channel>Security</Channel>
<Computer>Victim-PC</Computer>
<Security UserID=""></Security>
</System>
<EventData><Data Name="SubjectUserSid">S-1-5-21-3080150547-3547025272-4171403288-1001</Data>
<Data Name="SubjectUserName">Victim</Data>
<Data Name="SubjectDomainName">Victim-PC</Data>
<Data Name="SubjectLogonId">0x000000000081b0f2</Data>
<Data Name="NewProcessId">0x0000000000000aa8</Data>
<Data Name="NewProcessName">C:\Users\Victim\AppData\Local\Google\Chrome\User Data\SwReporter\96.276.200\software_reporter_tool.exe</Data>
<Data Name="TokenElevationType">%%1938</Data>
<Data Name="ProcessId">0x0000000000000508</Data>
<Data Name="CommandLine"></Data>
</EventData>
</Event>

<Event xmlns="http://schemas.microsoft.com/win/2004/08/events/event"><System><Provider Name="Microsoft-Windows-Security-Auditing" Guid="{54849625-5478-4994-a5ba-3e3b0328c30d}"></Provider>
<EventID Qualifiers="">4688</EventID>
<Version>1</Version>
<Level>0</Level>
<Task>13312</Task>
<Opcode>0</Opcode>
<Keywords>0x8020000000000000</Keywords>
<TimeCreated SystemTime="2022-02-22 20:24:54.553749"></TimeCreated>
<EventRecordID>2279</EventRecordID>
<Correlation ActivityID="" RelatedActivityID=""></Correlation>
<Execution ProcessID="4" ThreadID="56"></Execution>
<Channel>Security</Channel>
<Computer>Victim-PC</Computer>
<Security UserID=""></Security>
</System>
<EventData><Data Name="SubjectUserSid">S-1-5-21-3080150547-3547025272-4171403288-1001</Data>
<Data Name="SubjectUserName">Victim</Data>
<Data Name="SubjectDomainName">Victim-PC</Data>
<Data Name="SubjectLogonId">0x000000000081b0f2</Data>
<Data Name="NewProcessId">0x000000000000130c</Data>
<Data Name="NewProcessName">C:\Users\Victim\AppData\Local\Google\Chrome\User Data\SwReporter\96.276.200\software_reporter_tool.exe</Data>
<Data Name="TokenElevationType">%%1938</Data>
<Data Name="ProcessId">0x0000000000000508</Data>
<Data Name="CommandLine"></Data>
</EventData>
</Event>

<Event xmlns="http://schemas.microsoft.com/win/2004/08/events/event"><System><Provider Name="Microsoft-Windows-Security-Auditing" Guid="{54849625-5478-4994-a5ba-3e3b0328c30d}"></Provider>
<EventID Qualifiers="">4688</EventID>
<Version>1</Version>
<Level>0</Level>
<Task>13312</Task>
<Opcode>0</Opcode>
<Keywords>0x8020000000000000</Keywords>
<TimeCreated SystemTime="2022-02-22 20:24:55.326880"></TimeCreated>
<EventRecordID>2280</EventRecordID>
<Correlation ActivityID="" RelatedActivityID=""></Correlation>
<Execution ProcessID="4" ThreadID="56"></Execution>
<Channel>Security</Channel>
<Computer>Victim-PC</Computer>
<Security UserID=""></Security>
</System>
<EventData><Data Name="SubjectUserSid">S-1-5-21-3080150547-3547025272-4171403288-1001</Data>
<Data Name="SubjectUserName">Victim</Data>
<Data Name="SubjectDomainName">Victim-PC</Data>
<Data Name="SubjectLogonId">0x000000000081b0f2</Data>
<Data Name="NewProcessId">0x0000000000001188</Data>
<Data Name="NewProcessName">C:\Users\Victim\AppData\Local\Google\Chrome\User Data\SwReporter\96.276.200\software_reporter_tool.exe</Data>
<Data Name="TokenElevationType">%%1938</Data>
<Data Name="ProcessId">0x0000000000000508</Data>
<Data Name="CommandLine"></Data>
</EventData>
</Event>

<Event xmlns="http://schemas.microsoft.com/win/2004/08/events/event"><System><Provider Name="Microsoft-Windows-Security-Auditing" Guid="{54849625-5478-4994-a5ba-3e3b0328c30d}"></Provider>
<EventID Qualifiers="">4689</EventID>
<Version>0</Version>
<Level>0</Level>
<Task>13313</Task>
<Opcode>0</Opcode>
<Keywords>0x8020000000000000</Keywords>
<TimeCreated SystemTime="2022-02-22 20:24:56.889002"></TimeCreated>
<EventRecordID>2281</EventRecordID>
<Correlation ActivityID="" RelatedActivityID=""></Correlation>
<Execution ProcessID="4" ThreadID="56"></Execution>
<Channel>Security</Channel>
<Computer>Victim-PC</Computer>
<Security UserID=""></Security>
</System>
<EventData><Data Name="SubjectUserSid">S-1-5-21-3080150547-3547025272-4171403288-1001</Data>
<Data Name="SubjectUserName">Victim</Data>
<Data Name="SubjectDomainName">Victim-PC</Data>
<Data Name="SubjectLogonId">0x000000000081b0f2</Data>
<Data Name="Status">0x00000000</Data>
<Data Name="ProcessId">0x000000000000116c</Data>
<Data Name="ProcessName">C:\Program Files\Google\Chrome\Application\chrome.exe</Data>
</EventData>
</Event>

<Event xmlns="http://schemas.microsoft.com/win/2004/08/events/event"><System><Provider Name="Microsoft-Windows-Security-Auditing" Guid="{54849625-5478-4994-a5ba-3e3b0328c30d}"></Provider>
<EventID Qualifiers="">4688</EventID>
<Version>1</Version>
<Level>0</Level>
<Task>13312</Task>
<Opcode>0</Opcode>
<Keywords>0x8020000000000000</Keywords>
<TimeCreated SystemTime="2022-02-22 20:24:57.927589"></TimeCreated>
<EventRecordID>2282</EventRecordID>
<Correlation ActivityID="" RelatedActivityID=""></Correlation>
<Execution ProcessID="4" ThreadID="56"></Execution>
<Channel>Security</Channel>
<Computer>Victim-PC</Computer>
<Security UserID=""></Security>
</System>
<EventData><Data Name="SubjectUserSid">S-1-5-21-3080150547-3547025272-4171403288-1001</Data>
<Data Name="SubjectUserName">Victim</Data>
<Data Name="SubjectDomainName">Victim-PC</Data>
<Data Name="SubjectLogonId">0x000000000081b0f2</Data>
<Data Name="NewProcessId">0x00000000000009fc</Data>
<Data Name="NewProcessName">C:\Program Files\Google\Chrome\Application\chrome.exe</Data>
<Data Name="TokenElevationType">%%1938</Data>
<Data Name="ProcessId">0x0000000000000e48</Data>
<Data Name="CommandLine"></Data>
</EventData>
</Event>

<Event xmlns="http://schemas.microsoft.com/win/2004/08/events/event"><System><Provider Name="Microsoft-Windows-Security-Auditing" Guid="{54849625-5478-4994-a5ba-3e3b0328c30d}"></Provider>
<EventID Qualifiers="">4688</EventID>
<Version>1</Version>
<Level>0</Level>
<Task>13312</Task>
<Opcode>0</Opcode>
<Keywords>0x8020000000000000</Keywords>
<TimeCreated SystemTime="2022-02-22 20:24:57.963699"></TimeCreated>
<EventRecordID>2283</EventRecordID>
<Correlation ActivityID="" RelatedActivityID=""></Correlation>
<Execution ProcessID="4" ThreadID="56"></Execution>
<Channel>Security</Channel>
<Computer>Victim-PC</Computer>
<Security UserID=""></Security>
</System>
<EventData><Data Name="SubjectUserSid">S-1-5-21-3080150547-3547025272-4171403288-1001</Data>
<Data Name="SubjectUserName">Victim</Data>
<Data Name="SubjectDomainName">Victim-PC</Data>
<Data Name="SubjectLogonId">0x000000000081b0f2</Data>
<Data Name="NewProcessId">0x00000000000006fc</Data>
<Data Name="NewProcessName">C:\Program Files\Google\Chrome\Application\chrome.exe</Data>
<Data Name="TokenElevationType">%%1938</Data>
<Data Name="ProcessId">0x0000000000000e48</Data>
<Data Name="CommandLine"></Data>
</EventData>
</Event>

<Event xmlns="http://schemas.microsoft.com/win/2004/08/events/event"><System><Provider Name="Microsoft-Windows-Security-Auditing" Guid="{54849625-5478-4994-a5ba-3e3b0328c30d}"></Provider>
<EventID Qualifiers="">4689</EventID>
<Version>0</Version>
<Level>0</Level>
<Task>13313</Task>
<Opcode>0</Opcode>
<Keywords>0x8020000000000000</Keywords>
<TimeCreated SystemTime="2022-02-22 20:24:58.011841"></TimeCreated>
<EventRecordID>2284</EventRecordID>
<Correlation ActivityID="" RelatedActivityID=""></Correlation>
<Execution ProcessID="4" ThreadID="56"></Execution>
<Channel>Security</Channel>
<Computer>Victim-PC</Computer>
<Security UserID=""></Security>
</System>
<EventData><Data Name="SubjectUserSid">S-1-5-21-3080150547-3547025272-4171403288-1001</Data>
<Data Name="SubjectUserName">Victim</Data>
<Data Name="SubjectDomainName">Victim-PC</Data>
<Data Name="SubjectLogonId">0x000000000081b0f2</Data>
<Data Name="Status">0x00000000</Data>
<Data Name="ProcessId">0x00000000000009fc</Data>
<Data Name="ProcessName">C:\Program Files\Google\Chrome\Application\chrome.exe</Data>
</EventData>
</Event>

<Event xmlns="http://schemas.microsoft.com/win/2004/08/events/event"><System><Provider Name="Microsoft-Windows-Security-Auditing" Guid="{54849625-5478-4994-a5ba-3e3b0328c30d}"></Provider>
<EventID Qualifiers="">4689</EventID>
<Version>0</Version>
<Level>0</Level>
<Task>13313</Task>
<Opcode>0</Opcode>
<Keywords>0x8020000000000000</Keywords>
<TimeCreated SystemTime="2022-02-22 20:24:58.011841"></TimeCreated>
<EventRecordID>2285</EventRecordID>
<Correlation ActivityID="" RelatedActivityID=""></Correlation>
<Execution ProcessID="4" ThreadID="56"></Execution>
<Channel>Security</Channel>
<Computer>Victim-PC</Computer>
<Security UserID=""></Security>
</System>
<EventData><Data Name="SubjectUserSid">S-1-5-21-3080150547-3547025272-4171403288-1001</Data>
<Data Name="SubjectUserName">Victim</Data>
<Data Name="SubjectDomainName">Victim-PC</Data>
<Data Name="SubjectLogonId">0x000000000081b0f2</Data>
<Data Name="Status">0x00000000</Data>
<Data Name="ProcessId">0x00000000000006fc</Data>
<Data Name="ProcessName">C:\Program Files\Google\Chrome\Application\chrome.exe</Data>
</EventData>
</Event>

<Event xmlns="http://schemas.microsoft.com/win/2004/08/events/event"><System><Provider Name="Microsoft-Windows-Security-Auditing" Guid="{54849625-5478-4994-a5ba-3e3b0328c30d}"></Provider>
<EventID Qualifiers="">4689</EventID>
<Version>0</Version>
<Level>0</Level>
<Task>13313</Task>
<Opcode>0</Opcode>
<Keywords>0x8020000000000000</Keywords>
<TimeCreated SystemTime="2022-02-22 20:25:04.360689"></TimeCreated>
<EventRecordID>2286</EventRecordID>
<Correlation ActivityID="" RelatedActivityID=""></Correlation>
<Execution ProcessID="4" ThreadID="68"></Execution>
<Channel>Security</Channel>
<Computer>Victim-PC</Computer>
<Security UserID=""></Security>
</System>
<EventData><Data Name="SubjectUserSid">S-1-5-19</Data>
<Data Name="SubjectUserName">LOCAL SERVICE</Data>
<Data Name="SubjectDomainName">NT AUTHORITY</Data>
<Data Name="SubjectLogonId">0x00000000000003e5</Data>
<Data Name="Status">0xc000004b</Data>
<Data Name="ProcessId">0x0000000000000c90</Data>
<Data Name="ProcessName">C:\Windows\System32\audiodg.exe</Data>
</EventData>
</Event>

<Event xmlns="http://schemas.microsoft.com/win/2004/08/events/event"><System><Provider Name="Microsoft-Windows-Security-Auditing" Guid="{54849625-5478-4994-a5ba-3e3b0328c30d}"></Provider>
<EventID Qualifiers="">4688</EventID>
<Version>1</Version>
<Level>0</Level>
<Task>13312</Task>
<Opcode>0</Opcode>
<Keywords>0x8020000000000000</Keywords>
<TimeCreated SystemTime="2022-02-22 20:25:04.866194"></TimeCreated>
<EventRecordID>2287</EventRecordID>
<Correlation ActivityID="" RelatedActivityID=""></Correlation>
<Execution ProcessID="4" ThreadID="68"></Execution>
<Channel>Security</Channel>
<Computer>Victim-PC</Computer>
<Security UserID=""></Security>
</System>
<EventData><Data Name="SubjectUserSid">S-1-5-21-3080150547-3547025272-4171403288-1001</Data>
<Data Name="SubjectUserName">Victim</Data>
<Data Name="SubjectDomainName">Victim-PC</Data>
<Data Name="SubjectLogonId">0x000000000081b0f2</Data>
<Data Name="NewProcessId">0x0000000000000e80</Data>
<Data Name="NewProcessName">C:\Program Files\Google\Chrome\Application\chrome.exe</Data>
<Data Name="TokenElevationType">%%1938</Data>
<Data Name="ProcessId">0x0000000000000e48</Data>
<Data Name="CommandLine"></Data>
</EventData>
</Event>

<Event xmlns="http://schemas.microsoft.com/win/2004/08/events/event"><System><Provider Name="Microsoft-Windows-Security-Auditing" Guid="{54849625-5478-4994-a5ba-3e3b0328c30d}"></Provider>
<EventID Qualifiers="">4689</EventID>
<Version>0</Version>
<Level>0</Level>
<Task>13313</Task>
<Opcode>0</Opcode>
<Keywords>0x8020000000000000</Keywords>
<TimeCreated SystemTime="2022-02-22 20:25:04.938408"></TimeCreated>
<EventRecordID>2288</EventRecordID>
<Correlation ActivityID="" RelatedActivityID=""></Correlation>
<Execution ProcessID="4" ThreadID="68"></Execution>
<Channel>Security</Channel>
<Computer>Victim-PC</Computer>
<Security UserID=""></Security>
</System>
<EventData><Data Name="SubjectUserSid">S-1-5-21-3080150547-3547025272-4171403288-1001</Data>
<Data Name="SubjectUserName">Victim</Data>
<Data Name="SubjectDomainName">Victim-PC</Data>
<Data Name="SubjectLogonId">0x000000000081b0f2</Data>
<Data Name="Status">0x00000000</Data>
<Data Name="ProcessId">0x0000000000000e80</Data>
<Data Name="ProcessName">C:\Program Files\Google\Chrome\Application\chrome.exe</Data>
</EventData>
</Event>

<Event xmlns="http://schemas.microsoft.com/win/2004/08/events/event"><System><Provider Name="Microsoft-Windows-Security-Auditing" Guid="{54849625-5478-4994-a5ba-3e3b0328c30d}"></Provider>
<EventID Qualifiers="">4688</EventID>
<Version>1</Version>
<Level>0</Level>
<Task>13312</Task>
<Opcode>0</Opcode>
<Keywords>0x8020000000000000</Keywords>
<TimeCreated SystemTime="2022-02-22 20:26:36.333565"></TimeCreated>
<EventRecordID>2289</EventRecordID>
<Correlation ActivityID="" RelatedActivityID=""></Correlation>
<Execution ProcessID="4" ThreadID="68"></Execution>
<Channel>Security</Channel>
<Computer>Victim-PC</Computer>
<Security UserID=""></Security>
</System>
<EventData><Data Name="SubjectUserSid">S-1-5-18</Data>
<Data Name="SubjectUserName">VICTIM-PC$</Data>
<Data Name="SubjectDomainName">WORKGROUP</Data>
<Data Name="SubjectLogonId">0x00000000000003e7</Data>
<Data Name="NewProcessId">0x00000000000005cc</Data>
<Data Name="NewProcessName">C:\Windows\System32\taskeng.exe</Data>
<Data Name="TokenElevationType">%%1936</Data>
<Data Name="ProcessId">0x00000000000003a0</Data>
<Data Name="CommandLine"></Data>
</EventData>
</Event>

<Event xmlns="http://schemas.microsoft.com/win/2004/08/events/event"><System><Provider Name="Microsoft-Windows-Security-Auditing" Guid="{54849625-5478-4994-a5ba-3e3b0328c30d}"></Provider>
<EventID Qualifiers="">4688</EventID>
<Version>1</Version>
<Level>0</Level>
<Task>13312</Task>
<Opcode>0</Opcode>
<Keywords>0x8020000000000000</Keywords>
<TimeCreated SystemTime="2022-02-22 20:26:36.439032"></TimeCreated>
<EventRecordID>2290</EventRecordID>
<Correlation ActivityID="" RelatedActivityID=""></Correlation>
<Execution ProcessID="4" ThreadID="68"></Execution>
<Channel>Security</Channel>
<Computer>Victim-PC</Computer>
<Security UserID=""></Security>
</System>
<EventData><Data Name="SubjectUserSid">S-1-5-18</Data>
<Data Name="SubjectUserName">VICTIM-PC$</Data>
<Data Name="SubjectDomainName">WORKGROUP</Data>
<Data Name="SubjectLogonId">0x00000000000003e7</Data>
<Data Name="NewProcessId">0x0000000000000ee4</Data>
<Data Name="NewProcessName">C:\Program Files (x86)\Google\Update\GoogleUpdate.exe</Data>
<Data Name="TokenElevationType">%%1936</Data>
<Data Name="ProcessId">0x00000000000005cc</Data>
<Data Name="CommandLine"></Data>
</EventData>
</Event>

<Event xmlns="http://schemas.microsoft.com/win/2004/08/events/event"><System><Provider Name="Microsoft-Windows-Security-Auditing" Guid="{54849625-5478-4994-a5ba-3e3b0328c30d}"></Provider>
<EventID Qualifiers="">4689</EventID>
<Version>0</Version>
<Level>0</Level>
<Task>13313</Task>
<Opcode>0</Opcode>
<Keywords>0x8020000000000000</Keywords>
<TimeCreated SystemTime="2022-02-22 20:26:49.825636"></TimeCreated>
<EventRecordID>2291</EventRecordID>
<Correlation ActivityID="" RelatedActivityID=""></Correlation>
<Execution ProcessID="4" ThreadID="68"></Execution>
<Channel>Security</Channel>
<Computer>Victim-PC</Computer>
<Security UserID=""></Security>
</System>
<EventData><Data Name="SubjectUserSid">S-1-5-21-3080150547-3547025272-4171403288-1001</Data>
<Data Name="SubjectUserName">Victim</Data>
<Data Name="SubjectDomainName">Victim-PC</Data>
<Data Name="SubjectLogonId">0x000000000081b0f2</Data>
<Data Name="Status">0x00000001</Data>
<Data Name="ProcessId">0x0000000000001188</Data>
<Data Name="ProcessName">C:\Users\Victim\AppData\Local\Google\Chrome\User Data\SwReporter\96.276.200\software_reporter_tool.exe</Data>
</EventData>
</Event>

<Event xmlns="http://schemas.microsoft.com/win/2004/08/events/event"><System><Provider Name="Microsoft-Windows-Security-Auditing" Guid="{54849625-5478-4994-a5ba-3e3b0328c30d}"></Provider>
<EventID Qualifiers="">4689</EventID>
<Version>0</Version>
<Level>0</Level>
<Task>13313</Task>
<Opcode>0</Opcode>
<Keywords>0x8020000000000000</Keywords>
<TimeCreated SystemTime="2022-02-22 20:26:49.825636"></TimeCreated>
<EventRecordID>2292</EventRecordID>
<Correlation ActivityID="" RelatedActivityID=""></Correlation>
<Execution ProcessID="4" ThreadID="68"></Execution>
<Channel>Security</Channel>
<Computer>Victim-PC</Computer>
<Security UserID=""></Security>
</System>
<EventData><Data Name="SubjectUserSid">S-1-5-21-3080150547-3547025272-4171403288-1001</Data>
<Data Name="SubjectUserName">Victim</Data>
<Data Name="SubjectDomainName">Victim-PC</Data>
<Data Name="SubjectLogonId">0x000000000081b0f2</Data>
<Data Name="Status">0x00000000</Data>
<Data Name="ProcessId">0x000000000000130c</Data>
<Data Name="ProcessName">C:\Users\Victim\AppData\Local\Google\Chrome\User Data\SwReporter\96.276.200\software_reporter_tool.exe</Data>
</EventData>
</Event>

<Event xmlns="http://schemas.microsoft.com/win/2004/08/events/event"><System><Provider Name="Microsoft-Windows-Security-Auditing" Guid="{54849625-5478-4994-a5ba-3e3b0328c30d}"></Provider>
<EventID Qualifiers="">4689</EventID>
<Version>0</Version>
<Level>0</Level>
<Task>13313</Task>
<Opcode>0</Opcode>
<Keywords>0x8020000000000000</Keywords>
<TimeCreated SystemTime="2022-02-22 20:26:49.825636"></TimeCreated>
<EventRecordID>2293</EventRecordID>
<Correlation ActivityID="" RelatedActivityID=""></Correlation>
<Execution ProcessID="4" ThreadID="68"></Execution>
<Channel>Security</Channel>
<Computer>Victim-PC</Computer>
<Security UserID=""></Security>
</System>
<EventData><Data Name="SubjectUserSid">S-1-5-21-3080150547-3547025272-4171403288-1001</Data>
<Data Name="SubjectUserName">Victim</Data>
<Data Name="SubjectDomainName">Victim-PC</Data>
<Data Name="SubjectLogonId">0x000000000081b0f2</Data>
<Data Name="Status">0x00000002</Data>
<Data Name="ProcessId">0x0000000000000508</Data>
<Data Name="ProcessName">C:\Users\Victim\AppData\Local\Google\Chrome\User Data\SwReporter\96.276.200\software_reporter_tool.exe</Data>
</EventData>
</Event>

<Event xmlns="http://schemas.microsoft.com/win/2004/08/events/event"><System><Provider Name="Microsoft-Windows-Security-Auditing" Guid="{54849625-5478-4994-a5ba-3e3b0328c30d}"></Provider>
<EventID Qualifiers="">4689</EventID>
<Version>0</Version>
<Level>0</Level>
<Task>13313</Task>
<Opcode>0</Opcode>
<Keywords>0x8020000000000000</Keywords>
<TimeCreated SystemTime="2022-02-22 20:26:49.825636"></TimeCreated>
<EventRecordID>2294</EventRecordID>
<Correlation ActivityID="" RelatedActivityID=""></Correlation>
<Execution ProcessID="4" ThreadID="68"></Execution>
<Channel>Security</Channel>
<Computer>Victim-PC</Computer>
<Security UserID=""></Security>
</System>
<EventData><Data Name="SubjectUserSid">S-1-5-21-3080150547-3547025272-4171403288-1001</Data>
<Data Name="SubjectUserName">Victim</Data>
<Data Name="SubjectDomainName">Victim-PC</Data>
<Data Name="SubjectLogonId">0x000000000081b0f2</Data>
<Data Name="Status">0x00000000</Data>
<Data Name="ProcessId">0x0000000000000aa8</Data>
<Data Name="ProcessName">C:\Users\Victim\AppData\Local\Google\Chrome\User Data\SwReporter\96.276.200\software_reporter_tool.exe</Data>
</EventData>
</Event>

<Event xmlns="http://schemas.microsoft.com/win/2004/08/events/event"><System><Provider Name="Microsoft-Windows-Security-Auditing" Guid="{54849625-5478-4994-a5ba-3e3b0328c30d}"></Provider>
<EventID Qualifiers="">4688</EventID>
<Version>1</Version>
<Level>0</Level>
<Task>13312</Task>
<Opcode>0</Opcode>
<Keywords>0x8020000000000000</Keywords>
<TimeCreated SystemTime="2022-02-22 20:27:16.921034"></TimeCreated>
<EventRecordID>2295</EventRecordID>
<Correlation ActivityID="" RelatedActivityID=""></Correlation>
<Execution ProcessID="4" ThreadID="68"></Execution>
<Channel>Security</Channel>
<Computer>Victim-PC</Computer>
<Security UserID=""></Security>
</System>
<EventData><Data Name="SubjectUserSid">S-1-5-18</Data>
<Data Name="SubjectUserName">VICTIM-PC$</Data>
<Data Name="SubjectDomainName">WORKGROUP</Data>
<Data Name="SubjectLogonId">0x00000000000003e7</Data>
<Data Name="NewProcessId">0x0000000000000948</Data>
<Data Name="NewProcessName">C:\Program Files (x86)\Google\Update\GoogleUpdate.exe</Data>
<Data Name="TokenElevationType">%%1936</Data>
<Data Name="ProcessId">0x00000000000001dc</Data>
<Data Name="CommandLine"></Data>
</EventData>
</Event>

<Event xmlns="http://schemas.microsoft.com/win/2004/08/events/event"><System><Provider Name="Microsoft-Windows-Security-Auditing" Guid="{54849625-5478-4994-a5ba-3e3b0328c30d}"></Provider>
<EventID Qualifiers="">4689</EventID>
<Version>0</Version>
<Level>0</Level>
<Task>13313</Task>
<Opcode>0</Opcode>
<Keywords>0x8020000000000000</Keywords>
<TimeCreated SystemTime="2022-02-22 20:27:19.741348"></TimeCreated>
<EventRecordID>2296</EventRecordID>
<Correlation ActivityID="" RelatedActivityID=""></Correlation>
<Execution ProcessID="4" ThreadID="68"></Execution>
<Channel>Security</Channel>
<Computer>Victim-PC</Computer>
<Security UserID=""></Security>
</System>
<EventData><Data Name="SubjectUserSid">S-1-5-18</Data>
<Data Name="SubjectUserName">VICTIM-PC$</Data>
<Data Name="SubjectDomainName">WORKGROUP</Data>
<Data Name="SubjectLogonId">0x00000000000003e7</Data>
<Data Name="Status">0x00000000</Data>
<Data Name="ProcessId">0x0000000000000948</Data>
<Data Name="ProcessName">C:\Program Files (x86)\Google\Update\GoogleUpdate.exe</Data>
</EventData>
</Event>

<Event xmlns="http://schemas.microsoft.com/win/2004/08/events/event"><System><Provider Name="Microsoft-Windows-Security-Auditing" Guid="{54849625-5478-4994-a5ba-3e3b0328c30d}"></Provider>
<EventID Qualifiers="">4689</EventID>
<Version>0</Version>
<Level>0</Level>
<Task>13313</Task>
<Opcode>0</Opcode>
<Keywords>0x8020000000000000</Keywords>
<TimeCreated SystemTime="2022-02-22 20:27:19.756971"></TimeCreated>
<EventRecordID>2297</EventRecordID>
<Correlation ActivityID="" RelatedActivityID=""></Correlation>
<Execution ProcessID="4" ThreadID="68"></Execution>
<Channel>Security</Channel>
<Computer>Victim-PC</Computer>
<Security UserID=""></Security>
</System>
<EventData><Data Name="SubjectUserSid">S-1-5-18</Data>
<Data Name="SubjectUserName">VICTIM-PC$</Data>
<Data Name="SubjectDomainName">WORKGROUP</Data>
<Data Name="SubjectLogonId">0x00000000000003e7</Data>
<Data Name="Status">0x00000000</Data>
<Data Name="ProcessId">0x0000000000000ee4</Data>
<Data Name="ProcessName">C:\Program Files (x86)\Google\Update\GoogleUpdate.exe</Data>
</EventData>
</Event>

<Event xmlns="http://schemas.microsoft.com/win/2004/08/events/event"><System><Provider Name="Microsoft-Windows-Security-Auditing" Guid="{54849625-5478-4994-a5ba-3e3b0328c30d}"></Provider>
<EventID Qualifiers="">4688</EventID>
<Version>1</Version>
<Level>0</Level>
<Task>13312</Task>
<Opcode>0</Opcode>
<Keywords>0x8020000000000000</Keywords>
<TimeCreated SystemTime="2022-02-22 20:28:10.418331"></TimeCreated>
<EventRecordID>2298</EventRecordID>
<Correlation ActivityID="" RelatedActivityID=""></Correlation>
<Execution ProcessID="4" ThreadID="68"></Execution>
<Channel>Security</Channel>
<Computer>Victim-PC</Computer>
<Security UserID=""></Security>
</System>
<EventData><Data Name="SubjectUserSid">S-1-5-21-3080150547-3547025272-4171403288-1001</Data>
<Data Name="SubjectUserName">Victim</Data>
<Data Name="SubjectDomainName">Victim-PC</Data>
<Data Name="SubjectLogonId">0x000000000081b0f2</Data>
<Data Name="NewProcessId">0x0000000000000f44</Data>
<Data Name="NewProcessName">C:\Program Files\Windows Media Player\wmpnscfg.exe</Data>
<Data Name="TokenElevationType">%%1938</Data>
<Data Name="ProcessId">0x0000000000000fe0</Data>
<Data Name="CommandLine"></Data>
</EventData>
</Event>

<Event xmlns="http://schemas.microsoft.com/win/2004/08/events/event"><System><Provider Name="Microsoft-Windows-Security-Auditing" Guid="{54849625-5478-4994-a5ba-3e3b0328c30d}"></Provider>
<EventID Qualifiers="">4688</EventID>
<Version>1</Version>
<Level>0</Level>
<Task>13312</Task>
<Opcode>0</Opcode>
<Keywords>0x8020000000000000</Keywords>
<TimeCreated SystemTime="2022-02-22 20:28:10.433956"></TimeCreated>
<EventRecordID>2299</EventRecordID>
<Correlation ActivityID="" RelatedActivityID=""></Correlation>
<Execution ProcessID="4" ThreadID="68"></Execution>
<Channel>Security</Channel>
<Computer>Victim-PC</Computer>
<Security UserID=""></Security>
</System>
<EventData><Data Name="SubjectUserSid">S-1-5-18</Data>
<Data Name="SubjectUserName">VICTIM-PC$</Data>
<Data Name="SubjectDomainName">WORKGROUP</Data>
<Data Name="SubjectLogonId">0x00000000000003e7</Data>
<Data Name="NewProcessId">0x00000000000011e4</Data>
<Data Name="NewProcessName">C:\Windows\System32\slui.exe</Data>
<Data Name="TokenElevationType">%%1938</Data>
<Data Name="ProcessId">0x0000000000000254</Data>
<Data Name="CommandLine"></Data>
</EventData>
</Event>

<Event xmlns="http://schemas.microsoft.com/win/2004/08/events/event"><System><Provider Name="Microsoft-Windows-Security-Auditing" Guid="{54849625-5478-4994-a5ba-3e3b0328c30d}"></Provider>
<EventID Qualifiers="">4689</EventID>
<Version>0</Version>
<Level>0</Level>
<Task>13313</Task>
<Opcode>0</Opcode>
<Keywords>0x8020000000000000</Keywords>
<TimeCreated SystemTime="2022-02-22 20:28:10.449581"></TimeCreated>
<EventRecordID>2300</EventRecordID>
<Correlation ActivityID="" RelatedActivityID=""></Correlation>
<Execution ProcessID="4" ThreadID="68"></Execution>
<Channel>Security</Channel>
<Computer>Victim-PC</Computer>
<Security UserID=""></Security>
</System>
<EventData><Data Name="SubjectUserSid">S-1-5-21-3080150547-3547025272-4171403288-1001</Data>
<Data Name="SubjectUserName">Victim</Data>
<Data Name="SubjectDomainName">Victim-PC</Data>
<Data Name="SubjectLogonId">0x000000000081b0f2</Data>
<Data Name="Status">0x00000000</Data>
<Data Name="ProcessId">0x0000000000000f44</Data>
<Data Name="ProcessName">C:\Program Files\Windows Media Player\wmpnscfg.exe</Data>
</EventData>
</Event>

<Event xmlns="http://schemas.microsoft.com/win/2004/08/events/event"><System><Provider Name="Microsoft-Windows-Security-Auditing" Guid="{54849625-5478-4994-a5ba-3e3b0328c30d}"></Provider>
<EventID Qualifiers="">4689</EventID>
<Version>0</Version>
<Level>0</Level>
<Task>13313</Task>
<Opcode>0</Opcode>
<Keywords>0x8020000000000000</Keywords>
<TimeCreated SystemTime="2022-02-22 20:28:10.496456"></TimeCreated>
<EventRecordID>2301</EventRecordID>
<Correlation ActivityID="" RelatedActivityID=""></Correlation>
<Execution ProcessID="4" ThreadID="68"></Execution>
<Channel>Security</Channel>
<Computer>Victim-PC</Computer>
<Security UserID=""></Security>
</System>
<EventData><Data Name="SubjectUserSid">S-1-5-21-3080150547-3547025272-4171403288-1001</Data>
<Data Name="SubjectUserName">Victim</Data>
<Data Name="SubjectDomainName">Victim-PC</Data>
<Data Name="SubjectLogonId">0x000000000081b0f2</Data>
<Data Name="Status">0x00000000</Data>
<Data Name="ProcessId">0x00000000000011e4</Data>
<Data Name="ProcessName">C:\Windows\System32\slui.exe</Data>
</EventData>
</Event>

<Event xmlns="http://schemas.microsoft.com/win/2004/08/events/event"><System><Provider Name="Microsoft-Windows-Security-Auditing" Guid="{54849625-5478-4994-a5ba-3e3b0328c30d}"></Provider>
<EventID Qualifiers="">4688</EventID>
<Version>1</Version>
<Level>0</Level>
<Task>13312</Task>
<Opcode>0</Opcode>
<Keywords>0x8020000000000000</Keywords>
<TimeCreated SystemTime="2022-02-22 20:28:41.342505"></TimeCreated>
<EventRecordID>2302</EventRecordID>
<Correlation ActivityID="" RelatedActivityID=""></Correlation>
<Execution ProcessID="4" ThreadID="68"></Execution>
<Channel>Security</Channel>
<Computer>Victim-PC</Computer>
<Security UserID=""></Security>
</System>
<EventData><Data Name="SubjectUserSid">S-1-5-18</Data>
<Data Name="SubjectUserName">VICTIM-PC$</Data>
<Data Name="SubjectDomainName">WORKGROUP</Data>
<Data Name="SubjectLogonId">0x00000000000003e7</Data>
<Data Name="NewProcessId">0x0000000000001364</Data>
<Data Name="NewProcessName">C:\Program Files (x86)\Google\Update\GoogleUpdate.exe</Data>
<Data Name="TokenElevationType">%%1936</Data>
<Data Name="ProcessId">0x00000000000005cc</Data>
<Data Name="CommandLine"></Data>
</EventData>
</Event>

<Event xmlns="http://schemas.microsoft.com/win/2004/08/events/event"><System><Provider Name="Microsoft-Windows-Security-Auditing" Guid="{54849625-5478-4994-a5ba-3e3b0328c30d}"></Provider>
<EventID Qualifiers="">4689</EventID>
<Version>0</Version>
<Level>0</Level>
<Task>13313</Task>
<Opcode>0</Opcode>
<Keywords>0x8020000000000000</Keywords>
<TimeCreated SystemTime="2022-02-22 20:28:41.393551"></TimeCreated>
<EventRecordID>2303</EventRecordID>
<Correlation ActivityID="" RelatedActivityID=""></Correlation>
<Execution ProcessID="4" ThreadID="68"></Execution>
<Channel>Security</Channel>
<Computer>Victim-PC</Computer>
<Security UserID=""></Security>
</System>
<EventData><Data Name="SubjectUserSid">S-1-5-18</Data>
<Data Name="SubjectUserName">VICTIM-PC$</Data>
<Data Name="SubjectDomainName">WORKGROUP</Data>
<Data Name="SubjectLogonId">0x00000000000003e7</Data>
<Data Name="Status">0x00000000</Data>
<Data Name="ProcessId">0x0000000000001364</Data>
<Data Name="ProcessName">C:\Program Files (x86)\Google\Update\GoogleUpdate.exe</Data>
</EventData>
</Event>

<Event xmlns="http://schemas.microsoft.com/win/2004/08/events/event"><System><Provider Name="Microsoft-Windows-Security-Auditing" Guid="{54849625-5478-4994-a5ba-3e3b0328c30d}"></Provider>
<EventID Qualifiers="">4688</EventID>
<Version>1</Version>
<Level>0</Level>
<Task>13312</Task>
<Opcode>0</Opcode>
<Keywords>0x8020000000000000</Keywords>
<TimeCreated SystemTime="2022-02-22 20:30:08.833328"></TimeCreated>
<EventRecordID>2304</EventRecordID>
<Correlation ActivityID="" RelatedActivityID=""></Correlation>
<Execution ProcessID="4" ThreadID="68"></Execution>
<Channel>Security</Channel>
<Computer>Victim-PC</Computer>
<Security UserID=""></Security>
</System>
<EventData><Data Name="SubjectUserSid">S-1-5-18</Data>
<Data Name="SubjectUserName">VICTIM-PC$</Data>
<Data Name="SubjectDomainName">WORKGROUP</Data>
<Data Name="SubjectLogonId">0x00000000000003e7</Data>
<Data Name="NewProcessId">0x00000000000003e4</Data>
<Data Name="NewProcessName">C:\Windows\SysWOW64\Macromed\Flash\FlashPlayerUpdateService.exe</Data>
<Data Name="TokenElevationType">%%1936</Data>
<Data Name="ProcessId">0x00000000000005cc</Data>
<Data Name="CommandLine"></Data>
</EventData>
</Event>

<Event xmlns="http://schemas.microsoft.com/win/2004/08/events/event"><System><Provider Name="Microsoft-Windows-Security-Auditing" Guid="{54849625-5478-4994-a5ba-3e3b0328c30d}"></Provider>
<EventID Qualifiers="">4688</EventID>
<Version>1</Version>
<Level>0</Level>
<Task>13312</Task>
<Opcode>0</Opcode>
<Keywords>0x8020000000000000</Keywords>
<TimeCreated SystemTime="2022-02-22 20:30:08.833328"></TimeCreated>
<EventRecordID>2305</EventRecordID>
<Correlation ActivityID="" RelatedActivityID=""></Correlation>
<Execution ProcessID="4" ThreadID="68"></Execution>
<Channel>Security</Channel>
<Computer>Victim-PC</Computer>
<Security UserID=""></Security>
</System>
<EventData><Data Name="SubjectUserSid">S-1-5-18</Data>
<Data Name="SubjectUserName">VICTIM-PC$</Data>
<Data Name="SubjectDomainName">WORKGROUP</Data>
<Data Name="SubjectLogonId">0x00000000000003e7</Data>
<Data Name="NewProcessId">0x0000000000000618</Data>
<Data Name="NewProcessName">C:\Windows\System32\conhost.exe</Data>
<Data Name="TokenElevationType">%%1936</Data>
<Data Name="ProcessId">0x0000000000000158</Data>
<Data Name="CommandLine"></Data>
</EventData>
</Event>

<Event xmlns="http://schemas.microsoft.com/win/2004/08/events/event"><System><Provider Name="Microsoft-Windows-Security-Auditing" Guid="{54849625-5478-4994-a5ba-3e3b0328c30d}"></Provider>
<EventID Qualifiers="">4688</EventID>
<Version>1</Version>
<Level>0</Level>
<Task>13312</Task>
<Opcode>0</Opcode>
<Keywords>0x8020000000000000</Keywords>
<TimeCreated SystemTime="2022-02-22 20:30:08.848953"></TimeCreated>
<EventRecordID>2306</EventRecordID>
<Correlation ActivityID="" RelatedActivityID=""></Correlation>
<Execution ProcessID="4" ThreadID="68"></Execution>
<Channel>Security</Channel>
<Computer>Victim-PC</Computer>
<Security UserID=""></Security>
</System>
<EventData><Data Name="SubjectUserSid">S-1-5-18</Data>
<Data Name="SubjectUserName">VICTIM-PC$</Data>
<Data Name="SubjectDomainName">WORKGROUP</Data>
<Data Name="SubjectLogonId">0x00000000000003e7</Data>
<Data Name="NewProcessId">0x00000000000001b4</Data>
<Data Name="NewProcessName">C:\Windows\SysWOW64\Macromed\Flash\FlashPlayerUpdateService.exe</Data>
<Data Name="TokenElevationType">%%1936</Data>
<Data Name="ProcessId">0x00000000000001dc</Data>
<Data Name="CommandLine"></Data>
</EventData>
</Event>

<Event xmlns="http://schemas.microsoft.com/win/2004/08/events/event"><System><Provider Name="Microsoft-Windows-Security-Auditing" Guid="{54849625-5478-4994-a5ba-3e3b0328c30d}"></Provider>
<EventID Qualifiers="">4689</EventID>
<Version>0</Version>
<Level>0</Level>
<Task>13313</Task>
<Opcode>0</Opcode>
<Keywords>0x8020000000000000</Keywords>
<TimeCreated SystemTime="2022-02-22 20:30:08.848953"></TimeCreated>
<EventRecordID>2307</EventRecordID>
<Correlation ActivityID="" RelatedActivityID=""></Correlation>
<Execution ProcessID="4" ThreadID="68"></Execution>
<Channel>Security</Channel>
<Computer>Victim-PC</Computer>
<Security UserID=""></Security>
</System>
<EventData><Data Name="SubjectUserSid">S-1-5-18</Data>
<Data Name="SubjectUserName">VICTIM-PC$</Data>
<Data Name="SubjectDomainName">WORKGROUP</Data>
<Data Name="SubjectLogonId">0x00000000000003e7</Data>
<Data Name="Status">0x00000000</Data>
<Data Name="ProcessId">0x00000000000001b4</Data>
<Data Name="ProcessName">C:\Windows\SysWOW64\Macromed\Flash\FlashPlayerUpdateService.exe</Data>
</EventData>
</Event>

<Event xmlns="http://schemas.microsoft.com/win/2004/08/events/event"><System><Provider Name="Microsoft-Windows-Security-Auditing" Guid="{54849625-5478-4994-a5ba-3e3b0328c30d}"></Provider>
<EventID Qualifiers="">4689</EventID>
<Version>0</Version>
<Level>0</Level>
<Task>13313</Task>
<Opcode>0</Opcode>
<Keywords>0x8020000000000000</Keywords>
<TimeCreated SystemTime="2022-02-22 20:30:08.848953"></TimeCreated>
<EventRecordID>2308</EventRecordID>
<Correlation ActivityID="" RelatedActivityID=""></Correlation>
<Execution ProcessID="4" ThreadID="68"></Execution>
<Channel>Security</Channel>
<Computer>Victim-PC</Computer>
<Security UserID=""></Security>
</System>
<EventData><Data Name="SubjectUserSid">S-1-5-18</Data>
<Data Name="SubjectUserName">VICTIM-PC$</Data>
<Data Name="SubjectDomainName">WORKGROUP</Data>
<Data Name="SubjectLogonId">0x00000000000003e7</Data>
<Data Name="Status">0x00000000</Data>
<Data Name="ProcessId">0x00000000000003e4</Data>
<Data Name="ProcessName">C:\Windows\SysWOW64\Macromed\Flash\FlashPlayerUpdateService.exe</Data>
</EventData>
</Event>

<Event xmlns="http://schemas.microsoft.com/win/2004/08/events/event"><System><Provider Name="Microsoft-Windows-Security-Auditing" Guid="{54849625-5478-4994-a5ba-3e3b0328c30d}"></Provider>
<EventID Qualifiers="">4689</EventID>
<Version>0</Version>
<Level>0</Level>
<Task>13313</Task>
<Opcode>0</Opcode>
<Keywords>0x8020000000000000</Keywords>
<TimeCreated SystemTime="2022-02-22 20:30:08.848953"></TimeCreated>
<EventRecordID>2309</EventRecordID>
<Correlation ActivityID="" RelatedActivityID=""></Correlation>
<Execution ProcessID="4" ThreadID="68"></Execution>
<Channel>Security</Channel>
<Computer>Victim-PC</Computer>
<Security UserID=""></Security>
</System>
<EventData><Data Name="SubjectUserSid">S-1-5-18</Data>
<Data Name="SubjectUserName">VICTIM-PC$</Data>
<Data Name="SubjectDomainName">WORKGROUP</Data>
<Data Name="SubjectLogonId">0x00000000000003e7</Data>
<Data Name="Status">0x00000000</Data>
<Data Name="ProcessId">0x0000000000000618</Data>
<Data Name="ProcessName">C:\Windows\System32\conhost.exe</Data>
</EventData>
</Event>

<Event xmlns="http://schemas.microsoft.com/win/2004/08/events/event"><System><Provider Name="Microsoft-Windows-Security-Auditing" Guid="{54849625-5478-4994-a5ba-3e3b0328c30d}"></Provider>
<EventID Qualifiers="">4689</EventID>
<Version>0</Version>
<Level>0</Level>
<Task>13313</Task>
<Opcode>0</Opcode>
<Keywords>0x8020000000000000</Keywords>
<TimeCreated SystemTime="2022-02-22 20:30:12.661453"></TimeCreated>
<EventRecordID>2310</EventRecordID>
<Correlation ActivityID="" RelatedActivityID=""></Correlation>
<Execution ProcessID="4" ThreadID="68"></Execution>
<Channel>Security</Channel>
<Computer>Victim-PC</Computer>
<Security UserID=""></Security>
</System>
<EventData><Data Name="SubjectUserSid">S-1-5-21-3080150547-3547025272-4171403288-1001</Data>
<Data Name="SubjectUserName">Victim</Data>
<Data Name="SubjectDomainName">Victim-PC</Data>
<Data Name="SubjectLogonId">0x000000000081b0f2</Data>
<Data Name="Status">0x00000000</Data>
<Data Name="ProcessId">0x0000000000000f18</Data>
<Data Name="ProcessName">C:\Program Files\Google\Chrome\Application\chrome.exe</Data>
</EventData>
</Event>

<Event xmlns="http://schemas.microsoft.com/win/2004/08/events/event"><System><Provider Name="Microsoft-Windows-Security-Auditing" Guid="{54849625-5478-4994-a5ba-3e3b0328c30d}"></Provider>
<EventID Qualifiers="">4688</EventID>
<Version>1</Version>
<Level>0</Level>
<Task>13312</Task>
<Opcode>0</Opcode>
<Keywords>0x8020000000000000</Keywords>
<TimeCreated SystemTime="2022-02-22 20:30:58.501297"></TimeCreated>
<EventRecordID>2311</EventRecordID>
<Correlation ActivityID="" RelatedActivityID=""></Correlation>
<Execution ProcessID="4" ThreadID="68"></Execution>
<Channel>Security</Channel>
<Computer>Victim-PC</Computer>
<Security UserID=""></Security>
</System>
<EventData><Data Name="SubjectUserSid">S-1-5-21-3080150547-3547025272-4171403288-1001</Data>
<Data Name="SubjectUserName">Victim</Data>
<Data Name="SubjectDomainName">Victim-PC</Data>
<Data Name="SubjectLogonId">0x000000000081b0f2</Data>
<Data Name="NewProcessId">0x000000000000093c</Data>
<Data Name="NewProcessName">C:\Program Files\Google\Chrome\Application\chrome.exe</Data>
<Data Name="TokenElevationType">%%1938</Data>
<Data Name="ProcessId">0x0000000000000e48</Data>
<Data Name="CommandLine"></Data>
</EventData>
</Event>

<Event xmlns="http://schemas.microsoft.com/win/2004/08/events/event"><System><Provider Name="Microsoft-Windows-Security-Auditing" Guid="{54849625-5478-4994-a5ba-3e3b0328c30d}"></Provider>
<EventID Qualifiers="">4688</EventID>
<Version>1</Version>
<Level>0</Level>
<Task>13312</Task>
<Opcode>0</Opcode>
<Keywords>0x8020000000000000</Keywords>
<TimeCreated SystemTime="2022-02-22 20:30:58.790359"></TimeCreated>
<EventRecordID>2312</EventRecordID>
<Correlation ActivityID="" RelatedActivityID=""></Correlation>
<Execution ProcessID="4" ThreadID="68"></Execution>
<Channel>Security</Channel>
<Computer>Victim-PC</Computer>
<Security UserID=""></Security>
</System>
<EventData><Data Name="SubjectUserSid">S-1-5-21-3080150547-3547025272-4171403288-1001</Data>
<Data Name="SubjectUserName">Victim</Data>
<Data Name="SubjectDomainName">Victim-PC</Data>
<Data Name="SubjectLogonId">0x000000000081b0f2</Data>
<Data Name="NewProcessId">0x0000000000000bc0</Data>
<Data Name="NewProcessName">C:\Program Files\Google\Chrome\Application\chrome.exe</Data>
<Data Name="TokenElevationType">%%1938</Data>
<Data Name="ProcessId">0x0000000000000e48</Data>
<Data Name="CommandLine"></Data>
</EventData>
</Event>

<Event xmlns="http://schemas.microsoft.com/win/2004/08/events/event"><System><Provider Name="Microsoft-Windows-Security-Auditing" Guid="{54849625-5478-4994-a5ba-3e3b0328c30d}"></Provider>
<EventID Qualifiers="">4688</EventID>
<Version>1</Version>
<Level>0</Level>
<Task>13312</Task>
<Opcode>0</Opcode>
<Keywords>0x8020000000000000</Keywords>
<TimeCreated SystemTime="2022-02-22 20:30:59.025711"></TimeCreated>
<EventRecordID>2313</EventRecordID>
<Correlation ActivityID="" RelatedActivityID=""></Correlation>
<Execution ProcessID="4" ThreadID="68"></Execution>
<Channel>Security</Channel>
<Computer>Victim-PC</Computer>
<Security UserID=""></Security>
</System>
<EventData><Data Name="SubjectUserSid">S-1-5-21-3080150547-3547025272-4171403288-1001</Data>
<Data Name="SubjectUserName">Victim</Data>
<Data Name="SubjectDomainName">Victim-PC</Data>
<Data Name="SubjectLogonId">0x000000000081b0f2</Data>
<Data Name="NewProcessId">0x0000000000000994</Data>
<Data Name="NewProcessName">C:\Program Files\Google\Chrome\Application\chrome.exe</Data>
<Data Name="TokenElevationType">%%1938</Data>
<Data Name="ProcessId">0x0000000000000e48</Data>
<Data Name="CommandLine"></Data>
</EventData>
</Event>

